{"total": {"lines":{"total":472,"covered":472,"skipped":0,"pct":100},"statements":{"total":472,"covered":472,"skipped":0,"pct":100},"functions":{"total":27,"covered":23,"skipped":0,"pct":85.18},"branches":{"total":83,"covered":83,"skipped":0,"pct":100},"branchesTrue":{"total":0,"covered":0,"skipped":0,"pct":100}}
,"/Users/scottrobinson/Desktop/website/app/dashboard/homeowners/[id]/RemindersPanel.tsx": {"lines":{"total":219,"covered":219,"skipped":0,"pct":100},"functions":{"total":16,"covered":13,"skipped":0,"pct":81.25},"statements":{"total":219,"covered":219,"skipped":0,"pct":100},"branches":{"total":39,"covered":39,"skipped":0,"pct":100}}
,"/Users/scottrobinson/Desktop/website/app/sms-enrollment/SmsEnrollmentForm.tsx": {"lines":{"total":253,"covered":253,"skipped":0,"pct":100},"functions":{"total":11,"covered":10,"skipped":0,"pct":90.9},"statements":{"total":253,"covered":253,"skipped":0,"pct":100},"branches":{"total":44,"covered":44,"skipped":0,"pct":100}}
}
