{"/Users/scottrobinson/Desktop/website/middleware.ts": {"path":"/Users/scottrobinson/Desktop/website/middleware.ts","all":false,"statementMap":{"0":{"start":{"line":1,"column":0},"end":{"line":1,"column":70}},"1":{"start":{"line":2,"column":0},"end":{"line":2,"column":60}},"2":{"start":{"line":3,"column":0},"end":{"line":3,"column":0}},"3":{"start":{"line":4,"column":0},"end":{"line":4,"column":56}},"4":{"start":{"line":5,"column":0},"end":{"line":5,"column":55}},"5":{"start":{"line":6,"column":0},"end":{"line":6,"column":0}},"6":{"start":{"line":7,"column":0},"end":{"line":7,"column":38}},"7":{"start":{"line":8,"column":0},"end":{"line":8,"column":42}},"8":{"start":{"line":9,"column":0},"end":{"line":9,"column":47}},"9":{"start":{"line":10,"column":0},"end":{"line":10,"column":5}},"10":{"start":{"line":11,"column":0},"end":{"line":11,"column":16}},"11":{"start":{"line":12,"column":0},"end":{"line":12,"column":18}},"12":{"start":{"line":13,"column":0},"end":{"line":13,"column":41}},"13":{"start":{"line":14,"column":0},"end":{"line":14,"column":10}},"14":{"start":{"line":15,"column":0},"end":{"line":15,"column":60}},"15":{"start":{"line":16,"column":0},"end":{"line":16,"column":85}},"16":{"start":{"line":17,"column":0},"end":{"line":17,"column":59}},"17":{"start":{"line":18,"column":0},"end":{"line":18,"column":60}},"18":{"start":{"line":19,"column":0},"end":{"line":19,"column":62}},"19":{"start":{"line":20,"column":0},"end":{"line":20,"column":11}},"20":{"start":{"line":21,"column":0},"end":{"line":21,"column":10}},"21":{"start":{"line":22,"column":0},"end":{"line":22,"column":8}},"22":{"start":{"line":23,"column":0},"end":{"line":23,"column":5}},"23":{"start":{"line":24,"column":0},"end":{"line":24,"column":3}},"24":{"start":{"line":25,"column":0},"end":{"line":25,"column":0}},"25":{"start":{"line":26,"column":0},"end":{"line":26,"column":58}},"26":{"start":{"line":27,"column":0},"end":{"line":27,"column":0}},"27":{"start":{"line":28,"column":0},"end":{"line":28,"column":67}},"28":{"start":{"line":29,"column":0},"end":{"line":29,"column":78}},"29":{"start":{"line":30,"column":0},"end":{"line":30,"column":61}},"30":{"start":{"line":31,"column":0},"end":{"line":31,"column":82}},"31":{"start":{"line":32,"column":0},"end":{"line":32,"column":55}},"32":{"start":{"line":33,"column":0},"end":{"line":33,"column":42}},"33":{"start":{"line":34,"column":0},"end":{"line":34,"column":5}},"34":{"start":{"line":35,"column":0},"end":{"line":35,"column":27}},"35":{"start":{"line":36,"column":0},"end":{"line":36,"column":3}},"36":{"start":{"line":37,"column":0},"end":{"line":37,"column":0}},"37":{"start":{"line":38,"column":0},"end":{"line":38,"column":54}},"38":{"start":{"line":39,"column":0},"end":{"line":39,"column":65}},"39":{"start":{"line":40,"column":0},"end":{"line":40,"column":81}},"40":{"start":{"line":41,"column":0},"end":{"line":41,"column":80}},"41":{"start":{"line":42,"column":0},"end":{"line":42,"column":86}},"42":{"start":{"line":43,"column":0},"end":{"line":43,"column":55}},"43":{"start":{"line":44,"column":0},"end":{"line":44,"column":42}},"44":{"start":{"line":45,"column":0},"end":{"line":45,"column":5}},"45":{"start":{"line":46,"column":0},"end":{"line":46,"column":27}},"46":{"start":{"line":47,"column":0},"end":{"line":47,"column":3}},"47":{"start":{"line":48,"column":0},"end":{"line":48,"column":0}},"48":{"start":{"line":49,"column":0},"end":{"line":49,"column":25}},"49":{"start":{"line":50,"column":0},"end":{"line":50,"column":1}},"50":{"start":{"line":51,"column":0},"end":{"line":51,"column":0}},"51":{"start":{"line":52,"column":0},"end":{"line":52,"column":23}},"52":{"start":{"line":53,"column":0},"end":{"line":53,"column":63}},"53":{"start":{"line":54,"column":0},"end":{"line":54,"column":1}}},"s":{"0":1,"1":1,"2":1,"3":1,"4":11,"5":11,"6":11,"7":11,"8":11,"9":11,"10":11,"11":11,"12":1,"13":1,"14":11,"15":3,"16":3,"17":3,"18":3,"19":3,"20":3,"21":11,"22":11,"23":11,"24":11,"25":11,"26":11,"27":11,"28":3,"29":3,"30":3,"31":3,"32":1,"33":3,"34":3,"35":3,"36":8,"37":8,"38":11,"39":4,"40":4,"41":4,"42":4,"43":2,"44":4,"45":4,"46":4,"47":4,"48":4,"49":4,"50":1,"51":1,"52":1,"53":1},"branchMap":{"0":{"type":"branch","line":4,"loc":{"start":{"line":4,"column":7},"end":{"line":50,"column":1}},"locations":[{"start":{"line":4,"column":7},"end":{"line":50,"column":1}}]},"1":{"type":"branch","line":28,"loc":{"start":{"line":28,"column":7},"end":{"line":28,"column":66}},"locations":[{"start":{"line":28,"column":7},"end":{"line":28,"column":66}}]},"2":{"type":"branch","line":28,"loc":{"start":{"line":28,"column":66},"end":{"line":36,"column":3}},"locations":[{"start":{"line":28,"column":66},"end":{"line":36,"column":3}}]},"3":{"type":"branch","line":36,"loc":{"start":{"line":36,"column":2},"end":{"line":39,"column":14}},"locations":[{"start":{"line":36,"column":2},"end":{"line":39,"column":14}}]},"4":{"type":"branch","line":39,"loc":{"start":{"line":39,"column":6},"end":{"line":39,"column":64}},"locations":[{"start":{"line":39,"column":6},"end":{"line":39,"column":64}}]},"5":{"type":"branch","line":39,"loc":{"start":{"line":39,"column":64},"end":{"line":50,"column":1}},"locations":[{"start":{"line":39,"column":64},"end":{"line":50,"column":1}}]},"6":{"type":"branch","line":12,"loc":{"start":{"line":12,"column":8},"end":{"line":14,"column":10}},"locations":[{"start":{"line":12,"column":8},"end":{"line":14,"column":10}}]},"7":{"type":"branch","line":15,"loc":{"start":{"line":15,"column":8},"end":{"line":21,"column":10}},"locations":[{"start":{"line":15,"column":8},"end":{"line":21,"column":10}}]},"8":{"type":"branch","line":16,"loc":{"start":{"line":16,"column":31},"end":{"line":16,"column":85}},"locations":[{"start":{"line":16,"column":31},"end":{"line":16,"column":85}}]},"9":{"type":"branch","line":18,"loc":{"start":{"line":18,"column":31},"end":{"line":19,"column":62}},"locations":[{"start":{"line":18,"column":31},"end":{"line":19,"column":62}}]},"10":{"type":"branch","line":32,"loc":{"start":{"line":32,"column":46},"end":{"line":33,"column":42}},"locations":[{"start":{"line":32,"column":46},"end":{"line":33,"column":42}}]},"11":{"type":"branch","line":43,"loc":{"start":{"line":43,"column":46},"end":{"line":44,"column":42}},"locations":[{"start":{"line":43,"column":46},"end":{"line":44,"column":42}}]}},"b":{"0":[11],"1":[6],"2":[3],"3":[8],"4":[5],"5":[4],"6":[1],"7":[3],"8":[3],"9":[3],"10":[1],"11":[2]},"fnMap":{"0":{"name":"middleware","decl":{"start":{"line":4,"column":7},"end":{"line":50,"column":1}},"loc":{"start":{"line":4,"column":7},"end":{"line":50,"column":1}},"line":4},"1":{"name":"getAll","decl":{"start":{"line":12,"column":8},"end":{"line":14,"column":10}},"loc":{"start":{"line":12,"column":8},"end":{"line":14,"column":10}},"line":12},"2":{"name":"setAll","decl":{"start":{"line":15,"column":8},"end":{"line":21,"column":10}},"loc":{"start":{"line":15,"column":8},"end":{"line":21,"column":10}},"line":15}},"f":{"0":11,"1":1,"2":3}}
,"/Users/scottrobinson/Desktop/website/app/layout.tsx": {"path":"/Users/scottrobinson/Desktop/website/app/layout.tsx","all":false,"statementMap":{"0":{"start":{"line":1,"column":0},"end":{"line":1,"column":36}},"1":{"start":{"line":2,"column":0},"end":{"line":2,"column":40}},"2":{"start":{"line":3,"column":0},"end":{"line":3,"column":22}},"3":{"start":{"line":4,"column":0},"end":{"line":4,"column":0}},"4":{"start":{"line":5,"column":0},"end":{"line":5,"column":43}},"5":{"start":{"line":6,"column":0},"end":{"line":6,"column":0}},"6":{"start":{"line":7,"column":0},"end":{"line":7,"column":35}},"7":{"start":{"line":8,"column":0},"end":{"line":8,"column":84}},"8":{"start":{"line":9,"column":0},"end":{"line":9,"column":46}},"9":{"start":{"line":10,"column":0},"end":{"line":10,"column":14}},"10":{"start":{"line":11,"column":0},"end":{"line":11,"column":185}},"11":{"start":{"line":12,"column":0},"end":{"line":12,"column":14}},"12":{"start":{"line":13,"column":0},"end":{"line":13,"column":48}},"13":{"start":{"line":14,"column":0},"end":{"line":14,"column":16}},"14":{"start":{"line":15,"column":0},"end":{"line":15,"column":96}},"15":{"start":{"line":16,"column":0},"end":{"line":16,"column":20}},"16":{"start":{"line":17,"column":0},"end":{"line":17,"column":81}},"17":{"start":{"line":18,"column":0},"end":{"line":18,"column":4}},"18":{"start":{"line":19,"column":0},"end":{"line":19,"column":10}},"19":{"start":{"line":20,"column":0},"end":{"line":20,"column":71}},"20":{"start":{"line":21,"column":0},"end":{"line":21,"column":4}},"21":{"start":{"line":22,"column":0},"end":{"line":22,"column":1}},"22":{"start":{"line":23,"column":0},"end":{"line":23,"column":0}},"23":{"start":{"line":24,"column":0},"end":{"line":24,"column":36}},"24":{"start":{"line":25,"column":0},"end":{"line":25,"column":11}},"25":{"start":{"line":26,"column":0},"end":{"line":26,"column":4}},"26":{"start":{"line":27,"column":0},"end":{"line":27,"column":27}},"27":{"start":{"line":28,"column":0},"end":{"line":28,"column":4}},"28":{"start":{"line":29,"column":0},"end":{"line":29,"column":10}},"29":{"start":{"line":30,"column":0},"end":{"line":30,"column":46}},"30":{"start":{"line":31,"column":0},"end":{"line":31,"column":57}},"31":{"start":{"line":32,"column":0},"end":{"line":32,"column":11}},"32":{"start":{"line":33,"column":0},"end":{"line":33,"column":3}},"33":{"start":{"line":34,"column":0},"end":{"line":34,"column":1}}},"s":{"0":1,"1":1,"2":1,"3":1,"4":1,"5":1,"6":1,"7":1,"8":1,"9":1,"10":1,"11":1,"12":1,"13":1,"14":1,"15":1,"16":1,"17":1,"18":1,"19":1,"20":1,"21":1,"22":1,"23":1,"24":4,"25":4,"26":4,"27":4,"28":4,"29":4,"30":4,"31":4,"32":4,"33":4},"branchMap":{"0":{"type":"branch","line":8,"loc":{"start":{"line":8,"column":56},"end":{"line":8,"column":84}},"locations":[{"start":{"line":8,"column":56},"end":{"line":8,"column":84}}]},"1":{"type":"branch","line":24,"loc":{"start":{"line":24,"column":15},"end":{"line":34,"column":1}},"locations":[{"start":{"line":24,"column":15},"end":{"line":34,"column":1}}]}},"b":{"0":[2],"1":[4]},"fnMap":{"0":{"name":"RootLayout","decl":{"start":{"line":24,"column":15},"end":{"line":34,"column":1}},"loc":{"start":{"line":24,"column":15},"end":{"line":34,"column":1}},"line":24}},"f":{"0":4}}
,"/Users/scottrobinson/Desktop/website/app/opengraph-image.tsx": {"path":"/Users/scottrobinson/Desktop/website/app/opengraph-image.tsx","all":false,"statementMap":{"0":{"start":{"line":1,"column":0},"end":{"line":1,"column":39}},"1":{"start":{"line":2,"column":0},"end":{"line":2,"column":0}},"2":{"start":{"line":3,"column":0},"end":{"line":3,"column":29}},"3":{"start":{"line":4,"column":0},"end":{"line":4,"column":55}},"4":{"start":{"line":5,"column":0},"end":{"line":5,"column":48}},"5":{"start":{"line":6,"column":0},"end":{"line":6,"column":38}},"6":{"start":{"line":7,"column":0},"end":{"line":7,"column":0}},"7":{"start":{"line":8,"column":0},"end":{"line":8,"column":35}},"8":{"start":{"line":9,"column":0},"end":{"line":9,"column":27}},"9":{"start":{"line":10,"column":0},"end":{"line":10,"column":5}},"10":{"start":{"line":11,"column":0},"end":{"line":11,"column":10}},"11":{"start":{"line":12,"column":0},"end":{"line":12,"column":16}},"12":{"start":{"line":13,"column":0},"end":{"line":13,"column":32}},"13":{"start":{"line":14,"column":0},"end":{"line":14,"column":24}},"14":{"start":{"line":15,"column":0},"end":{"line":15,"column":25}},"15":{"start":{"line":16,"column":0},"end":{"line":16,"column":26}},"16":{"start":{"line":17,"column":0},"end":{"line":17,"column":34}},"17":{"start":{"line":18,"column":0},"end":{"line":18,"column":31}},"18":{"start":{"line":19,"column":0},"end":{"line":19,"column":35}},"19":{"start":{"line":20,"column":0},"end":{"line":20,"column":26}},"20":{"start":{"line":21,"column":0},"end":{"line":21,"column":35}},"21":{"start":{"line":22,"column":0},"end":{"line":22,"column":10}},"22":{"start":{"line":23,"column":0},"end":{"line":23,"column":7}},"23":{"start":{"line":24,"column":0},"end":{"line":24,"column":26}},"24":{"start":{"line":25,"column":0},"end":{"line":25,"column":12}},"25":{"start":{"line":26,"column":0},"end":{"line":26,"column":18}},"26":{"start":{"line":27,"column":0},"end":{"line":27,"column":25}},"27":{"start":{"line":28,"column":0},"end":{"line":28,"column":28}},"28":{"start":{"line":29,"column":0},"end":{"line":29,"column":29}},"29":{"start":{"line":30,"column":0},"end":{"line":30,"column":34}},"30":{"start":{"line":31,"column":0},"end":{"line":31,"column":29}},"31":{"start":{"line":32,"column":0},"end":{"line":32,"column":12}},"32":{"start":{"line":33,"column":0},"end":{"line":33,"column":9}},"33":{"start":{"line":34,"column":0},"end":{"line":34,"column":15}},"34":{"start":{"line":35,"column":0},"end":{"line":35,"column":14}},"35":{"start":{"line":36,"column":0},"end":{"line":36,"column":0}},"36":{"start":{"line":37,"column":0},"end":{"line":37,"column":24}},"37":{"start":{"line":38,"column":0},"end":{"line":38,"column":12}},"38":{"start":{"line":39,"column":0},"end":{"line":39,"column":18}},"39":{"start":{"line":40,"column":0},"end":{"line":40,"column":25}},"40":{"start":{"line":41,"column":0},"end":{"line":41,"column":28}},"41":{"start":{"line":42,"column":0},"end":{"line":42,"column":29}},"42":{"start":{"line":43,"column":0},"end":{"line":43,"column":32}},"43":{"start":{"line":44,"column":0},"end":{"line":44,"column":28}},"44":{"start":{"line":45,"column":0},"end":{"line":45,"column":29}},"45":{"start":{"line":46,"column":0},"end":{"line":46,"column":26}},"46":{"start":{"line":47,"column":0},"end":{"line":47,"column":12}},"47":{"start":{"line":48,"column":0},"end":{"line":48,"column":9}},"48":{"start":{"line":49,"column":0},"end":{"line":49,"column":36}},"49":{"start":{"line":50,"column":0},"end":{"line":50,"column":14}},"50":{"start":{"line":51,"column":0},"end":{"line":51,"column":0}},"51":{"start":{"line":52,"column":0},"end":{"line":52,"column":23}},"52":{"start":{"line":53,"column":0},"end":{"line":53,"column":12}},"53":{"start":{"line":54,"column":0},"end":{"line":54,"column":18}},"54":{"start":{"line":55,"column":0},"end":{"line":55,"column":25}},"55":{"start":{"line":56,"column":0},"end":{"line":56,"column":29}},"56":{"start":{"line":57,"column":0},"end":{"line":57,"column":32}},"57":{"start":{"line":58,"column":0},"end":{"line":58,"column":26}},"58":{"start":{"line":59,"column":0},"end":{"line":59,"column":28}},"59":{"start":{"line":60,"column":0},"end":{"line":60,"column":12}},"60":{"start":{"line":61,"column":0},"end":{"line":61,"column":9}},"61":{"start":{"line":62,"column":0},"end":{"line":62,"column":131}},"62":{"start":{"line":63,"column":0},"end":{"line":63,"column":14}},"63":{"start":{"line":64,"column":0},"end":{"line":64,"column":0}},"64":{"start":{"line":65,"column":0},"end":{"line":65,"column":28}},"65":{"start":{"line":66,"column":0},"end":{"line":66,"column":12}},"66":{"start":{"line":67,"column":0},"end":{"line":67,"column":18}},"67":{"start":{"line":68,"column":0},"end":{"line":68,"column":26}},"68":{"start":{"line":69,"column":0},"end":{"line":69,"column":33}},"69":{"start":{"line":70,"column":0},"end":{"line":70,"column":30}},"70":{"start":{"line":71,"column":0},"end":{"line":71,"column":42}},"71":{"start":{"line":72,"column":0},"end":{"line":72,"column":29}},"72":{"start":{"line":73,"column":0},"end":{"line":73,"column":25}},"73":{"start":{"line":74,"column":0},"end":{"line":74,"column":28}},"74":{"start":{"line":75,"column":0},"end":{"line":75,"column":36}},"75":{"start":{"line":76,"column":0},"end":{"line":76,"column":12}},"76":{"start":{"line":77,"column":0},"end":{"line":77,"column":9}},"77":{"start":{"line":78,"column":0},"end":{"line":78,"column":44}},"78":{"start":{"line":79,"column":0},"end":{"line":79,"column":14}},"79":{"start":{"line":80,"column":0},"end":{"line":80,"column":12}},"80":{"start":{"line":81,"column":0},"end":{"line":81,"column":6}},"81":{"start":{"line":82,"column":0},"end":{"line":82,"column":15}},"82":{"start":{"line":83,"column":0},"end":{"line":83,"column":3}},"83":{"start":{"line":84,"column":0},"end":{"line":84,"column":1}}},"s":{"0":1,"1":1,"2":1,"3":1,"4":1,"5":1,"6":1,"7":1,"8":3,"9":3,"10":3,"11":3,"12":3,"13":3,"14":3,"15":3,"16":3,"17":3,"18":3,"19":3,"20":3,"21":3,"22":3,"23":3,"24":3,"25":3,"26":3,"27":3,"28":3,"29":3,"30":3,"31":3,"32":3,"33":3,"34":3,"35":3,"36":3,"37":3,"38":3,"39":3,"40":3,"41":3,"42":3,"43":3,"44":3,"45":3,"46":3,"47":3,"48":3,"49":3,"50":3,"51":3,"52":3,"53":3,"54":3,"55":3,"56":3,"57":3,"58":3,"59":3,"60":3,"61":3,"62":3,"63":3,"64":3,"65":3,"66":3,"67":3,"68":3,"69":3,"70":3,"71":3,"72":3,"73":3,"74":3,"75":3,"76":3,"77":3,"78":3,"79":3,"80":3,"81":3,"82":3,"83":3},"branchMap":{"0":{"type":"branch","line":8,"loc":{"start":{"line":8,"column":15},"end":{"line":84,"column":1}},"locations":[{"start":{"line":8,"column":15},"end":{"line":84,"column":1}}]}},"b":{"0":[3]},"fnMap":{"0":{"name":"OGImage","decl":{"start":{"line":8,"column":15},"end":{"line":84,"column":1}},"loc":{"start":{"line":8,"column":15},"end":{"line":84,"column":1}},"line":8}},"f":{"0":3}}
,"/Users/scottrobinson/Desktop/website/app/page.tsx": {"path":"/Users/scottrobinson/Desktop/website/app/page.tsx","all":false,"statementMap":{"0":{"start":{"line":1,"column":0},"end":{"line":1,"column":48}},"1":{"start":{"line":2,"column":0},"end":{"line":2,"column":36}},"2":{"start":{"line":3,"column":0},"end":{"line":3,"column":38}},"3":{"start":{"line":4,"column":0},"end":{"line":4,"column":48}},"4":{"start":{"line":5,"column":0},"end":{"line":5,"column":44}},"5":{"start":{"line":6,"column":0},"end":{"line":6,"column":54}},"6":{"start":{"line":7,"column":0},"end":{"line":7,"column":42}},"7":{"start":{"line":8,"column":0},"end":{"line":8,"column":34}},"8":{"start":{"line":9,"column":0},"end":{"line":9,"column":34}},"9":{"start":{"line":10,"column":0},"end":{"line":10,"column":40}},"10":{"start":{"line":11,"column":0},"end":{"line":11,"column":0}},"11":{"start":{"line":12,"column":0},"end":{"line":12,"column":32}},"12":{"start":{"line":13,"column":0},"end":{"line":13,"column":10}},"13":{"start":{"line":14,"column":0},"end":{"line":14,"column":6}},"14":{"start":{"line":15,"column":0},"end":{"line":15,"column":8}},"15":{"start":{"line":16,"column":0},"end":{"line":16,"column":28}},"16":{"start":{"line":17,"column":0},"end":{"line":17,"column":224}},"17":{"start":{"line":18,"column":0},"end":{"line":18,"column":7}},"18":{"start":{"line":19,"column":0},"end":{"line":19,"column":28}},"19":{"start":{"line":20,"column":0},"end":{"line":20,"column":10}},"20":{"start":{"line":21,"column":0},"end":{"line":21,"column":20}},"21":{"start":{"line":22,"column":0},"end":{"line":22,"column":30}},"22":{"start":{"line":23,"column":0},"end":{"line":23,"column":16}},"23":{"start":{"line":24,"column":0},"end":{"line":24,"column":17}},"24":{"start":{"line":25,"column":0},"end":{"line":25,"column":22}},"25":{"start":{"line":26,"column":0},"end":{"line":26,"column":20}},"26":{"start":{"line":27,"column":0},"end":{"line":27,"column":25}},"27":{"start":{"line":28,"column":0},"end":{"line":28,"column":19}},"28":{"start":{"line":29,"column":0},"end":{"line":29,"column":15}},"29":{"start":{"line":30,"column":0},"end":{"line":30,"column":15}},"30":{"start":{"line":31,"column":0},"end":{"line":31,"column":13}},"31":{"start":{"line":32,"column":0},"end":{"line":32,"column":16}},"32":{"start":{"line":33,"column":0},"end":{"line":33,"column":7}},"33":{"start":{"line":34,"column":0},"end":{"line":34,"column":3}},"34":{"start":{"line":35,"column":0},"end":{"line":35,"column":1}}},"s":{"0":1,"1":1,"2":1,"3":1,"4":1,"5":1,"6":1,"7":1,"8":1,"9":1,"10":1,"11":1,"12":11,"13":11,"14":11,"15":11,"16":11,"17":11,"18":11,"19":11,"20":11,"21":11,"22":11,"23":11,"24":11,"25":11,"26":11,"27":11,"28":11,"29":11,"30":11,"31":11,"32":11,"33":11,"34":11},"branchMap":{"0":{"type":"branch","line":12,"loc":{"start":{"line":12,"column":15},"end":{"line":35,"column":1}},"locations":[{"start":{"line":12,"column":15},"end":{"line":35,"column":1}}]}},"b":{"0":[11]},"fnMap":{"0":{"name":"Home","decl":{"start":{"line":12,"column":15},"end":{"line":35,"column":1}},"loc":{"start":{"line":12,"column":15},"end":{"line":35,"column":1}},"line":12}},"f":{"0":11}}
,"/Users/scottrobinson/Desktop/website/app/api/reminders/route.ts": {"path":"/Users/scottrobinson/Desktop/website/app/api/reminders/route.ts","all":false,"statementMap":{"0":{"start":{"line":1,"column":0},"end":{"line":1,"column":41}},"1":{"start":{"line":2,"column":0},"end":{"line":2,"column":52}},"2":{"start":{"line":3,"column":0},"end":{"line":3,"column":83}},"3":{"start":{"line":4,"column":0},"end":{"line":4,"column":0}},"4":{"start":{"line":5,"column":0},"end":{"line":5,"column":50}},"5":{"start":{"line":6,"column":0},"end":{"line":6,"column":33}},"6":{"start":{"line":7,"column":0},"end":{"line":7,"column":58}},"7":{"start":{"line":8,"column":0},"end":{"line":8,"column":34}},"8":{"start":{"line":9,"column":0},"end":{"line":9,"column":0}},"9":{"start":{"line":10,"column":0},"end":{"line":10,"column":77}},"10":{"start":{"line":11,"column":0},"end":{"line":11,"column":19}},"11":{"start":{"line":12,"column":0},"end":{"line":12,"column":25}},"12":{"start":{"line":13,"column":0},"end":{"line":13,"column":20}},"13":{"start":{"line":14,"column":0},"end":{"line":14,"column":19}},"14":{"start":{"line":15,"column":0},"end":{"line":15,"column":3}},"15":{"start":{"line":16,"column":0},"end":{"line":16,"column":0}},"16":{"start":{"line":17,"column":0},"end":{"line":17,"column":53}},"17":{"start":{"line":18,"column":0},"end":{"line":18,"column":71}},"18":{"start":{"line":19,"column":0},"end":{"line":19,"column":3}},"19":{"start":{"line":20,"column":0},"end":{"line":20,"column":0}},"20":{"start":{"line":21,"column":0},"end":{"line":21,"column":40}},"21":{"start":{"line":22,"column":0},"end":{"line":22,"column":22}},"22":{"start":{"line":23,"column":0},"end":{"line":23,"column":13}},"23":{"start":{"line":24,"column":0},"end":{"line":24,"column":22}},"24":{"start":{"line":25,"column":0},"end":{"line":25,"column":41}},"25":{"start":{"line":26,"column":0},"end":{"line":26,"column":24}},"26":{"start":{"line":27,"column":0},"end":{"line":27,"column":45}},"27":{"start":{"line":28,"column":0},"end":{"line":28,"column":6}},"28":{"start":{"line":29,"column":0},"end":{"line":29,"column":13}},"29":{"start":{"line":30,"column":0},"end":{"line":30,"column":13}},"30":{"start":{"line":31,"column":0},"end":{"line":31,"column":0}},"31":{"start":{"line":32,"column":0},"end":{"line":32,"column":46}},"32":{"start":{"line":33,"column":0},"end":{"line":33,"column":0}},"33":{"start":{"line":34,"column":0},"end":{"line":34,"column":22}},"34":{"start":{"line":35,"column":0},"end":{"line":35,"column":1}}},"s":{"0":1,"1":1,"2":1,"3":1,"4":1,"5":7,"6":7,"7":7,"8":6,"9":6,"10":6,"11":6,"12":6,"13":6,"14":6,"15":6,"16":7,"17":3,"18":3,"19":3,"20":3,"21":3,"22":3,"23":3,"24":3,"25":3,"26":7,"27":7,"28":7,"29":7,"30":3,"31":7,"32":2,"33":2,"34":2},"branchMap":{"0":{"type":"branch","line":5,"loc":{"start":{"line":5,"column":7},"end":{"line":35,"column":1}},"locations":[{"start":{"line":5,"column":7},"end":{"line":35,"column":1}}]},"1":{"type":"branch","line":8,"loc":{"start":{"line":8,"column":13},"end":{"line":8,"column":34}},"locations":[{"start":{"line":8,"column":13},"end":{"line":8,"column":34}}]},"2":{"type":"branch","line":8,"loc":{"start":{"line":8,"column":32},"end":{"line":17,"column":17}},"locations":[{"start":{"line":8,"column":32},"end":{"line":17,"column":17}}]},"3":{"type":"branch","line":17,"loc":{"start":{"line":17,"column":7},"end":{"line":17,"column":42}},"locations":[{"start":{"line":17,"column":7},"end":{"line":17,"column":42}}]},"4":{"type":"branch","line":17,"loc":{"start":{"line":17,"column":18},"end":{"line":17,"column":42}},"locations":[{"start":{"line":17,"column":18},"end":{"line":17,"column":42}}]},"5":{"type":"branch","line":17,"loc":{"start":{"line":17,"column":32},"end":{"line":17,"column":52}},"locations":[{"start":{"line":17,"column":32},"end":{"line":17,"column":52}}]},"6":{"type":"branch","line":17,"loc":{"start":{"line":17,"column":52},"end":{"line":27,"column":19}},"locations":[{"start":{"line":17,"column":52},"end":{"line":27,"column":19}}]},"7":{"type":"branch","line":27,"loc":{"start":{"line":27,"column":10},"end":{"line":27,"column":41}},"locations":[{"start":{"line":27,"column":10},"end":{"line":27,"column":41}}]},"8":{"type":"branch","line":27,"loc":{"start":{"line":27,"column":37},"end":{"line":27,"column":43}},"locations":[{"start":{"line":27,"column":37},"end":{"line":27,"column":43}}]},"9":{"type":"branch","line":30,"loc":{"start":{"line":30,"column":11},"end":{"line":32,"column":13}},"locations":[{"start":{"line":30,"column":11},"end":{"line":32,"column":13}}]},"10":{"type":"branch","line":32,"loc":{"start":{"line":32,"column":13},"end":{"line":32,"column":46}},"locations":[{"start":{"line":32,"column":13},"end":{"line":32,"column":46}}]},"11":{"type":"branch","line":32,"loc":{"start":{"line":32,"column":45},"end":{"line":35,"column":1}},"locations":[{"start":{"line":32,"column":45},"end":{"line":35,"column":1}}]}},"b":{"0":[7],"1":[1],"2":[6],"3":[5],"4":[4],"5":[4],"6":[3],"7":[1],"8":[2],"9":[3],"10":[1],"11":[2]},"fnMap":{"0":{"name":"POST","decl":{"start":{"line":5,"column":7},"end":{"line":35,"column":1}},"loc":{"start":{"line":5,"column":7},"end":{"line":35,"column":1}},"line":5}},"f":{"0":7}}
,"/Users/scottrobinson/Desktop/website/app/api/reminders/[id]/route.ts": {"path":"/Users/scottrobinson/Desktop/website/app/api/reminders/[id]/route.ts","all":false,"statementMap":{"0":{"start":{"line":1,"column":0},"end":{"line":1,"column":41}},"1":{"start":{"line":2,"column":0},"end":{"line":2,"column":52}},"2":{"start":{"line":3,"column":0},"end":{"line":3,"column":88}},"3":{"start":{"line":4,"column":0},"end":{"line":4,"column":0}},"4":{"start":{"line":5,"column":0},"end":{"line":5,"column":28}},"5":{"start":{"line":6,"column":0},"end":{"line":6,"column":23}},"6":{"start":{"line":7,"column":0},"end":{"line":7,"column":41}},"7":{"start":{"line":8,"column":0},"end":{"line":8,"column":3}},"8":{"start":{"line":9,"column":0},"end":{"line":9,"column":33}},"9":{"start":{"line":10,"column":0},"end":{"line":10,"column":58}},"10":{"start":{"line":11,"column":0},"end":{"line":11,"column":34}},"11":{"start":{"line":12,"column":0},"end":{"line":12,"column":0}},"12":{"start":{"line":13,"column":0},"end":{"line":13,"column":82}},"13":{"start":{"line":14,"column":0},"end":{"line":14,"column":44}},"14":{"start":{"line":15,"column":0},"end":{"line":15,"column":81}},"15":{"start":{"line":16,"column":0},"end":{"line":16,"column":51}},"16":{"start":{"line":17,"column":0},"end":{"line":17,"column":0}},"17":{"start":{"line":18,"column":0},"end":{"line":18,"column":42}},"18":{"start":{"line":19,"column":0},"end":{"line":19,"column":44}},"19":{"start":{"line":20,"column":0},"end":{"line":20,"column":3}},"20":{"start":{"line":21,"column":0},"end":{"line":21,"column":0}},"21":{"start":{"line":22,"column":0},"end":{"line":22,"column":40}},"22":{"start":{"line":23,"column":0},"end":{"line":23,"column":22}},"23":{"start":{"line":24,"column":0},"end":{"line":24,"column":20}},"24":{"start":{"line":25,"column":0},"end":{"line":25,"column":24}},"25":{"start":{"line":26,"column":0},"end":{"line":26,"column":13}},"26":{"start":{"line":27,"column":0},"end":{"line":27,"column":13}},"27":{"start":{"line":28,"column":0},"end":{"line":28,"column":0}},"28":{"start":{"line":29,"column":0},"end":{"line":29,"column":71}},"29":{"start":{"line":30,"column":0},"end":{"line":30,"column":46}},"30":{"start":{"line":31,"column":0},"end":{"line":31,"column":0}},"31":{"start":{"line":32,"column":0},"end":{"line":32,"column":17}},"32":{"start":{"line":33,"column":0},"end":{"line":33,"column":1}},"33":{"start":{"line":34,"column":0},"end":{"line":34,"column":0}},"34":{"start":{"line":35,"column":0},"end":{"line":35,"column":29}},"35":{"start":{"line":36,"column":0},"end":{"line":36,"column":24}},"36":{"start":{"line":37,"column":0},"end":{"line":37,"column":41}},"37":{"start":{"line":38,"column":0},"end":{"line":38,"column":3}},"38":{"start":{"line":39,"column":0},"end":{"line":39,"column":33}},"39":{"start":{"line":40,"column":0},"end":{"line":40,"column":58}},"40":{"start":{"line":41,"column":0},"end":{"line":41,"column":34}},"41":{"start":{"line":42,"column":0},"end":{"line":42,"column":0}},"42":{"start":{"line":43,"column":0},"end":{"line":43,"column":34}},"43":{"start":{"line":44,"column":0},"end":{"line":44,"column":22}},"44":{"start":{"line":45,"column":0},"end":{"line":45,"column":13}},"45":{"start":{"line":46,"column":0},"end":{"line":46,"column":24}},"46":{"start":{"line":47,"column":0},"end":{"line":47,"column":0}},"47":{"start":{"line":48,"column":0},"end":{"line":48,"column":46}},"48":{"start":{"line":49,"column":0},"end":{"line":49,"column":0}},"49":{"start":{"line":50,"column":0},"end":{"line":50,"column":25}},"50":{"start":{"line":51,"column":0},"end":{"line":51,"column":1}}},"s":{"0":1,"1":1,"2":1,"3":1,"4":1,"5":5,"6":5,"7":5,"8":5,"9":5,"10":5,"11":4,"12":4,"13":4,"14":5,"15":5,"16":4,"17":5,"18":1,"19":1,"20":3,"21":3,"22":3,"23":3,"24":3,"25":3,"26":3,"27":3,"28":5,"29":5,"30":1,"31":1,"32":1,"33":1,"34":1,"35":3,"36":3,"37":3,"38":3,"39":3,"40":3,"41":2,"42":2,"43":2,"44":2,"45":2,"46":2,"47":3,"48":1,"49":1,"50":1},"branchMap":{"0":{"type":"branch","line":5,"loc":{"start":{"line":5,"column":7},"end":{"line":33,"column":1}},"locations":[{"start":{"line":5,"column":7},"end":{"line":33,"column":1}}]},"1":{"type":"branch","line":11,"loc":{"start":{"line":11,"column":13},"end":{"line":11,"column":34}},"locations":[{"start":{"line":11,"column":13},"end":{"line":11,"column":34}}]},"2":{"type":"branch","line":11,"loc":{"start":{"line":11,"column":32},"end":{"line":15,"column":23}},"locations":[{"start":{"line":11,"column":32},"end":{"line":15,"column":23}}]},"3":{"type":"branch","line":15,"loc":{"start":{"line":15,"column":23},"end":{"line":15,"column":33}},"locations":[{"start":{"line":15,"column":23},"end":{"line":15,"column":33}}]},"4":{"type":"branch","line":15,"loc":{"start":{"line":15,"column":33},"end":{"line":15,"column":81}},"locations":[{"start":{"line":15,"column":33},"end":{"line":15,"column":81}}]},"5":{"type":"branch","line":15,"loc":{"start":{"line":15,"column":79},"end":{"line":16,"column":20}},"locations":[{"start":{"line":15,"column":79},"end":{"line":16,"column":20}}]},"6":{"type":"branch","line":16,"loc":{"start":{"line":16,"column":20},"end":{"line":16,"column":51}},"locations":[{"start":{"line":16,"column":20},"end":{"line":16,"column":51}}]},"7":{"type":"branch","line":17,"loc":{"start":{"line":17,"column":-1},"end":{"line":18,"column":41}},"locations":[{"start":{"line":17,"column":-1},"end":{"line":18,"column":41}}]},"8":{"type":"branch","line":18,"loc":{"start":{"line":18,"column":41},"end":{"line":20,"column":3}},"locations":[{"start":{"line":18,"column":41},"end":{"line":20,"column":3}}]},"9":{"type":"branch","line":20,"loc":{"start":{"line":20,"column":2},"end":{"line":29,"column":13}},"locations":[{"start":{"line":20,"column":2},"end":{"line":29,"column":13}}]},"10":{"type":"branch","line":29,"loc":{"start":{"line":29,"column":6},"end":{"line":29,"column":22}},"locations":[{"start":{"line":29,"column":6},"end":{"line":29,"column":22}}]},"11":{"type":"branch","line":29,"loc":{"start":{"line":29,"column":34},"end":{"line":29,"column":71}},"locations":[{"start":{"line":29,"column":34},"end":{"line":29,"column":71}}]},"12":{"type":"branch","line":29,"loc":{"start":{"line":29,"column":50},"end":{"line":30,"column":13}},"locations":[{"start":{"line":29,"column":50},"end":{"line":30,"column":13}}]},"13":{"type":"branch","line":30,"loc":{"start":{"line":30,"column":13},"end":{"line":33,"column":1}},"locations":[{"start":{"line":30,"column":13},"end":{"line":33,"column":1}}]},"14":{"type":"branch","line":35,"loc":{"start":{"line":35,"column":7},"end":{"line":51,"column":1}},"locations":[{"start":{"line":35,"column":7},"end":{"line":51,"column":1}}]},"15":{"type":"branch","line":41,"loc":{"start":{"line":41,"column":13},"end":{"line":41,"column":34}},"locations":[{"start":{"line":41,"column":13},"end":{"line":41,"column":34}}]},"16":{"type":"branch","line":41,"loc":{"start":{"line":41,"column":32},"end":{"line":48,"column":13}},"locations":[{"start":{"line":41,"column":32},"end":{"line":48,"column":13}}]},"17":{"type":"branch","line":48,"loc":{"start":{"line":48,"column":13},"end":{"line":51,"column":1}},"locations":[{"start":{"line":48,"column":13},"end":{"line":51,"column":1}}]}},"b":{"0":[5],"1":[1],"2":[4],"3":[1],"4":[1],"5":[4],"6":[3],"7":[4],"8":[1],"9":[3],"10":[2],"11":[1],"12":[2],"13":[1],"14":[3],"15":[1],"16":[2],"17":[1]},"fnMap":{"0":{"name":"PATCH","decl":{"start":{"line":5,"column":7},"end":{"line":33,"column":1}},"loc":{"start":{"line":5,"column":7},"end":{"line":33,"column":1}},"line":5},"1":{"name":"DELETE","decl":{"start":{"line":35,"column":7},"end":{"line":51,"column":1}},"loc":{"start":{"line":35,"column":7},"end":{"line":51,"column":1}},"line":35}},"f":{"0":5,"1":3}}
,"/Users/scottrobinson/Desktop/website/app/api/send-message/route.ts": {"path":"/Users/scottrobinson/Desktop/website/app/api/send-message/route.ts","all":false,"statementMap":{"0":{"start":{"line":1,"column":0},"end":{"line":1,"column":41}},"1":{"start":{"line":2,"column":0},"end":{"line":2,"column":52}},"2":{"start":{"line":3,"column":0},"end":{"line":3,"column":65}},"3":{"start":{"line":4,"column":0},"end":{"line":4,"column":100}},"4":{"start":{"line":5,"column":0},"end":{"line":5,"column":0}},"5":{"start":{"line":6,"column":0},"end":{"line":6,"column":50}},"6":{"start":{"line":7,"column":0},"end":{"line":7,"column":33}},"7":{"start":{"line":8,"column":0},"end":{"line":8,"column":58}},"8":{"start":{"line":9,"column":0},"end":{"line":9,"column":34}},"9":{"start":{"line":10,"column":0},"end":{"line":10,"column":0}},"10":{"start":{"line":11,"column":0},"end":{"line":11,"column":91}},"11":{"start":{"line":12,"column":0},"end":{"line":12,"column":36}},"12":{"start":{"line":13,"column":0},"end":{"line":13,"column":56}},"13":{"start":{"line":14,"column":0},"end":{"line":14,"column":3}},"14":{"start":{"line":15,"column":0},"end":{"line":15,"column":0}},"15":{"start":{"line":16,"column":0},"end":{"line":16,"column":76}},"16":{"start":{"line":17,"column":0},"end":{"line":17,"column":12}},"17":{"start":{"line":18,"column":0},"end":{"line":18,"column":54}},"18":{"start":{"line":19,"column":0},"end":{"line":19,"column":56}},"19":{"start":{"line":20,"column":0},"end":{"line":20,"column":33}},"20":{"start":{"line":21,"column":0},"end":{"line":21,"column":3}},"21":{"start":{"line":22,"column":0},"end":{"line":22,"column":0}},"22":{"start":{"line":23,"column":0},"end":{"line":23,"column":25}},"23":{"start":{"line":24,"column":0},"end":{"line":24,"column":1}}},"s":{"0":1,"1":1,"2":1,"3":1,"4":1,"5":1,"6":12,"7":12,"8":12,"9":11,"10":11,"11":12,"12":3,"13":3,"14":8,"15":8,"16":12,"17":5,"18":5,"19":2,"20":2,"21":3,"22":3,"23":3},"branchMap":{"0":{"type":"branch","line":6,"loc":{"start":{"line":6,"column":7},"end":{"line":24,"column":1}},"locations":[{"start":{"line":6,"column":7},"end":{"line":24,"column":1}}]},"1":{"type":"branch","line":9,"loc":{"start":{"line":9,"column":13},"end":{"line":9,"column":34}},"locations":[{"start":{"line":9,"column":13},"end":{"line":9,"column":34}}]},"2":{"type":"branch","line":9,"loc":{"start":{"line":9,"column":32},"end":{"line":12,"column":17}},"locations":[{"start":{"line":9,"column":32},"end":{"line":12,"column":17}}]},"3":{"type":"branch","line":12,"loc":{"start":{"line":12,"column":7},"end":{"line":12,"column":35}},"locations":[{"start":{"line":12,"column":7},"end":{"line":12,"column":35}}]},"4":{"type":"branch","line":12,"loc":{"start":{"line":12,"column":18},"end":{"line":12,"column":35}},"locations":[{"start":{"line":12,"column":18},"end":{"line":12,"column":35}}]},"5":{"type":"branch","line":12,"loc":{"start":{"line":12,"column":35},"end":{"line":14,"column":3}},"locations":[{"start":{"line":12,"column":35},"end":{"line":14,"column":3}}]},"6":{"type":"branch","line":14,"loc":{"start":{"line":14,"column":2},"end":{"line":17,"column":11}},"locations":[{"start":{"line":14,"column":2},"end":{"line":17,"column":11}}]},"7":{"type":"branch","line":17,"loc":{"start":{"line":17,"column":11},"end":{"line":21,"column":3}},"locations":[{"start":{"line":17,"column":11},"end":{"line":21,"column":3}}]},"8":{"type":"branch","line":18,"loc":{"start":{"line":18,"column":28},"end":{"line":18,"column":54}},"locations":[{"start":{"line":18,"column":28},"end":{"line":18,"column":54}}]},"9":{"type":"branch","line":18,"loc":{"start":{"line":18,"column":53},"end":{"line":19,"column":28}},"locations":[{"start":{"line":18,"column":53},"end":{"line":19,"column":28}}]},"10":{"type":"branch","line":19,"loc":{"start":{"line":19,"column":28},"end":{"line":21,"column":3}},"locations":[{"start":{"line":19,"column":28},"end":{"line":21,"column":3}}]},"11":{"type":"branch","line":21,"loc":{"start":{"line":21,"column":2},"end":{"line":24,"column":1}},"locations":[{"start":{"line":21,"column":2},"end":{"line":24,"column":1}}]}},"b":{"0":[12],"1":[1],"2":[11],"3":[10],"4":[9],"5":[3],"6":[8],"7":[5],"8":[1],"9":[4],"10":[2],"11":[3]},"fnMap":{"0":{"name":"POST","decl":{"start":{"line":6,"column":7},"end":{"line":24,"column":1}},"loc":{"start":{"line":6,"column":7},"end":{"line":24,"column":1}},"line":6}},"f":{"0":12}}
,"/Users/scottrobinson/Desktop/website/app/api/sms-enrollment/route.ts": {"path":"/Users/scottrobinson/Desktop/website/app/api/sms-enrollment/route.ts","all":false,"statementMap":{"0":{"start":{"line":1,"column":0},"end":{"line":1,"column":41}},"1":{"start":{"line":2,"column":0},"end":{"line":2,"column":38}},"2":{"start":{"line":3,"column":0},"end":{"line":3,"column":52}},"3":{"start":{"line":4,"column":0},"end":{"line":4,"column":63}},"4":{"start":{"line":5,"column":0},"end":{"line":5,"column":69}},"5":{"start":{"line":6,"column":0},"end":{"line":6,"column":8}},"6":{"start":{"line":7,"column":0},"end":{"line":7,"column":19}},"7":{"start":{"line":8,"column":0},"end":{"line":8,"column":27}},"8":{"start":{"line":9,"column":0},"end":{"line":9,"column":12}},"9":{"start":{"line":10,"column":0},"end":{"line":10,"column":21}},"10":{"start":{"line":11,"column":0},"end":{"line":11,"column":24}},"11":{"start":{"line":12,"column":0},"end":{"line":12,"column":26}},"12":{"start":{"line":13,"column":0},"end":{"line":13,"column":0}},"13":{"start":{"line":14,"column":0},"end":{"line":14,"column":36}},"14":{"start":{"line":15,"column":0},"end":{"line":15,"column":21}},"15":{"start":{"line":16,"column":0},"end":{"line":16,"column":20}},"16":{"start":{"line":17,"column":0},"end":{"line":17,"column":16}},"17":{"start":{"line":18,"column":0},"end":{"line":18,"column":16}},"18":{"start":{"line":19,"column":0},"end":{"line":19,"column":23}},"19":{"start":{"line":20,"column":0},"end":{"line":20,"column":28}},"20":{"start":{"line":21,"column":0},"end":{"line":21,"column":30}},"21":{"start":{"line":22,"column":0},"end":{"line":22,"column":23}},"22":{"start":{"line":23,"column":0},"end":{"line":23,"column":1}},"23":{"start":{"line":24,"column":0},"end":{"line":24,"column":0}},"24":{"start":{"line":25,"column":0},"end":{"line":25,"column":50}},"25":{"start":{"line":26,"column":0},"end":{"line":26,"column":29}},"26":{"start":{"line":27,"column":0},"end":{"line":27,"column":7}},"27":{"start":{"line":28,"column":0},"end":{"line":28,"column":52}},"28":{"start":{"line":29,"column":0},"end":{"line":29,"column":11}},"29":{"start":{"line":30,"column":0},"end":{"line":30,"column":45}},"30":{"start":{"line":31,"column":0},"end":{"line":31,"column":3}},"31":{"start":{"line":32,"column":0},"end":{"line":32,"column":0}},"32":{"start":{"line":33,"column":0},"end":{"line":33,"column":121}},"33":{"start":{"line":34,"column":0},"end":{"line":34,"column":0}},"34":{"start":{"line":35,"column":0},"end":{"line":35,"column":6}},"35":{"start":{"line":36,"column":0},"end":{"line":36,"column":26}},"36":{"start":{"line":37,"column":0},"end":{"line":37,"column":25}},"37":{"start":{"line":38,"column":0},"end":{"line":38,"column":21}},"38":{"start":{"line":39,"column":0},"end":{"line":39,"column":28}},"39":{"start":{"line":40,"column":0},"end":{"line":40,"column":30}},"40":{"start":{"line":41,"column":0},"end":{"line":41,"column":5}},"41":{"start":{"line":42,"column":0},"end":{"line":42,"column":103}},"42":{"start":{"line":43,"column":0},"end":{"line":43,"column":3}},"43":{"start":{"line":44,"column":0},"end":{"line":44,"column":0}},"44":{"start":{"line":45,"column":0},"end":{"line":45,"column":42}},"45":{"start":{"line":46,"column":0},"end":{"line":46,"column":40}},"46":{"start":{"line":47,"column":0},"end":{"line":47,"column":0}},"47":{"start":{"line":48,"column":0},"end":{"line":48,"column":43}},"48":{"start":{"line":49,"column":0},"end":{"line":49,"column":66}},"49":{"start":{"line":50,"column":0},"end":{"line":50,"column":0}},"50":{"start":{"line":51,"column":0},"end":{"line":51,"column":42}},"51":{"start":{"line":52,"column":0},"end":{"line":52,"column":48}},"52":{"start":{"line":53,"column":0},"end":{"line":53,"column":60}},"53":{"start":{"line":54,"column":0},"end":{"line":54,"column":3}},"54":{"start":{"line":55,"column":0},"end":{"line":55,"column":0}},"55":{"start":{"line":56,"column":0},"end":{"line":56,"column":21}},"56":{"start":{"line":57,"column":0},"end":{"line":57,"column":92}},"57":{"start":{"line":58,"column":0},"end":{"line":58,"column":47}},"58":{"start":{"line":59,"column":0},"end":{"line":59,"column":0}},"59":{"start":{"line":60,"column":0},"end":{"line":60,"column":33}},"60":{"start":{"line":61,"column":0},"end":{"line":61,"column":0}},"61":{"start":{"line":62,"column":0},"end":{"line":62,"column":77}},"62":{"start":{"line":63,"column":0},"end":{"line":63,"column":79}},"63":{"start":{"line":64,"column":0},"end":{"line":64,"column":76}},"64":{"start":{"line":65,"column":0},"end":{"line":65,"column":67}},"65":{"start":{"line":66,"column":0},"end":{"line":66,"column":31}},"66":{"start":{"line":67,"column":0},"end":{"line":67,"column":29}},"67":{"start":{"line":68,"column":0},"end":{"line":68,"column":52}},"68":{"start":{"line":69,"column":0},"end":{"line":69,"column":29}},"69":{"start":{"line":70,"column":0},"end":{"line":70,"column":22}},"70":{"start":{"line":71,"column":0},"end":{"line":71,"column":38}},"71":{"start":{"line":72,"column":0},"end":{"line":72,"column":48}},"72":{"start":{"line":73,"column":0},"end":{"line":73,"column":61}},"73":{"start":{"line":74,"column":0},"end":{"line":74,"column":38}},"74":{"start":{"line":75,"column":0},"end":{"line":75,"column":55}},"75":{"start":{"line":76,"column":0},"end":{"line":76,"column":39}},"76":{"start":{"line":77,"column":0},"end":{"line":77,"column":46}},"77":{"start":{"line":78,"column":0},"end":{"line":78,"column":25}},"78":{"start":{"line":79,"column":0},"end":{"line":79,"column":43}},"79":{"start":{"line":80,"column":0},"end":{"line":80,"column":19}},"80":{"start":{"line":81,"column":0},"end":{"line":81,"column":26}},"81":{"start":{"line":82,"column":0},"end":{"line":82,"column":4}},"82":{"start":{"line":83,"column":0},"end":{"line":83,"column":0}},"83":{"start":{"line":84,"column":0},"end":{"line":84,"column":46}},"84":{"start":{"line":85,"column":0},"end":{"line":85,"column":0}},"85":{"start":{"line":86,"column":0},"end":{"line":86,"column":30}},"86":{"start":{"line":87,"column":0},"end":{"line":87,"column":1}}},"s":{"0":1,"1":1,"2":1,"3":1,"4":1,"5":1,"6":1,"7":1,"8":1,"9":1,"10":1,"11":1,"12":1,"13":1,"14":1,"15":1,"16":1,"17":1,"18":1,"19":1,"20":1,"21":1,"22":1,"23":1,"24":1,"25":28,"26":28,"27":28,"28":28,"29":1,"30":1,"31":27,"32":27,"33":27,"34":27,"35":28,"36":25,"37":23,"38":22,"39":21,"40":28,"41":7,"42":7,"43":20,"44":20,"45":20,"46":20,"47":20,"48":28,"49":18,"50":28,"51":28,"52":1,"53":1,"54":17,"55":17,"56":28,"57":28,"58":28,"59":28,"60":28,"61":28,"62":28,"63":28,"64":28,"65":28,"66":28,"67":28,"68":28,"69":28,"70":28,"71":28,"72":28,"73":28,"74":28,"75":28,"76":28,"77":28,"78":28,"79":28,"80":28,"81":28,"82":17,"83":28,"84":16,"85":16,"86":16},"branchMap":{"0":{"type":"branch","line":25,"loc":{"start":{"line":25,"column":7},"end":{"line":87,"column":1}},"locations":[{"start":{"line":25,"column":7},"end":{"line":87,"column":1}}]},"1":{"type":"branch","line":28,"loc":{"start":{"line":28,"column":29},"end":{"line":29,"column":4}},"locations":[{"start":{"line":28,"column":29},"end":{"line":29,"column":4}}]},"2":{"type":"branch","line":29,"loc":{"start":{"line":29,"column":4},"end":{"line":31,"column":3}},"locations":[{"start":{"line":29,"column":4},"end":{"line":31,"column":3}}]},"3":{"type":"branch","line":31,"loc":{"start":{"line":31,"column":2},"end":{"line":36,"column":17}},"locations":[{"start":{"line":31,"column":2},"end":{"line":36,"column":17}}]},"4":{"type":"branch","line":36,"loc":{"start":{"line":36,"column":5},"end":{"line":36,"column":26}},"locations":[{"start":{"line":36,"column":5},"end":{"line":36,"column":26}}]},"5":{"type":"branch","line":36,"loc":{"start":{"line":36,"column":17},"end":{"line":37,"column":25}},"locations":[{"start":{"line":36,"column":17},"end":{"line":37,"column":25}}]},"6":{"type":"branch","line":37,"loc":{"start":{"line":37,"column":5},"end":{"line":37,"column":25}},"locations":[{"start":{"line":37,"column":5},"end":{"line":37,"column":25}}]},"7":{"type":"branch","line":37,"loc":{"start":{"line":37,"column":16},"end":{"line":38,"column":21}},"locations":[{"start":{"line":37,"column":16},"end":{"line":38,"column":21}}]},"8":{"type":"branch","line":38,"loc":{"start":{"line":38,"column":5},"end":{"line":38,"column":21}},"locations":[{"start":{"line":38,"column":5},"end":{"line":38,"column":21}}]},"9":{"type":"branch","line":38,"loc":{"start":{"line":38,"column":12},"end":{"line":39,"column":28}},"locations":[{"start":{"line":38,"column":12},"end":{"line":39,"column":28}}]},"10":{"type":"branch","line":39,"loc":{"start":{"line":39,"column":5},"end":{"line":39,"column":28}},"locations":[{"start":{"line":39,"column":5},"end":{"line":39,"column":28}}]},"11":{"type":"branch","line":39,"loc":{"start":{"line":39,"column":19},"end":{"line":40,"column":30}},"locations":[{"start":{"line":39,"column":19},"end":{"line":40,"column":30}}]},"12":{"type":"branch","line":40,"loc":{"start":{"line":40,"column":5},"end":{"line":40,"column":30}},"locations":[{"start":{"line":40,"column":5},"end":{"line":40,"column":30}}]},"13":{"type":"branch","line":41,"loc":{"start":{"line":41,"column":4},"end":{"line":43,"column":3}},"locations":[{"start":{"line":41,"column":4},"end":{"line":43,"column":3}}]},"14":{"type":"branch","line":43,"loc":{"start":{"line":43,"column":2},"end":{"line":49,"column":30}},"locations":[{"start":{"line":43,"column":2},"end":{"line":49,"column":30}}]},"15":{"type":"branch","line":49,"loc":{"start":{"line":49,"column":30},"end":{"line":49,"column":66}},"locations":[{"start":{"line":49,"column":30},"end":{"line":49,"column":66}}]},"16":{"type":"branch","line":49,"loc":{"start":{"line":49,"column":65},"end":{"line":51,"column":28}},"locations":[{"start":{"line":49,"column":65},"end":{"line":51,"column":28}}]},"17":{"type":"branch","line":51,"loc":{"start":{"line":51,"column":21},"end":{"line":51,"column":38}},"locations":[{"start":{"line":51,"column":21},"end":{"line":51,"column":38}}]},"18":{"type":"branch","line":51,"loc":{"start":{"line":51,"column":28},"end":{"line":51,"column":42}},"locations":[{"start":{"line":51,"column":28},"end":{"line":51,"column":42}}]},"19":{"type":"branch","line":52,"loc":{"start":{"line":52,"column":6},"end":{"line":52,"column":47}},"locations":[{"start":{"line":52,"column":6},"end":{"line":52,"column":47}}]},"20":{"type":"branch","line":52,"loc":{"start":{"line":52,"column":47},"end":{"line":54,"column":3}},"locations":[{"start":{"line":52,"column":47},"end":{"line":54,"column":3}}]},"21":{"type":"branch","line":54,"loc":{"start":{"line":54,"column":2},"end":{"line":57,"column":40}},"locations":[{"start":{"line":54,"column":2},"end":{"line":57,"column":40}}]},"22":{"type":"branch","line":57,"loc":{"start":{"line":57,"column":20},"end":{"line":57,"column":46}},"locations":[{"start":{"line":57,"column":20},"end":{"line":57,"column":46}}]},"23":{"type":"branch","line":57,"loc":{"start":{"line":57,"column":53},"end":{"line":57,"column":66}},"locations":[{"start":{"line":57,"column":53},"end":{"line":57,"column":66}}]},"24":{"type":"branch","line":57,"loc":{"start":{"line":57,"column":55},"end":{"line":57,"column":88}},"locations":[{"start":{"line":57,"column":55},"end":{"line":57,"column":88}}]},"25":{"type":"branch","line":57,"loc":{"start":{"line":57,"column":72},"end":{"line":57,"column":92}},"locations":[{"start":{"line":57,"column":72},"end":{"line":57,"column":92}}]},"26":{"type":"branch","line":58,"loc":{"start":{"line":58,"column":26},"end":{"line":58,"column":47}},"locations":[{"start":{"line":58,"column":26},"end":{"line":58,"column":47}}]},"27":{"type":"branch","line":73,"loc":{"start":{"line":73,"column":25},"end":{"line":73,"column":56}},"locations":[{"start":{"line":73,"column":25},"end":{"line":73,"column":56}}]},"28":{"type":"branch","line":73,"loc":{"start":{"line":73,"column":46},"end":{"line":73,"column":61}},"locations":[{"start":{"line":73,"column":46},"end":{"line":73,"column":61}}]},"29":{"type":"branch","line":82,"loc":{"start":{"line":82,"column":2},"end":{"line":84,"column":13}},"locations":[{"start":{"line":82,"column":2},"end":{"line":84,"column":13}}]},"30":{"type":"branch","line":84,"loc":{"start":{"line":84,"column":13},"end":{"line":84,"column":46}},"locations":[{"start":{"line":84,"column":13},"end":{"line":84,"column":46}}]},"31":{"type":"branch","line":84,"loc":{"start":{"line":84,"column":45},"end":{"line":87,"column":1}},"locations":[{"start":{"line":84,"column":45},"end":{"line":87,"column":1}}]}},"b":{"0":[28],"1":[27],"2":[1],"3":[27],"4":[26],"5":[25],"6":[24],"7":[23],"8":[22],"9":[22],"10":[21],"11":[21],"12":[20],"13":[7],"14":[20],"15":[2],"16":[18],"17":[17],"18":[1],"19":[17],"20":[1],"21":[17],"22":[15],"23":[15],"24":[2],"25":[1],"26":[1],"27":[16],"28":[1],"29":[17],"30":[1],"31":[16]},"fnMap":{"0":{"name":"POST","decl":{"start":{"line":25,"column":7},"end":{"line":87,"column":1}},"loc":{"start":{"line":25,"column":7},"end":{"line":87,"column":1}},"line":25}},"f":{"0":28}}
,"/Users/scottrobinson/Desktop/website/app/api/users/[id]/phone/route.ts": {"path":"/Users/scottrobinson/Desktop/website/app/api/users/[id]/phone/route.ts","all":false,"statementMap":{"0":{"start":{"line":1,"column":0},"end":{"line":1,"column":41}},"1":{"start":{"line":2,"column":0},"end":{"line":2,"column":52}},"2":{"start":{"line":3,"column":0},"end":{"line":3,"column":99}},"3":{"start":{"line":4,"column":0},"end":{"line":4,"column":0}},"4":{"start":{"line":5,"column":0},"end":{"line":5,"column":91}},"5":{"start":{"line":6,"column":0},"end":{"line":6,"column":33}},"6":{"start":{"line":7,"column":0},"end":{"line":7,"column":58}},"7":{"start":{"line":8,"column":0},"end":{"line":8,"column":34}},"8":{"start":{"line":9,"column":0},"end":{"line":9,"column":0}},"9":{"start":{"line":10,"column":0},"end":{"line":10,"column":83}},"10":{"start":{"line":11,"column":0},"end":{"line":11,"column":82}},"11":{"start":{"line":12,"column":0},"end":{"line":12,"column":87}},"12":{"start":{"line":13,"column":0},"end":{"line":13,"column":84}},"13":{"start":{"line":14,"column":0},"end":{"line":14,"column":66}},"14":{"start":{"line":15,"column":0},"end":{"line":15,"column":25}},"15":{"start":{"line":16,"column":0},"end":{"line":16,"column":24}},"16":{"start":{"line":17,"column":0},"end":{"line":17,"column":32}},"17":{"start":{"line":18,"column":0},"end":{"line":18,"column":24}},"18":{"start":{"line":19,"column":0},"end":{"line":19,"column":0}},"19":{"start":{"line":20,"column":0},"end":{"line":20,"column":58}},"20":{"start":{"line":21,"column":0},"end":{"line":21,"column":89}},"21":{"start":{"line":22,"column":0},"end":{"line":22,"column":0}},"22":{"start":{"line":23,"column":0},"end":{"line":23,"column":53}},"23":{"start":{"line":24,"column":0},"end":{"line":24,"column":0}},"24":{"start":{"line":25,"column":0},"end":{"line":25,"column":63}},"25":{"start":{"line":26,"column":0},"end":{"line":26,"column":46}},"26":{"start":{"line":27,"column":0},"end":{"line":27,"column":65}},"27":{"start":{"line":28,"column":0},"end":{"line":28,"column":0}},"28":{"start":{"line":29,"column":0},"end":{"line":29,"column":40}},"29":{"start":{"line":30,"column":0},"end":{"line":30,"column":18}},"30":{"start":{"line":31,"column":0},"end":{"line":31,"column":42}},"31":{"start":{"line":32,"column":0},"end":{"line":32,"column":24}},"32":{"start":{"line":33,"column":0},"end":{"line":33,"column":31}},"33":{"start":{"line":34,"column":0},"end":{"line":34,"column":31}},"34":{"start":{"line":35,"column":0},"end":{"line":35,"column":13}},"35":{"start":{"line":36,"column":0},"end":{"line":36,"column":0}},"36":{"start":{"line":37,"column":0},"end":{"line":37,"column":72}},"37":{"start":{"line":38,"column":0},"end":{"line":38,"column":46}},"38":{"start":{"line":39,"column":0},"end":{"line":39,"column":0}},"39":{"start":{"line":40,"column":0},"end":{"line":40,"column":17}},"40":{"start":{"line":41,"column":0},"end":{"line":41,"column":1}}},"s":{"0":1,"1":1,"2":1,"3":1,"4":1,"5":9,"6":9,"7":9,"8":8,"9":8,"10":8,"11":8,"12":8,"13":8,"14":8,"15":8,"16":8,"17":8,"18":8,"19":9,"20":9,"21":6,"22":6,"23":6,"24":6,"25":6,"26":9,"27":5,"28":5,"29":5,"30":5,"31":5,"32":5,"33":5,"34":5,"35":5,"36":9,"37":9,"38":3,"39":3,"40":3},"branchMap":{"0":{"type":"branch","line":5,"loc":{"start":{"line":5,"column":7},"end":{"line":41,"column":1}},"locations":[{"start":{"line":5,"column":7},"end":{"line":41,"column":1}}]},"1":{"type":"branch","line":8,"loc":{"start":{"line":8,"column":13},"end":{"line":8,"column":34}},"locations":[{"start":{"line":8,"column":13},"end":{"line":8,"column":34}}]},"2":{"type":"branch","line":8,"loc":{"start":{"line":8,"column":32},"end":{"line":20,"column":19}},"locations":[{"start":{"line":8,"column":32},"end":{"line":20,"column":19}}]},"3":{"type":"branch","line":20,"loc":{"start":{"line":20,"column":19},"end":{"line":20,"column":58}},"locations":[{"start":{"line":20,"column":19},"end":{"line":20,"column":58}}]},"4":{"type":"branch","line":20,"loc":{"start":{"line":20,"column":57},"end":{"line":21,"column":48}},"locations":[{"start":{"line":20,"column":57},"end":{"line":21,"column":48}}]},"5":{"type":"branch","line":21,"loc":{"start":{"line":21,"column":48},"end":{"line":21,"column":89}},"locations":[{"start":{"line":21,"column":48},"end":{"line":21,"column":89}}]},"6":{"type":"branch","line":21,"loc":{"start":{"line":21,"column":65},"end":{"line":26,"column":46}},"locations":[{"start":{"line":21,"column":65},"end":{"line":26,"column":46}}]},"7":{"type":"branch","line":27,"loc":{"start":{"line":27,"column":20},"end":{"line":27,"column":65}},"locations":[{"start":{"line":27,"column":20},"end":{"line":27,"column":65}}]},"8":{"type":"branch","line":27,"loc":{"start":{"line":27,"column":38},"end":{"line":37,"column":13}},"locations":[{"start":{"line":27,"column":38},"end":{"line":37,"column":13}}]},"9":{"type":"branch","line":37,"loc":{"start":{"line":37,"column":6},"end":{"line":37,"column":22}},"locations":[{"start":{"line":37,"column":6},"end":{"line":37,"column":22}}]},"10":{"type":"branch","line":37,"loc":{"start":{"line":37,"column":34},"end":{"line":37,"column":72}},"locations":[{"start":{"line":37,"column":34},"end":{"line":37,"column":72}}]},"11":{"type":"branch","line":37,"loc":{"start":{"line":37,"column":50},"end":{"line":38,"column":13}},"locations":[{"start":{"line":37,"column":50},"end":{"line":38,"column":13}}]},"12":{"type":"branch","line":38,"loc":{"start":{"line":38,"column":13},"end":{"line":38,"column":46}},"locations":[{"start":{"line":38,"column":13},"end":{"line":38,"column":46}}]},"13":{"type":"branch","line":38,"loc":{"start":{"line":38,"column":45},"end":{"line":41,"column":1}},"locations":[{"start":{"line":38,"column":45},"end":{"line":41,"column":1}}]},"14":{"type":"branch","line":23,"loc":{"start":{"line":23,"column":36},"end":{"line":23,"column":52}},"locations":[{"start":{"line":23,"column":36},"end":{"line":23,"column":52}}]}},"b":{"0":[9],"1":[1],"2":[8],"3":[1],"4":[7],"5":[1],"6":[6],"7":[1],"8":[5],"9":[2],"10":[1],"11":[4],"12":[1],"13":[3],"14":[7]},"fnMap":{"0":{"name":"PATCH","decl":{"start":{"line":5,"column":7},"end":{"line":41,"column":1}},"loc":{"start":{"line":5,"column":7},"end":{"line":41,"column":1}},"line":5}},"f":{"0":9}}
,"/Users/scottrobinson/Desktop/website/app/api/users/[id]/reminders-pause/route.ts": {"path":"/Users/scottrobinson/Desktop/website/app/api/users/[id]/reminders-pause/route.ts","all":false,"statementMap":{"0":{"start":{"line":1,"column":0},"end":{"line":1,"column":41}},"1":{"start":{"line":2,"column":0},"end":{"line":2,"column":52}},"2":{"start":{"line":3,"column":0},"end":{"line":3,"column":99}},"3":{"start":{"line":4,"column":0},"end":{"line":4,"column":0}},"4":{"start":{"line":5,"column":0},"end":{"line":5,"column":91}},"5":{"start":{"line":6,"column":0},"end":{"line":6,"column":33}},"6":{"start":{"line":7,"column":0},"end":{"line":7,"column":58}},"7":{"start":{"line":8,"column":0},"end":{"line":8,"column":34}},"8":{"start":{"line":9,"column":0},"end":{"line":9,"column":0}},"9":{"start":{"line":10,"column":0},"end":{"line":10,"column":83}},"10":{"start":{"line":11,"column":0},"end":{"line":11,"column":82}},"11":{"start":{"line":12,"column":0},"end":{"line":12,"column":87}},"12":{"start":{"line":13,"column":0},"end":{"line":13,"column":84}},"13":{"start":{"line":14,"column":0},"end":{"line":14,"column":66}},"14":{"start":{"line":15,"column":0},"end":{"line":15,"column":25}},"15":{"start":{"line":16,"column":0},"end":{"line":16,"column":24}},"16":{"start":{"line":17,"column":0},"end":{"line":17,"column":32}},"17":{"start":{"line":18,"column":0},"end":{"line":18,"column":24}},"18":{"start":{"line":19,"column":0},"end":{"line":19,"column":0}},"19":{"start":{"line":20,"column":0},"end":{"line":20,"column":58}},"20":{"start":{"line":21,"column":0},"end":{"line":21,"column":89}},"21":{"start":{"line":22,"column":0},"end":{"line":22,"column":0}},"22":{"start":{"line":23,"column":0},"end":{"line":23,"column":53}},"23":{"start":{"line":24,"column":0},"end":{"line":24,"column":0}},"24":{"start":{"line":25,"column":0},"end":{"line":25,"column":59}},"25":{"start":{"line":26,"column":0},"end":{"line":26,"column":85}},"26":{"start":{"line":27,"column":0},"end":{"line":27,"column":0}},"27":{"start":{"line":28,"column":0},"end":{"line":28,"column":75}},"28":{"start":{"line":29,"column":0},"end":{"line":29,"column":0}},"29":{"start":{"line":30,"column":0},"end":{"line":30,"column":40}},"30":{"start":{"line":31,"column":0},"end":{"line":31,"column":18}},"31":{"start":{"line":32,"column":0},"end":{"line":32,"column":36}},"32":{"start":{"line":33,"column":0},"end":{"line":33,"column":24}},"33":{"start":{"line":34,"column":0},"end":{"line":34,"column":31}},"34":{"start":{"line":35,"column":0},"end":{"line":35,"column":38}},"35":{"start":{"line":36,"column":0},"end":{"line":36,"column":13}},"36":{"start":{"line":37,"column":0},"end":{"line":37,"column":0}},"37":{"start":{"line":38,"column":0},"end":{"line":38,"column":72}},"38":{"start":{"line":39,"column":0},"end":{"line":39,"column":46}},"39":{"start":{"line":40,"column":0},"end":{"line":40,"column":0}},"40":{"start":{"line":41,"column":0},"end":{"line":41,"column":17}},"41":{"start":{"line":42,"column":0},"end":{"line":42,"column":1}}},"s":{"0":1,"1":1,"2":1,"3":1,"4":1,"5":10,"6":10,"7":10,"8":9,"9":9,"10":9,"11":9,"12":9,"13":9,"14":9,"15":9,"16":9,"17":9,"18":9,"19":10,"20":10,"21":7,"22":7,"23":7,"24":7,"25":10,"26":5,"27":10,"28":10,"29":10,"30":10,"31":10,"32":10,"33":10,"34":10,"35":10,"36":5,"37":10,"38":10,"39":3,"40":3,"41":3},"branchMap":{"0":{"type":"branch","line":5,"loc":{"start":{"line":5,"column":7},"end":{"line":42,"column":1}},"locations":[{"start":{"line":5,"column":7},"end":{"line":42,"column":1}}]},"1":{"type":"branch","line":8,"loc":{"start":{"line":8,"column":13},"end":{"line":8,"column":34}},"locations":[{"start":{"line":8,"column":13},"end":{"line":8,"column":34}}]},"2":{"type":"branch","line":8,"loc":{"start":{"line":8,"column":32},"end":{"line":20,"column":19}},"locations":[{"start":{"line":8,"column":32},"end":{"line":20,"column":19}}]},"3":{"type":"branch","line":20,"loc":{"start":{"line":20,"column":19},"end":{"line":20,"column":58}},"locations":[{"start":{"line":20,"column":19},"end":{"line":20,"column":58}}]},"4":{"type":"branch","line":20,"loc":{"start":{"line":20,"column":57},"end":{"line":21,"column":48}},"locations":[{"start":{"line":20,"column":57},"end":{"line":21,"column":48}}]},"5":{"type":"branch","line":21,"loc":{"start":{"line":21,"column":48},"end":{"line":21,"column":89}},"locations":[{"start":{"line":21,"column":48},"end":{"line":21,"column":89}}]},"6":{"type":"branch","line":21,"loc":{"start":{"line":21,"column":65},"end":{"line":26,"column":40}},"locations":[{"start":{"line":21,"column":65},"end":{"line":26,"column":40}}]},"7":{"type":"branch","line":26,"loc":{"start":{"line":26,"column":40},"end":{"line":26,"column":85}},"locations":[{"start":{"line":26,"column":40},"end":{"line":26,"column":85}}]},"8":{"type":"branch","line":26,"loc":{"start":{"line":26,"column":58},"end":{"line":28,"column":44}},"locations":[{"start":{"line":26,"column":58},"end":{"line":28,"column":44}}]},"9":{"type":"branch","line":28,"loc":{"start":{"line":28,"column":41},"end":{"line":28,"column":71}},"locations":[{"start":{"line":28,"column":41},"end":{"line":28,"column":71}}]},"10":{"type":"branch","line":28,"loc":{"start":{"line":28,"column":66},"end":{"line":28,"column":75}},"locations":[{"start":{"line":28,"column":66},"end":{"line":28,"column":75}}]},"11":{"type":"branch","line":36,"loc":{"start":{"line":36,"column":11},"end":{"line":38,"column":13}},"locations":[{"start":{"line":36,"column":11},"end":{"line":38,"column":13}}]},"12":{"type":"branch","line":38,"loc":{"start":{"line":38,"column":6},"end":{"line":38,"column":22}},"locations":[{"start":{"line":38,"column":6},"end":{"line":38,"column":22}}]},"13":{"type":"branch","line":38,"loc":{"start":{"line":38,"column":34},"end":{"line":38,"column":72}},"locations":[{"start":{"line":38,"column":34},"end":{"line":38,"column":72}}]},"14":{"type":"branch","line":38,"loc":{"start":{"line":38,"column":50},"end":{"line":39,"column":13}},"locations":[{"start":{"line":38,"column":50},"end":{"line":39,"column":13}}]},"15":{"type":"branch","line":39,"loc":{"start":{"line":39,"column":13},"end":{"line":39,"column":46}},"locations":[{"start":{"line":39,"column":13},"end":{"line":39,"column":46}}]},"16":{"type":"branch","line":39,"loc":{"start":{"line":39,"column":45},"end":{"line":42,"column":1}},"locations":[{"start":{"line":39,"column":45},"end":{"line":42,"column":1}}]},"17":{"type":"branch","line":23,"loc":{"start":{"line":23,"column":36},"end":{"line":23,"column":52}},"locations":[{"start":{"line":23,"column":36},"end":{"line":23,"column":52}}]}},"b":{"0":[10],"1":[1],"2":[9],"3":[1],"4":[8],"5":[1],"6":[7],"7":[2],"8":[5],"9":[4],"10":[1],"11":[5],"12":[2],"13":[1],"14":[4],"15":[1],"16":[3],"17":[8]},"fnMap":{"0":{"name":"PATCH","decl":{"start":{"line":5,"column":7},"end":{"line":42,"column":1}},"loc":{"start":{"line":5,"column":7},"end":{"line":42,"column":1}},"line":5}},"f":{"0":10}}
,"/Users/scottrobinson/Desktop/website/app/api/warranty-docs/[planName]/route.ts": {"path":"/Users/scottrobinson/Desktop/website/app/api/warranty-docs/[planName]/route.ts","all":false,"statementMap":{"0":{"start":{"line":1,"column":0},"end":{"line":1,"column":41}},"1":{"start":{"line":2,"column":0},"end":{"line":2,"column":52}},"2":{"start":{"line":3,"column":0},"end":{"line":3,"column":40}},"3":{"start":{"line":4,"column":0},"end":{"line":4,"column":77}},"4":{"start":{"line":5,"column":0},"end":{"line":5,"column":0}},"5":{"start":{"line":6,"column":0},"end":{"line":6,"column":29}},"6":{"start":{"line":7,"column":0},"end":{"line":7,"column":24}},"7":{"start":{"line":8,"column":0},"end":{"line":8,"column":47}},"8":{"start":{"line":9,"column":0},"end":{"line":9,"column":3}},"9":{"start":{"line":10,"column":0},"end":{"line":10,"column":33}},"10":{"start":{"line":11,"column":0},"end":{"line":11,"column":58}},"11":{"start":{"line":12,"column":0},"end":{"line":12,"column":34}},"12":{"start":{"line":13,"column":0},"end":{"line":13,"column":0}},"13":{"start":{"line":14,"column":0},"end":{"line":14,"column":55}},"14":{"start":{"line":15,"column":0},"end":{"line":15,"column":35}},"15":{"start":{"line":16,"column":0},"end":{"line":16,"column":0}},"16":{"start":{"line":17,"column":0},"end":{"line":17,"column":34}},"17":{"start":{"line":18,"column":0},"end":{"line":18,"column":31}},"18":{"start":{"line":19,"column":0},"end":{"line":19,"column":13}},"19":{"start":{"line":20,"column":0},"end":{"line":20,"column":30}},"20":{"start":{"line":21,"column":0},"end":{"line":21,"column":37}},"21":{"start":{"line":22,"column":0},"end":{"line":22,"column":0}},"22":{"start":{"line":23,"column":0},"end":{"line":23,"column":46}},"23":{"start":{"line":24,"column":0},"end":{"line":24,"column":0}},"24":{"start":{"line":25,"column":0},"end":{"line":25,"column":25}},"25":{"start":{"line":26,"column":0},"end":{"line":26,"column":1}}},"s":{"0":1,"1":1,"2":1,"3":1,"4":1,"5":1,"6":5,"7":5,"8":5,"9":5,"10":5,"11":5,"12":4,"13":4,"14":5,"15":3,"16":3,"17":3,"18":3,"19":3,"20":3,"21":3,"22":5,"23":2,"24":2,"25":2},"branchMap":{"0":{"type":"branch","line":6,"loc":{"start":{"line":6,"column":7},"end":{"line":26,"column":1}},"locations":[{"start":{"line":6,"column":7},"end":{"line":26,"column":1}}]},"1":{"type":"branch","line":12,"loc":{"start":{"line":12,"column":13},"end":{"line":12,"column":34}},"locations":[{"start":{"line":12,"column":13},"end":{"line":12,"column":34}}]},"2":{"type":"branch","line":12,"loc":{"start":{"line":12,"column":32},"end":{"line":15,"column":17}},"locations":[{"start":{"line":12,"column":32},"end":{"line":15,"column":17}}]},"3":{"type":"branch","line":15,"loc":{"start":{"line":15,"column":17},"end":{"line":15,"column":35}},"locations":[{"start":{"line":15,"column":17},"end":{"line":15,"column":35}}]},"4":{"type":"branch","line":15,"loc":{"start":{"line":15,"column":33},"end":{"line":23,"column":13}},"locations":[{"start":{"line":15,"column":33},"end":{"line":23,"column":13}}]},"5":{"type":"branch","line":23,"loc":{"start":{"line":23,"column":13},"end":{"line":23,"column":46}},"locations":[{"start":{"line":23,"column":13},"end":{"line":23,"column":46}}]},"6":{"type":"branch","line":23,"loc":{"start":{"line":23,"column":45},"end":{"line":26,"column":1}},"locations":[{"start":{"line":23,"column":45},"end":{"line":26,"column":1}}]}},"b":{"0":[5],"1":[1],"2":[4],"3":[1],"4":[3],"5":[1],"6":[2]},"fnMap":{"0":{"name":"DELETE","decl":{"start":{"line":6,"column":7},"end":{"line":26,"column":1}},"loc":{"start":{"line":6,"column":7},"end":{"line":26,"column":1}},"line":6}},"f":{"0":5}}
,"/Users/scottrobinson/Desktop/website/app/api/warranty-upload/route.ts": {"path":"/Users/scottrobinson/Desktop/website/app/api/warranty-upload/route.ts","all":false,"statementMap":{"0":{"start":{"line":1,"column":0},"end":{"line":1,"column":41}},"1":{"start":{"line":2,"column":0},"end":{"line":2,"column":43}},"2":{"start":{"line":3,"column":0},"end":{"line":3,"column":52}},"3":{"start":{"line":4,"column":0},"end":{"line":4,"column":63}},"4":{"start":{"line":5,"column":0},"end":{"line":5,"column":40}},"5":{"start":{"line":6,"column":0},"end":{"line":6,"column":157}},"6":{"start":{"line":7,"column":0},"end":{"line":7,"column":0}},"7":{"start":{"line":8,"column":0},"end":{"line":8,"column":50}},"8":{"start":{"line":9,"column":0},"end":{"line":9,"column":33}},"9":{"start":{"line":10,"column":0},"end":{"line":10,"column":58}},"10":{"start":{"line":11,"column":0},"end":{"line":11,"column":34}},"11":{"start":{"line":12,"column":0},"end":{"line":12,"column":0}},"12":{"start":{"line":13,"column":0},"end":{"line":13,"column":55}},"13":{"start":{"line":14,"column":0},"end":{"line":14,"column":35}},"14":{"start":{"line":15,"column":0},"end":{"line":15,"column":0}},"15":{"start":{"line":16,"column":0},"end":{"line":16,"column":43}},"16":{"start":{"line":17,"column":0},"end":{"line":17,"column":50}},"17":{"start":{"line":18,"column":0},"end":{"line":18,"column":71}},"18":{"start":{"line":19,"column":0},"end":{"line":19,"column":0}},"19":{"start":{"line":20,"column":0},"end":{"line":20,"column":27}},"20":{"start":{"line":21,"column":0},"end":{"line":21,"column":56}},"21":{"start":{"line":22,"column":0},"end":{"line":22,"column":3}},"22":{"start":{"line":23,"column":0},"end":{"line":23,"column":40}},"23":{"start":{"line":24,"column":0},"end":{"line":24,"column":58}},"24":{"start":{"line":25,"column":0},"end":{"line":25,"column":3}},"25":{"start":{"line":26,"column":0},"end":{"line":26,"column":37}},"26":{"start":{"line":27,"column":0},"end":{"line":27,"column":54}},"27":{"start":{"line":28,"column":0},"end":{"line":28,"column":3}},"28":{"start":{"line":29,"column":0},"end":{"line":29,"column":0}},"29":{"start":{"line":30,"column":0},"end":{"line":30,"column":54}},"30":{"start":{"line":31,"column":0},"end":{"line":31,"column":78}},"31":{"start":{"line":32,"column":0},"end":{"line":32,"column":0}},"32":{"start":{"line":33,"column":0},"end":{"line":33,"column":26}},"33":{"start":{"line":34,"column":0},"end":{"line":34,"column":71}},"34":{"start":{"line":35,"column":0},"end":{"line":35,"column":62}},"35":{"start":{"line":36,"column":0},"end":{"line":36,"column":36}},"36":{"start":{"line":37,"column":0},"end":{"line":37,"column":3}},"37":{"start":{"line":38,"column":0},"end":{"line":38,"column":0}},"38":{"start":{"line":39,"column":0},"end":{"line":39,"column":35}},"39":{"start":{"line":40,"column":0},"end":{"line":40,"column":54}},"40":{"start":{"line":41,"column":0},"end":{"line":41,"column":1}}},"s":{"0":1,"1":1,"2":1,"3":1,"4":1,"5":1,"6":1,"7":1,"8":16,"9":16,"10":16,"11":15,"12":15,"13":16,"14":14,"15":14,"16":14,"17":16,"18":16,"19":16,"20":2,"21":2,"22":16,"23":1,"24":1,"25":16,"26":1,"27":1,"28":10,"29":10,"30":10,"31":10,"32":16,"33":4,"34":4,"35":2,"36":2,"37":6,"38":6,"39":6,"40":6},"branchMap":{"0":{"type":"branch","line":8,"loc":{"start":{"line":8,"column":7},"end":{"line":41,"column":1}},"locations":[{"start":{"line":8,"column":7},"end":{"line":41,"column":1}}]},"1":{"type":"branch","line":11,"loc":{"start":{"line":11,"column":13},"end":{"line":11,"column":34}},"locations":[{"start":{"line":11,"column":13},"end":{"line":11,"column":34}}]},"2":{"type":"branch","line":11,"loc":{"start":{"line":11,"column":32},"end":{"line":14,"column":17}},"locations":[{"start":{"line":11,"column":32},"end":{"line":14,"column":17}}]},"3":{"type":"branch","line":14,"loc":{"start":{"line":14,"column":17},"end":{"line":14,"column":35}},"locations":[{"start":{"line":14,"column":17},"end":{"line":14,"column":35}}]},"4":{"type":"branch","line":14,"loc":{"start":{"line":14,"column":33},"end":{"line":18,"column":65}},"locations":[{"start":{"line":14,"column":33},"end":{"line":18,"column":65}}]},"5":{"type":"branch","line":18,"loc":{"start":{"line":18,"column":33},"end":{"line":18,"column":71}},"locations":[{"start":{"line":18,"column":33},"end":{"line":18,"column":71}}]},"6":{"type":"branch","line":20,"loc":{"start":{"line":20,"column":7},"end":{"line":20,"column":26}},"locations":[{"start":{"line":20,"column":7},"end":{"line":20,"column":26}}]},"7":{"type":"branch","line":20,"loc":{"start":{"line":20,"column":26},"end":{"line":22,"column":3}},"locations":[{"start":{"line":20,"column":26},"end":{"line":22,"column":3}}]},"8":{"type":"branch","line":22,"loc":{"start":{"line":22,"column":2},"end":{"line":23,"column":39}},"locations":[{"start":{"line":22,"column":2},"end":{"line":23,"column":39}}]},"9":{"type":"branch","line":23,"loc":{"start":{"line":23,"column":39},"end":{"line":25,"column":3}},"locations":[{"start":{"line":23,"column":39},"end":{"line":25,"column":3}}]},"10":{"type":"branch","line":25,"loc":{"start":{"line":25,"column":2},"end":{"line":26,"column":36}},"locations":[{"start":{"line":25,"column":2},"end":{"line":26,"column":36}}]},"11":{"type":"branch","line":26,"loc":{"start":{"line":26,"column":36},"end":{"line":28,"column":3}},"locations":[{"start":{"line":26,"column":36},"end":{"line":28,"column":3}}]},"12":{"type":"branch","line":28,"loc":{"start":{"line":28,"column":2},"end":{"line":33,"column":25}},"locations":[{"start":{"line":28,"column":2},"end":{"line":33,"column":25}}]},"13":{"type":"branch","line":33,"loc":{"start":{"line":33,"column":25},"end":{"line":37,"column":3}},"locations":[{"start":{"line":33,"column":25},"end":{"line":37,"column":3}}]},"14":{"type":"branch","line":34,"loc":{"start":{"line":34,"column":31},"end":{"line":34,"column":71}},"locations":[{"start":{"line":34,"column":31},"end":{"line":34,"column":71}}]},"15":{"type":"branch","line":34,"loc":{"start":{"line":34,"column":70},"end":{"line":35,"column":31}},"locations":[{"start":{"line":34,"column":70},"end":{"line":35,"column":31}}]},"16":{"type":"branch","line":35,"loc":{"start":{"line":35,"column":31},"end":{"line":35,"column":62}},"locations":[{"start":{"line":35,"column":31},"end":{"line":35,"column":62}}]},"17":{"type":"branch","line":35,"loc":{"start":{"line":35,"column":61},"end":{"line":37,"column":3}},"locations":[{"start":{"line":35,"column":61},"end":{"line":37,"column":3}}]},"18":{"type":"branch","line":37,"loc":{"start":{"line":37,"column":2},"end":{"line":41,"column":1}},"locations":[{"start":{"line":37,"column":2},"end":{"line":41,"column":1}}]}},"b":{"0":[16],"1":[1],"2":[15],"3":[1],"4":[14],"5":[13],"6":[13],"7":[2],"8":[12],"9":[1],"10":[11],"11":[1],"12":[10],"13":[4],"14":[1],"15":[3],"16":[1],"17":[2],"18":[6]},"fnMap":{"0":{"name":"POST","decl":{"start":{"line":8,"column":7},"end":{"line":41,"column":1}},"loc":{"start":{"line":8,"column":7},"end":{"line":41,"column":1}},"line":8}},"f":{"0":16}}
,"/Users/scottrobinson/Desktop/website/app/auth/callback/route.ts": {"path":"/Users/scottrobinson/Desktop/website/app/auth/callback/route.ts","all":false,"statementMap":{"0":{"start":{"line":1,"column":0},"end":{"line":1,"column":70}},"1":{"start":{"line":2,"column":0},"end":{"line":2,"column":38}},"2":{"start":{"line":3,"column":0},"end":{"line":3,"column":42}},"3":{"start":{"line":4,"column":0},"end":{"line":4,"column":0}},"4":{"start":{"line":5,"column":0},"end":{"line":5,"column":45}},"5":{"start":{"line":6,"column":0},"end":{"line":6,"column":55}},"6":{"start":{"line":7,"column":0},"end":{"line":7,"column":39}},"7":{"start":{"line":8,"column":0},"end":{"line":8,"column":48}},"8":{"start":{"line":9,"column":0},"end":{"line":9,"column":92}},"9":{"start":{"line":10,"column":0},"end":{"line":10,"column":0}},"10":{"start":{"line":11,"column":0},"end":{"line":11,"column":13}},"11":{"start":{"line":12,"column":0},"end":{"line":12,"column":33}},"12":{"start":{"line":13,"column":0},"end":{"line":13,"column":40}},"13":{"start":{"line":14,"column":0},"end":{"line":14,"column":44}},"14":{"start":{"line":15,"column":0},"end":{"line":15,"column":49}},"15":{"start":{"line":16,"column":0},"end":{"line":16,"column":7}},"16":{"start":{"line":17,"column":0},"end":{"line":17,"column":18}},"17":{"start":{"line":18,"column":0},"end":{"line":18,"column":20}},"18":{"start":{"line":19,"column":0},"end":{"line":19,"column":39}},"19":{"start":{"line":20,"column":0},"end":{"line":20,"column":12}},"20":{"start":{"line":21,"column":0},"end":{"line":21,"column":62}},"21":{"start":{"line":22,"column":0},"end":{"line":22,"column":62}},"22":{"start":{"line":23,"column":0},"end":{"line":23,"column":51}},"23":{"start":{"line":24,"column":0},"end":{"line":24,"column":13}},"24":{"start":{"line":25,"column":0},"end":{"line":25,"column":12}},"25":{"start":{"line":26,"column":0},"end":{"line":26,"column":10}},"26":{"start":{"line":27,"column":0},"end":{"line":27,"column":7}},"27":{"start":{"line":28,"column":0},"end":{"line":28,"column":5}},"28":{"start":{"line":29,"column":0},"end":{"line":29,"column":0}},"29":{"start":{"line":30,"column":0},"end":{"line":30,"column":70}},"30":{"start":{"line":31,"column":0},"end":{"line":31,"column":64}},"31":{"start":{"line":32,"column":0},"end":{"line":32,"column":3}},"32":{"start":{"line":33,"column":0},"end":{"line":33,"column":0}},"33":{"start":{"line":34,"column":0},"end":{"line":34,"column":76}},"34":{"start":{"line":35,"column":0},"end":{"line":35,"column":1}}},"s":{"0":1,"1":1,"2":1,"3":1,"4":1,"5":7,"6":7,"7":7,"8":7,"9":7,"10":7,"11":6,"12":6,"13":6,"14":6,"15":6,"16":6,"17":6,"18":1,"19":1,"20":6,"21":1,"22":1,"23":1,"24":1,"25":6,"26":6,"27":6,"28":6,"29":6,"30":6,"31":6,"32":2,"33":2,"34":2},"branchMap":{"0":{"type":"branch","line":5,"loc":{"start":{"line":5,"column":7},"end":{"line":35,"column":1}},"locations":[{"start":{"line":5,"column":7},"end":{"line":35,"column":1}}]},"1":{"type":"branch","line":8,"loc":{"start":{"line":8,"column":35},"end":{"line":8,"column":48}},"locations":[{"start":{"line":8,"column":35},"end":{"line":8,"column":48}}]},"2":{"type":"branch","line":9,"loc":{"start":{"line":9,"column":34},"end":{"line":9,"column":70}},"locations":[{"start":{"line":9,"column":34},"end":{"line":9,"column":70}}]},"3":{"type":"branch","line":9,"loc":{"start":{"line":9,"column":62},"end":{"line":9,"column":80}},"locations":[{"start":{"line":9,"column":62},"end":{"line":9,"column":80}}]},"4":{"type":"branch","line":9,"loc":{"start":{"line":9,"column":70},"end":{"line":9,"column":92}},"locations":[{"start":{"line":9,"column":70},"end":{"line":9,"column":92}}]},"5":{"type":"branch","line":11,"loc":{"start":{"line":11,"column":12},"end":{"line":32,"column":3}},"locations":[{"start":{"line":11,"column":12},"end":{"line":32,"column":3}}]},"6":{"type":"branch","line":31,"loc":{"start":{"line":31,"column":16},"end":{"line":31,"column":64}},"locations":[{"start":{"line":31,"column":16},"end":{"line":31,"column":64}}]},"7":{"type":"branch","line":32,"loc":{"start":{"line":32,"column":2},"end":{"line":35,"column":1}},"locations":[{"start":{"line":32,"column":2},"end":{"line":35,"column":1}}]},"8":{"type":"branch","line":18,"loc":{"start":{"line":18,"column":10},"end":{"line":20,"column":12}},"locations":[{"start":{"line":18,"column":10},"end":{"line":20,"column":12}}]},"9":{"type":"branch","line":21,"loc":{"start":{"line":21,"column":10},"end":{"line":25,"column":12}},"locations":[{"start":{"line":21,"column":10},"end":{"line":25,"column":12}}]},"10":{"type":"branch","line":22,"loc":{"start":{"line":22,"column":33},"end":{"line":23,"column":51}},"locations":[{"start":{"line":22,"column":33},"end":{"line":23,"column":51}}]}},"b":{"0":[7],"1":[5],"2":[2],"3":[1],"4":[6],"5":[6],"6":[5],"7":[2],"8":[1],"9":[1],"10":[1]},"fnMap":{"0":{"name":"GET","decl":{"start":{"line":5,"column":7},"end":{"line":35,"column":1}},"loc":{"start":{"line":5,"column":7},"end":{"line":35,"column":1}},"line":5},"1":{"name":"getAll","decl":{"start":{"line":18,"column":10},"end":{"line":20,"column":12}},"loc":{"start":{"line":18,"column":10},"end":{"line":20,"column":12}},"line":18},"2":{"name":"setAll","decl":{"start":{"line":21,"column":10},"end":{"line":25,"column":12}},"loc":{"start":{"line":21,"column":10},"end":{"line":25,"column":12}},"line":21}},"f":{"0":7,"1":1,"2":1}}
[...]
"line":8,"column":0},"end":{"line":8,"column":42}},"8":{"start":{"line":9,"column":0},"end":{"line":9,"column":17}},"9":{"start":{"line":10,"column":0},"end":{"line":10,"column":18}},"10":{"start":{"line":11,"column":0},"end":{"line":11,"column":33}},"11":{"start":{"line":12,"column":0},"end":{"line":12,"column":44}},"12":{"start":{"line":13,"column":0},"end":{"line":13,"column":18}},"13":{"start":{"line":14,"column":0},"end":{"line":14,"column":38}},"14":{"start":{"line":15,"column":0},"end":{"line":15,"column":21}},"15":{"start":{"line":16,"column":0},"end":{"line":16,"column":13}},"16":{"start":{"line":17,"column":0},"end":{"line":17,"column":0}},"17":{"start":{"line":18,"column":0},"end":{"line":18,"column":65}},"18":{"start":{"line":19,"column":0},"end":{"line":19,"column":0}},"19":{"start":{"line":20,"column":0},"end":{"line":20,"column":41}},"20":{"start":{"line":21,"column":0},"end":{"line":21,"column":20}},"21":{"start":{"line":22,"column":0},"end":{"line":22,"column":34}},"22":{"start":{"line":23,"column":0},"end":{"line":23,"column":34}},"23":{"start":{"line":24,"column":0},"end":{"line":24,"column":13}},"24":{"start":{"line":25,"column":0},"end":{"line":25,"column":0}},"25":{"start":{"line":26,"column":0},"end":{"line":26,"column":37}},"26":{"start":{"line":27,"column":0},"end":{"line":27,"column":75}},"27":{"start":{"line":28,"column":0},"end":{"line":28,"column":3}},"28":{"start":{"line":29,"column":0},"end":{"line":29,"column":0}},"29":{"start":{"line":30,"column":0},"end":{"line":30,"column":93}},"30":{"start":{"line":31,"column":0},"end":{"line":31,"column":21}},"31":{"start":{"line":32,"column":0},"end":{"line":32,"column":33}},"32":{"start":{"line":33,"column":0},"end":{"line":33,"column":0}},"33":{"start":{"line":34,"column":0},"end":{"line":34,"column":68}},"34":{"start":{"line":35,"column":0},"end":{"line":35,"column":0}},"35":{"start":{"line":36,"column":0},"end":{"line":36,"column":78}},"36":{"start":{"line":37,"column":0},"end":{"line":37,"column":20}},"37":{"start":{"line":38,"column":0},"end":{"line":38,"column":35}},"38":{"start":{"line":39,"column":0},"end":{"line":39,"column":18}},"39":{"start":{"line":40,"column":0},"end":{"line":40,"column":21}},"40":{"start":{"line":41,"column":0},"end":{"line":41,"column":4}},"41":{"start":{"line":42,"column":0},"end":{"line":42,"column":0}},"42":{"start":{"line":43,"column":0},"end":{"line":43,"column":20}},"43":{"start":{"line":44,"column":0},"end":{"line":44,"column":12}},"44":{"start":{"line":45,"column":0},"end":{"line":45,"column":75}},"45":{"start":{"line":46,"column":0},"end":{"line":46,"column":18}},"46":{"start":{"line":47,"column":0},"end":{"line":47,"column":5}},"47":{"start":{"line":48,"column":0},"end":{"line":48,"column":3}},"48":{"start":{"line":49,"column":0},"end":{"line":49,"column":0}},"49":{"start":{"line":50,"column":0},"end":{"line":50,"column":13}},"50":{"start":{"line":51,"column":0},"end":{"line":51,"column":1}}},"s":{"0":1,"1":1,"2":1,"3":1,"4":1,"5":1,"6":14,"7":14,"8":14,"9":14,"10":14,"11":14,"12":14,"13":14,"14":14,"15":14,"16":14,"17":14,"18":12,"19":12,"20":12,"21":12,"22":12,"23":12,"24":12,"25":14,"26":2,"27":2,"28":10,"29":10,"30":10,"31":10,"32":10,"33":10,"34":6,"35":6,"36":6,"37":6,"38":6,"39":6,"40":6,"41":6,"42":14,"43":2,"44":2,"45":2,"46":2,"47":2,"48":4,"49":4,"50":4},"branchMap":{"0":{"type":"branch","line":6,"loc":{"start":{"line":6,"column":7},"end":{"line":51,"column":1}},"locations":[{"start":{"line":6,"column":7},"end":{"line":51,"column":1}}]},"1":{"type":"branch","line":18,"loc":{"start":{"line":18,"column":18},"end":{"line":18,"column":65}},"locations":[{"start":{"line":18,"column":18},"end":{"line":18,"column":65}}]},"2":{"type":"branch","line":18,"loc":{"start":{"line":18,"column":64},"end":{"line":26,"column":36}},"locations":[{"start":{"line":18,"column":64},"end":{"line":26,"column":36}}]},"3":{"type":"branch","line":26,"loc":{"start":{"line":26,"column":36},"end":{"line":28,"column":3}},"locations":[{"start":{"line":26,"column":36},"end":{"line":28,"column":3}}]},"4":{"type":"branch","line":28,"loc":{"start":{"line":28,"column":2},"end":{"line":43,"column":19}},"locations":[{"start":{"line":28,"column":2},"end":{"line":43,"column":19}}]},"5":{"type":"branch","line":34,"loc":{"start":{"line":34,"column":16},"end":{"line":34,"column":68}},"locations":[{"start":{"line":34,"column":16},"end":{"line":34,"column":68}}]},"6":{"type":"branch","line":34,"loc":{"start":{"line":34,"column":67},"end":{"line":43,"column":19}},"locations":[{"start":{"line":34,"column":67},"end":{"line":43,"column":19}}]},"7":{"type":"branch","line":43,"loc":{"start":{"line":43,"column":19},"end":{"line":51,"column":1}},"locations":[{"start":{"line":43,"column":19},"end":{"line":51,"column":1}}]},"8":{"type":"branch","line":43,"loc":{"start":{"line":43,"column":19},"end":{"line":48,"column":3}},"locations":[{"start":{"line":43,"column":19},"end":{"line":48,"column":3}}]},"9":{"type":"branch","line":48,"loc":{"start":{"line":48,"column":2},"end":{"line":51,"column":1}},"locations":[{"start":{"line":48,"column":2},"end":{"line":51,"column":1}}]},"10":{"type":"branch","line":31,"loc":{"start":{"line":31,"column":10},"end":{"line":31,"column":21}},"locations":[{"start":{"line":31,"column":10},"end":{"line":31,"column":21}}]},"11":{"type":"branch","line":32,"loc":{"start":{"line":32,"column":11},"end":{"line":32,"column":33}},"locations":[{"start":{"line":32,"column":11},"end":{"line":32,"column":33}}]}},"b":{"0":[14],"1":[2],"2":[12],"3":[2],"4":[10],"5":[4],"6":[6],"7":[9],"8":[2],"9":[4],"10":[6],"11":[4]},"fnMap":{"0":{"name":"sendMessageToHomeowner","decl":{"start":{"line":6,"column":7},"end":{"line":51,"column":1}},"loc":{"start":{"line":6,"column":7},"end":{"line":51,"column":1}},"line":6}},"f":{"0":14}}
,"/Users/scottrobinson/Desktop/website/lib/services/warrantyDocs.ts": {"path":"/Users/scottrobinson/Desktop/website/lib/services/warrantyDocs.ts","all":false,"statementMap":{"0":{"start":{"line":1,"column":0},"end":{"line":1,"column":59}},"1":{"start":{"line":2,"column":0},"end":{"line":2,"column":58}},"2":{"start":{"line":3,"column":0},"end":{"line":3,"column":41}},"3":{"start":{"line":4,"column":0},"end":{"line":4,"column":0}},"4":{"start":{"line":5,"column":0},"end":{"line":5,"column":53}},"5":{"start":{"line":6,"column":0},"end":{"line":6,"column":48}},"6":{"start":{"line":7,"column":0},"end":{"line":7,"column":0}},"7":{"start":{"line":8,"column":0},"end":{"line":8,"column":40}},"8":{"start":{"line":9,"column":0},"end":{"line":9,"column":64}},"9":{"start":{"line":10,"column":0},"end":{"line":10,"column":42}},"10":{"start":{"line":11,"column":0},"end":{"line":11,"column":19}},"11":{"start":{"line":12,"column":0},"end":{"line":12,"column":19}},"12":{"start":{"line":13,"column":0},"end":{"line":13,"column":17}},"13":{"start":{"line":14,"column":0},"end":{"line":14,"column":43}},"14":{"start":{"line":15,"column":0},"end":{"line":15,"column":22}},"15":{"start":{"line":16,"column":0},"end":{"line":16,"column":7}},"16":{"start":{"line":17,"column":0},"end":{"line":17,"column":42}},"17":{"start":{"line":18,"column":0},"end":{"line":18,"column":17}},"18":{"start":{"line":19,"column":0},"end":{"line":19,"column":39}},"19":{"start":{"line":20,"column":0},"end":{"line":20,"column":58}},"20":{"start":{"line":21,"column":0},"end":{"line":21,"column":5}},"21":{"start":{"line":22,"column":0},"end":{"line":22,"column":58}},"22":{"start":{"line":23,"column":0},"end":{"line":23,"column":3}},"23":{"start":{"line":24,"column":0},"end":{"line":24,"column":28}},"24":{"start":{"line":25,"column":0},"end":{"line":25,"column":77}},"25":{"start":{"line":26,"column":0},"end":{"line":26,"column":3}},"26":{"start":{"line":27,"column":0},"end":{"line":27,"column":0}},"27":{"start":{"line":28,"column":0},"end":{"line":28,"column":28}},"28":{"start":{"line":29,"column":0},"end":{"line":29,"column":7}},"29":{"start":{"line":30,"column":0},"end":{"line":30,"column":42}},"30":{"start":{"line":31,"column":0},"end":{"line":31,"column":11}},"31":{"start":{"line":32,"column":0},"end":{"line":32,"column":66}},"32":{"start":{"line":33,"column":0},"end":{"line":33,"column":3}},"33":{"start":{"line":34,"column":0},"end":{"line":34,"column":0}},"34":{"start":{"line":35,"column":0},"end":{"line":35,"column":63}},"35":{"start":{"line":36,"column":0},"end":{"line":36,"column":43}},"36":{"start":{"line":37,"column":0},"end":{"line":37,"column":31}},"37":{"start":{"line":38,"column":0},"end":{"line":38,"column":17}},"38":{"start":{"line":39,"column":0},"end":{"line":39,"column":30}},"39":{"start":{"line":40,"column":0},"end":{"line":40,"column":30}},"40":{"start":{"line":41,"column":0},"end":{"line":41,"column":0}},"41":{"start":{"line":42,"column":0},"end":{"line":42,"column":66}},"42":{"start":{"line":43,"column":0},"end":{"line":43,"column":0}},"43":{"start":{"line":44,"column":0},"end":{"line":44,"column":44}},"44":{"start":{"line":45,"column":0},"end":{"line":45,"column":24}},"45":{"start":{"line":46,"column":0},"end":{"line":46,"column":24}},"46":{"start":{"line":47,"column":0},"end":{"line":47,"column":19}},"47":{"start":{"line":48,"column":0},"end":{"line":48,"column":12}},"48":{"start":{"line":49,"column":0},"end":{"line":49,"column":29}},"49":{"start":{"line":50,"column":0},"end":{"line":50,"column":5}},"50":{"start":{"line":51,"column":0},"end":{"line":51,"column":0}},"51":{"start":{"line":52,"column":0},"end":{"line":52,"column":87}},"52":{"start":{"line":53,"column":0},"end":{"line":53,"column":0}},"53":{"start":{"line":54,"column":0},"end":{"line":54,"column":20}},"54":{"start":{"line":55,"column":0},"end":{"line":55,"column":54}},"55":{"start":{"line":56,"column":0},"end":{"line":56,"column":3}},"56":{"start":{"line":57,"column":0},"end":{"line":57,"column":0}},"57":{"start":{"line":58,"column":0},"end":{"line":58,"column":26}},"58":{"start":{"line":59,"column":0},"end":{"line":59,"column":49}},"59":{"start":{"line":60,"column":0},"end":{"line":60,"column":33}},"60":{"start":{"line":61,"column":0},"end":{"line":61,"column":15}},"61":{"start":{"line":62,"column":0},"end":{"line":62,"column":23}},"62":{"start":{"line":63,"column":0},"end":{"line":63,"column":0}},"63":{"start":{"line":64,"column":0},"end":{"line":64,"column":22}},"64":{"start":{"line":65,"column":0},"end":{"line":65,"column":14}},"65":{"start":{"line":66,"column":0},"end":{"line":66,"column":93}},"66":{"start":{"line":67,"column":0},"end":{"line":67,"column":20}},"67":{"start":{"line":68,"column":0},"end":{"line":68,"column":7}},"68":{"start":{"line":69,"column":0},"end":{"line":69,"column":5}},"69":{"start":{"line":70,"column":0},"end":{"line":70,"column":3}},"70":{"start":{"line":71,"column":0},"end":{"line":71,"column":0}},"71":{"start":{"line":72,"column":0},"end":{"line":72,"column":42}},"72":{"start":{"line":73,"column":0},"end":{"line":73,"column":1}}},"s":{"0":1,"1":1,"2":1,"3":1,"4":1,"5":1,"6":1,"7":1,"8":20,"9":20,"10":20,"11":20,"12":20,"13":20,"14":20,"15":20,"16":20,"17":20,"18":2,"19":1,"20":1,"21":1,"22":1,"23":20,"24":2,"25":2,"26":16,"27":16,"28":16,"29":16,"30":20,"31":2,"32":2,"33":14,"34":14,"35":14,"36":14,"37":14,"38":14,"39":14,"40":14,"41":20,"42":20,"43":20,"44":28,"45":28,"46":28,"47":28,"48":28,"49":28,"50":20,"51":20,"52":14,"53":20,"54":1,"55":1,"56":13,"57":20,"58":4,"59":4,"60":4,"61":4,"62":4,"63":4,"64":2,"65":2,"66":2,"67":2,"68":2,"69":4,"70":11,"71":11,"72":11},"branchMap":{"0":{"type":"branch","line":8,"loc":{"start":{"line":8,"column":7},"end":{"line":73,"column":1}},"locations":[{"start":{"line":8,"column":7},"end":{"line":73,"column":1}}]},"1":{"type":"branch","line":17,"loc":{"start":{"line":17,"column":35},"end":{"line":18,"column":4}},"locations":[{"start":{"line":17,"column":35},"end":{"line":18,"column":4}}]},"2":{"type":"branch","line":18,"loc":{"start":{"line":18,"column":4},"end":{"line":23,"column":3}},"locations":[{"start":{"line":18,"column":4},"end":{"line":23,"column":3}}]},"3":{"type":"branch","line":19,"loc":{"start":{"line":19,"column":38},"end":{"line":23,"column":3}},"locations":[{"start":{"line":19,"column":38},"end":{"line":23,"column":3}}]},"4":{"type":"branch","line":23,"loc":{"start":{"line":23,"column":2},"end":{"line":24,"column":27}},"locations":[{"start":{"line":23,"column":2},"end":{"line":24,"column":27}}]},"5":{"type":"branch","line":24,"loc":{"start":{"line":24,"column":27},"end":{"line":26,"column":3}},"locations":[{"start":{"line":24,"column":27},"end":{"line":26,"column":3}}]},"6":{"type":"branch","line":26,"loc":{"start":{"line":26,"column":2},"end":{"line":30,"column":42}},"locations":[{"start":{"line":26,"column":2},"end":{"line":30,"column":42}}]},"7":{"type":"branch","line":30,"loc":{"start":{"line":30,"column":35},"end":{"line":31,"column":4}},"locations":[{"start":{"line":30,"column":35},"end":{"line":31,"column":4}}]},"8":{"type":"branch","line":31,"loc":{"start":{"line":31,"column":4},"end":{"line":33,"column":3}},"locations":[{"start":{"line":31,"column":4},"end":{"line":33,"column":3}}]},"9":{"type":"branch","line":33,"loc":{"start":{"line":33,"column":2},"end":{"line":42,"column":30}},"locations":[{"start":{"line":33,"column":2},"end":{"line":42,"column":30}}]},"10":{"type":"branch","line":42,"loc":{"start":{"line":42,"column":18},"end":{"line":42,"column":32}},"locations":[{"start":{"line":42,"column":18},"end":{"line":42,"column":32}}]},"11":{"type":"branch","line":52,"loc":{"start":{"line":52,"column":82},"end":{"line":54,"column":19}},"locations":[{"start":{"line":52,"column":82},"end":{"line":54,"column":19}}]},"12":{"type":"branch","line":54,"loc":{"start":{"line":54,"column":19},"end":{"line":56,"column":3}},"locations":[{"start":{"line":54,"column":19},"end":{"line":56,"column":3}}]},"13":{"type":"branch","line":56,"loc":{"start":{"line":56,"column":2},"end":{"line":58,"column":25}},"locations":[{"start":{"line":56,"column":2},"end":{"line":58,"column":25}}]},"14":{"type":"branch","line":58,"loc":{"start":{"line":58,"column":25},"end":{"line":70,"column":3}},"locations":[{"start":{"line":58,"column":25},"end":{"line":70,"column":3}}]},"15":{"type":"branch","line":64,"loc":{"start":{"line":64,"column":21},"end":{"line":69,"column":5}},"locations":[{"start":{"line":64,"column":21},"end":{"line":69,"column":5}}]},"16":{"type":"branch","line":70,"loc":{"start":{"line":70,"column":2},"end":{"line":73,"column":1}},"locations":[{"start":{"line":70,"column":2},"end":{"line":73,"column":1}}]},"17":{"type":"branch","line":42,"loc":{"start":{"line":42,"column":38},"end":{"line":42,"column":65}},"locations":[{"start":{"line":42,"column":38},"end":{"line":42,"column":65}}]},"18":{"type":"branch","line":44,"loc":{"start":{"line":44,"column":26},"end":{"line":50,"column":5}},"locations":[{"start":{"line":44,"column":26},"end":{"line":50,"column":5}}]}},"b":{"0":[20],"1":[18],"2":[2],"3":[1],"4":[18],"5":[2],"6":[16],"7":[14],"8":[2],"9":[14],"10":[1],"11":[14],"12":[1],"13":[13],"14":[4],"15":[2],"16":[11],"17":[5],"18":[28]},"fnMap":{"0":{"name":"uploadWarrantyDoc","decl":{"start":{"line":8,"column":7},"end":{"line":73,"column":1}},"loc":{"start":{"line":8,"column":7},"end":{"line":73,"column":1}},"line":8}},"f":{"0":20}}
,"/Users/scottrobinson/Desktop/website/lib/supabase/client.ts": {"path":"/Users/scottrobinson/Desktop/website/lib/supabase/client.ts","all":false,"statementMap":{"0":{"start":{"line":1,"column":0},"end":{"line":1,"column":51}},"1":{"start":{"line":2,"column":0},"end":{"line":2,"column":0}},"2":{"start":{"line":3,"column":0},"end":{"line":3,"column":32}},"3":{"start":{"line":4,"column":0},"end":{"line":4,"column":29}},"4":{"start":{"line":5,"column":0},"end":{"line":5,"column":42}},"5":{"start":{"line":6,"column":0},"end":{"line":6,"column":46}},"6":{"start":{"line":7,"column":0},"end":{"line":7,"column":3}},"7":{"start":{"line":8,"column":0},"end":{"line":8,"column":1}}},"s":{"0":1,"1":1,"2":1,"3":5,"4":5,"5":5,"6":5,"7":5},"branchMap":{"0":{"type":"branch","line":3,"loc":{"start":{"line":3,"column":7},"end":{"line":8,"column":1}},"locations":[{"start":{"line":3,"column":7},"end":{"line":8,"column":1}}]}},"b":{"0":[5]},"fnMap":{"0":{"name":"createClient","decl":{"start":{"line":3,"column":7},"end":{"line":8,"column":1}},"loc":{"start":{"line":3,"column":7},"end":{"line":8,"column":1}},"line":3}},"f":{"0":5}}
,"/Users/scottrobinson/Desktop/website/lib/supabase/server.ts": {"path":"/Users/scottrobinson/Desktop/website/lib/supabase/server.ts","all":false,"statementMap":{"0":{"start":{"line":1,"column":0},"end":{"line":1,"column":70}},"1":{"start":{"line":2,"column":0},"end":{"line":2,"column":38}},"2":{"start":{"line":3,"column":0},"end":{"line":3,"column":0}},"3":{"start":{"line":4,"column":0},"end":{"line":4,"column":32}},"4":{"start":{"line":5,"column":0},"end":{"line":5,"column":31}},"5":{"start":{"line":6,"column":0},"end":{"line":6,"column":28}},"6":{"start":{"line":7,"column":0},"end":{"line":7,"column":42}},"7":{"start":{"line":8,"column":0},"end":{"line":8,"column":47}},"8":{"start":{"line":9,"column":0},"end":{"line":9,"column":5}},"9":{"start":{"line":10,"column":0},"end":{"line":10,"column":16}},"10":{"start":{"line":11,"column":0},"end":{"line":11,"column":18}},"11":{"start":{"line":12,"column":0},"end":{"line":12,"column":37}},"12":{"start":{"line":13,"column":0},"end":{"line":13,"column":10}},"13":{"start":{"line":14,"column":0},"end":{"line":14,"column":60}},"14":{"start":{"line":15,"column":0},"end":{"line":15,"column":15}},"15":{"start":{"line":16,"column":0},"end":{"line":16,"column":62}},"16":{"start":{"line":17,"column":0},"end":{"line":17,"column":51}},"17":{"start":{"line":18,"column":0},"end":{"line":18,"column":13}},"18":{"start":{"line":19,"column":0},"end":{"line":19,"column":19}},"19":{"start":{"line":20,"column":0},"end":{"line":20,"column":74}},"20":{"start":{"line":21,"column":0},"end":{"line":21,"column":69}},"21":{"start":{"line":22,"column":0},"end":{"line":22,"column":11}},"22":{"start":{"line":23,"column":0},"end":{"line":23,"column":10}},"23":{"start":{"line":24,"column":0},"end":{"line":24,"column":8}},"24":{"start":{"line":25,"column":0},"end":{"line":25,"column":5}},"25":{"start":{"line":26,"column":0},"end":{"line":26,"column":3}},"26":{"start":{"line":27,"column":0},"end":{"line":27,"column":1}}},"s":{"0":1,"1":1,"2":1,"3":1,"4":4,"5":4,"6":4,"7":4,"8":4,"9":4,"10":4,"11":1,"12":1,"13":4,"14":2,"15":2,"16":3,"17":2,"18":2,"19":1,"20":1,"21":1,"22":2,"23":4,"24":4,"25":4,"26":4},"branchMap":{"0":{"type":"branch","line":4,"loc":{"start":{"line":4,"column":7},"end":{"line":27,"column":1}},"locations":[{"start":{"line":4,"column":7},"end":{"line":27,"column":1}}]},"1":{"type":"branch","line":11,"loc":{"start":{"line":11,"column":8},"end":{"line":13,"column":10}},"locations":[{"start":{"line":11,"column":8},"end":{"line":13,"column":10}}]},"2":{"type":"branch","line":14,"loc":{"start":{"line":14,"column":8},"end":{"line":23,"column":10}},"locations":[{"start":{"line":14,"column":8},"end":{"line":23,"column":10}}]},"3":{"type":"branch","line":19,"loc":{"start":{"line":19,"column":12},"end":{"line":22,"column":11}},"locations":[{"start":{"line":19,"column":12},"end":{"line":22,"column":11}}]},"4":{"type":"branch","line":16,"loc":{"start":{"line":16,"column":33},"end":{"line":17,"column":51}},"locations":[{"start":{"line":16,"column":33},"end":{"line":17,"column":51}}]}},"b":{"0":[4],"1":[1],"2":[2],"3":[1],"4":[3]},"fnMap":{"0":{"name":"createClient","decl":{"start":{"line":4,"column":7},"end":{"line":27,"column":1}},"loc":{"start":{"line":4,"column":7},"end":{"line":27,"column":1}},"line":4},"1":{"name":"getAll","decl":{"start":{"line":11,"column":8},"end":{"line":13,"column":10}},"loc":{"start":{"line":11,"column":8},"end":{"line":13,"column":10}},"line":11},"2":{"name":"setAll","decl":{"start":{"line":14,"column":8},"end":{"line":23,"column":10}},"loc":{"start":{"line":14,"column":8},"end":{"line":23,"column":10}},"line":14}},"f":{"0":4,"1":1,"2":2}}
}
