TN:
SF:middleware.ts
FN:4,middleware
FN:12,getAll
FN:15,setAll
FNF:3
FNH:3
FNDA:11,middleware
FNDA:1,getAll
FNDA:3,setAll
DA:1,1
DA:2,1
DA:3,1
DA:4,1
DA:5,11
DA:6,11
DA:7,11
DA:8,11
DA:9,11
DA:10,11
DA:11,11
DA:12,11
DA:13,1
DA:14,1
DA:15,11
DA:16,3
DA:17,3
DA:18,3
DA:19,3
DA:20,3
DA:21,3
DA:22,11
DA:23,11
DA:24,11
DA:25,11
DA:26,11
DA:27,11
DA:28,11
DA:29,3
DA:30,3
DA:31,3
DA:32,3
DA:33,1
DA:34,3
DA:35,3
DA:36,3
DA:37,8
DA:38,8
DA:39,11
DA:40,4
DA:41,4
DA:42,4
DA:43,4
DA:44,2
DA:45,4
DA:46,4
DA:47,4
DA:48,4
DA:49,4
DA:50,4
DA:51,1
DA:52,1
DA:53,1
DA:54,1
LF:54
LH:54
BRDA:4,0,0,11
BRDA:28,1,0,6
BRDA:28,2,0,3
BRDA:36,3,0,8
BRDA:39,4,0,5
BRDA:39,5,0,4
BRDA:12,6,0,1
BRDA:15,7,0,3
BRDA:16,8,0,3
BRDA:18,9,0,3
BRDA:32,10,0,1
BRDA:43,11,0,2
BRF:12
BRH:12
end_of_record
TN:
SF:app/layout.tsx
FN:24,RootLayout
FNF:1
FNH:1
FNDA:4,RootLayout
DA:1,1
DA:2,1
DA:3,1
DA:4,1
DA:5,1
DA:6,1
DA:7,1
DA:8,1
DA:9,1
DA:10,1
DA:11,1
DA:12,1
DA:13,1
DA:14,1
DA:15,1
DA:16,1
DA:17,1
DA:18,1
DA:19,1
DA:20,1
DA:21,1
DA:22,1
DA:23,1
DA:24,1
DA:25,4
DA:26,4
DA:27,4
DA:28,4
DA:29,4
DA:30,4
DA:31,4
DA:32,4
DA:33,4
DA:34,4
LF:34
LH:34
BRDA:8,0,0,2
BRDA:24,1,0,4
BRF:2
BRH:2
end_of_record
TN:
SF:app/opengraph-image.tsx
FN:8,OGImage
FNF:1
FNH:1
FNDA:3,OGImage
DA:1,1
DA:2,1
DA:3,1
DA:4,1
DA:5,1
DA:6,1
DA:7,1
DA:8,1
DA:9,3
DA:10,3
DA:11,3
DA:12,3
DA:13,3
DA:14,3
DA:15,3
DA:16,3
DA:17,3
DA:18,3
DA:19,3
DA:20,3
DA:21,3
DA:22,3
DA:23,3
DA:24,3
DA:25,3
DA:26,3
DA:27,3
DA:28,3
DA:29,3
DA:30,3
DA:31,3
DA:32,3
DA:33,3
DA:34,3
DA:35,3
DA:36,3
DA:37,3
DA:38,3
DA:39,3
DA:40,3
DA:41,3
DA:42,3
DA:43,3
DA:44,3
DA:45,3
DA:46,3
DA:47,3
DA:48,3
DA:49,3
DA:50,3
DA:51,3
DA:52,3
DA:53,3
DA:54,3
DA:55,3
DA:56,3
DA:57,3
DA:58,3
DA:59,3
DA:60,3
DA:61,3
DA:62,3
DA:63,3
DA:64,3
DA:65,3
DA:66,3
DA:67,3
DA:68,3
DA:69,3
DA:70,3
DA:71,3
DA:72,3
DA:73,3
DA:74,3
DA:75,3
DA:76,3
DA:77,3
DA:78,3
DA:79,3
DA:80,3
DA:81,3
DA:82,3
DA:83,3
DA:84,3
LF:84
LH:84
BRDA:8,0,0,3
BRF:1
BRH:1
end_of_record
TN:
SF:app/page.tsx
FN:12,Home
FNF:1
FNH:1
FNDA:11,Home
DA:1,1
DA:2,1
DA:3,1
DA:4,1
DA:5,1
DA:6,1
DA:7,1
DA:8,1
DA:9,1
DA:10,1
DA:11,1
DA:12,1
DA:13,11
DA:14,11
DA:15,11
DA:16,11
DA:17,11
DA:18,11
DA:19,11
DA:20,11
DA:21,11
DA:22,11
DA:23,11
DA:24,11
DA:25,11
DA:26,11
DA:27,11
DA:28,11
DA:29,11
DA:30,11
DA:31,11
DA:32,11
DA:33,11
DA:34,11
DA:35,11
LF:35
LH:35
BRDA:12,0,0,11
BRF:1
BRH:1
end_of_record
TN:
SF:app/api/reminders/route.ts
FN:5,POST
FNF:1
FNH:1
FNDA:7,POST
DA:1,1
DA:2,1
DA:3,1
DA:4,1
DA:5,1
DA:6,7
DA:7,7
DA:8,7
DA:9,6
DA:10,6
DA:11,6
DA:12,6
DA:13,6
DA:14,6
DA:15,6
DA:16,6
DA:17,7
DA:18,3
DA:19,3
DA:20,3
DA:21,3
DA:22,3
DA:23,3
DA:24,3
DA:25,3
DA:26,3
DA:27,7
DA:28,7
DA:29,7
DA:30,7
DA:31,3
DA:32,7
DA:33,2
DA:34,2
DA:35,2
LF:35
LH:35
BRDA:5,0,0,7
BRDA:8,1,0,1
BRDA:8,2,0,6
BRDA:17,3,0,5
BRDA:17,4,0,4
BRDA:17,5,0,4
BRDA:17,6,0,3
BRDA:27,7,0,1
BRDA:27,8,0,2
BRDA:30,9,0,3
BRDA:32,10,0,1
BRDA:32,11,0,2
BRF:12
BRH:12
end_of_record
TN:
SF:app/api/reminders/[id]/route.ts
FN:5,PATCH
FN:35,DELETE
FNF:2
FNH:2
FNDA:5,PATCH
FNDA:3,DELETE
DA:1,1
DA:2,1
DA:3,1
DA:4,1
DA:5,1
DA:6,5
DA:7,5
DA:8,5
DA:9,5
DA:10,5
DA:11,5
DA:12,4
DA:13,4
DA:14,4
DA:15,5
DA:16,5
DA:17,4
DA:18,5
DA:19,1
DA:20,1
DA:21,3
DA:22,3
DA:23,3
DA:24,3
DA:25,3
DA:26,3
DA:27,3
DA:28,3
DA:29,5
DA:30,5
DA:31,1
DA:32,1
DA:33,1
DA:34,1
DA:35,1
DA:36,3
DA:37,3
DA:38,3
DA:39,3
DA:40,3
DA:41,3
DA:42,2
DA:43,2
DA:44,2
DA:45,2
DA:46,2
DA:47,2
DA:48,3
DA:49,1
DA:50,1
DA:51,1
LF:51
LH:51
BRDA:5,0,0,5
BRDA:11,1,0,1
BRDA:11,2,0,4
BRDA:15,3,0,1
BRDA:15,4,0,1
BRDA:15,5,0,4
BRDA:16,6,0,3
BRDA:17,7,0,4
BRDA:18,8,0,1
BRDA:20,9,0,3
BRDA:29,10,0,2
BRDA:29,11,0,1
BRDA:29,12,0,2
BRDA:30,13,0,1
BRDA:35,14,0,3
BRDA:41,15,0,1
BRDA:41,16,0,2
BRDA:48,17,0,1
BRF:18
BRH:18
end_of_record
TN:
SF:app/api/send-message/route.ts
FN:6,POST
FNF:1
FNH:1
FNDA:12,POST
DA:1,1
DA:2,1
DA:3,1
DA:4,1
DA:5,1
DA:6,1
DA:7,12
DA:8,12
DA:9,12
DA:10,11
DA:11,11
DA:12,12
DA:13,3
DA:14,3
DA:15,8
DA:16,8
DA:17,12
DA:18,5
DA:19,5
DA:20,2
DA:21,2
DA:22,3
DA:23,3
DA:24,3
LF:24
LH:24
BRDA:6,0,0,12
BRDA:9,1,0,1
BRDA:9,2,0,11
BRDA:12,3,0,10
BRDA:12,4,0,9
BRDA:12,5,0,3
BRDA:14,6,0,8
BRDA:17,7,0,5
BRDA:18,8,0,1
BRDA:18,9,0,4
BRDA:19,10,0,2
BRDA:21,11,0,3
BRF:12
BRH:12
end_of_record
TN:
SF:app/api/sms-enrollment/route.ts
FN:25,POST
FNF:1
FNH:1
FNDA:28,POST
DA:1,1
DA:2,1
DA:3,1
DA:4,1
DA:5,1
DA:6,1
DA:7,1
DA:8,1
DA:9,1
DA:10,1
DA:11,1
DA:12,1
DA:13,1
DA:14,1
DA:15,1
DA:16,1
DA:17,1
DA:18,1
DA:19,1
DA:20,1
DA:21,1
DA:22,1
DA:23,1
DA:24,1
DA:25,1
DA:26,28
DA:27,28
DA:28,28
DA:29,28
DA:30,1
DA:31,1
DA:32,27
DA:33,27
DA:34,27
DA:35,27
DA:36,28
DA:37,25
DA:38,23
DA:39,22
DA:40,21
DA:41,28
DA:42,7
DA:43,7
DA:44,20
DA:45,20
DA:46,20
DA:47,20
DA:48,20
DA:49,28
DA:50,18
DA:51,28
DA:52,28
DA:53,1
DA:54,1
DA:55,17
DA:56,17
DA:57,28
DA:58,28
DA:59,28
DA:60,28
DA:61,28
DA:62,28
DA:63,28
DA:64,28
DA:65,28
DA:66,28
DA:67,28
DA:68,28
DA:69,28
DA:70,28
DA:71,28
DA:72,28
DA:73,28
DA:74,28
DA:75,28
DA:76,28
DA:77,28
DA:78,28
DA:79,28
DA:80,28
DA:81,28
DA:82,28
DA:83,17
DA:84,28
DA:85,16
DA:86,16
DA:87,16
LF:87
LH:87
BRDA:25,0,0,28
BRDA:28,1,0,27
BRDA:29,2,0,1
BRDA:31,3,0,27
BRDA:36,4,0,26
BRDA:36,5,0,25
BRDA:37,6,0,24
BRDA:37,7,0,23
BRDA:38,8,0,22
BRDA:38,9,0,22
BRDA:39,10,0,21
BRDA:39,11,0,21
BRDA:40,12,0,20
BRDA:41,13,0,7
BRDA:43,14,0,20
BRDA:49,15,0,2
BRDA:49,16,0,18
BRDA:51,17,0,17
BRDA:51,18,0,1
BRDA:52,19,0,17
BRDA:52,20,0,1
BRDA:54,21,0,17
BRDA:57,22,0,15
BRDA:57,23,0,15
BRDA:57,24,0,2
BRDA:57,25,0,1
BRDA:58,26,0,1
BRDA:73,27,0,16
BRDA:73,28,0,1
BRDA:82,29,0,17
BRDA:84,30,0,1
BRDA:84,31,0,16
BRF:32
BRH:32
end_of_record
TN:
SF:app/api/users/[id]/phone/route.ts
FN:5,PATCH
FNF:1
FNH:1
FNDA:9,PATCH
DA:1,1
DA:2,1
DA:3,1
DA:4,1
DA:5,1
DA:6,9
DA:7,9
DA:8,9
DA:9,8
DA:10,8
DA:11,8
DA:12,8
DA:13,8
DA:14,8
DA:15,8
DA:16,8
DA:17,8
DA:18,8
DA:19,8
DA:20,9
DA:21,9
DA:22,6
DA:23,6
DA:24,6
DA:25,6
DA:26,6
DA:27,9
DA:28,5
DA:29,5
DA:30,5
DA:31,5
DA:32,5
DA:33,5
DA:34,5
DA:35,5
DA:36,5
DA:37,9
DA:38,9
DA:39,3
DA:40,3
DA:41,3
LF:41
LH:41
BRDA:5,0,0,9
BRDA:8,1,0,1
BRDA:8,2,0,8
BRDA:20,3,0,1
BRDA:20,4,0,7
BRDA:21,5,0,1
BRDA:21,6,0,6
BRDA:27,7,0,1
BRDA:27,8,0,5
BRDA:37,9,0,2
BRDA:37,10,0,1
BRDA:37,11,0,4
BRDA:38,12,0,1
BRDA:38,13,0,3
BRDA:23,14,0,7
BRF:15
BRH:15
end_of_record
TN:
SF:app/api/users/[id]/reminders-pause/route.ts
FN:5,PATCH
FNF:1
FNH:1
FNDA:10,PATCH
DA:1,1
DA:2,1
DA:3,1
DA:4,1
DA:5,1
DA:6,10
DA:7,10
DA:8,10
DA:9,9
DA:10,9
DA:11,9
DA:12,9
DA:13,9
DA:14,9
DA:15,9
DA:16,9
DA:17,9
DA:18,9
DA:19,9
DA:20,10
DA:21,10
DA:22,7
DA:23,7
DA:24,7
DA:25,7
DA:26,10
DA:27,5
DA:28,10
DA:29,10
DA:30,10
DA:31,10
DA:32,10
DA:33,10
DA:34,10
DA:35,10
DA:36,10
DA:37,5
DA:38,10
DA:39,10
DA:40,3
DA:41,3
DA:42,3
LF:42
LH:42
BRDA:5,0,0,10
BRDA:8,1,0,1
BRDA:8,2,0,9
BRDA:20,3,0,1
BRDA:20,4,0,8
BRDA:21,5,0,1
BRDA:21,6,0,7
BRDA:26,7,0,2
BRDA:26,8,0,5
BRDA:28,9,0,4
BRDA:28,10,0,1
BRDA:36,11,0,5
BRDA:38,12,0,2
BRDA:38,13,0,1
BRDA:38,14,0,4
BRDA:39,15,0,1
BRDA:39,16,0,3
BRDA:23,17,0,8
BRF:18
BRH:18
end_of_record
TN:
SF:app/api/warranty-docs/[planName]/route.ts
FN:6,DELETE
FNF:1
FNH:1
FNDA:5,DELETE
DA:1,1
DA:2,1
DA:3,1
DA:4,1
DA:5,1
DA:6,1
DA:7,5
DA:8,5
DA:9,5
DA:10,5
DA:11,5
DA:12,5
DA:13,4
DA:14,4
DA:15,5
DA:16,3
DA:17,3
DA:18,3
DA:19,3
DA:20,3
DA:21,3
DA:22,3
DA:23,5
DA:24,2
DA:25,2
DA:26,2
LF:26
LH:26
BRDA:6,0,0,5
BRDA:12,1,0,1
BRDA:12,2,0,4
BRDA:15,3,0,1
BRDA:15,4,0,3
BRDA:23,5,0,1
BRDA:23,6,0,2
BRF:7
BRH:7
end_of_record
TN:
SF:app/api/warranty-upload/route.ts
FN:8,POST
FNF:1
FNH:1
FNDA:16,POST
DA:1,1
DA:2,1
DA:3,1
DA:4,1
DA:5,1
DA:6,1
DA:7,1
DA:8,1
DA:9,16
DA:10,16
DA:11,16
DA:12,15
DA:13,15
DA:14,16
DA:15,14
DA:16,14
DA:17,14
DA:18,16
DA:19,16
DA:20,16
DA:21,2
DA:22,2
DA:23,16
DA:24,1
DA:25,1
DA:26,16
DA:27,1
DA:28,1
DA:29,10
DA:30,10
DA:31,10
DA:32,10
DA:33,16
DA:34,4
DA:35,4
DA:36,2
DA:37,2
DA:38,6
DA:39,6
DA:40,6
DA:41,6
LF:41
LH:41
BRDA:8,0,0,16
BRDA:11,1,0,1
BRDA:11,2,0,15
BRDA:14,3,0,1
BRDA:14,4,0,14
BRDA:18,5,0,13
BRDA:20,6,0,13
BRDA:20,7,0,2
BRDA:22,8,0,12
BRDA:23,9,0,1
BRDA:25,10,0,11
BRDA:26,11,0,1
BRDA:28,12,0,10
BRDA:33,13,0,4
BRDA:34,14,0,1
BRDA:34,15,0,3
BRDA:35,16,0,1
BRDA:35,17,0,2
BRDA:37,18,0,6
BRF:19
BRH:19
end_of_record
TN:
SF:app/auth/callback/route.ts
FN:5,GET
FN:18,getAll
FN:21,setAll
FNF:3
FNH:3
FNDA:7,GET
FNDA:1,getAll
FNDA:1,setAll
DA:1,1
DA:2,1
DA:3,1
DA:4,1
DA:5,1
DA:6,7
DA:7,7
DA:8,7
DA:9,7
DA:10,7
DA:11,7
DA:12,6
DA:13,6
DA:14,6
DA:15,6
DA:16,6
DA:17,6
DA:18,6
DA:19,1
DA:20,1
DA:21,6
DA:22,1
DA:23,1
DA:24,1
DA:25,1
DA:26,6
DA:27,6
DA:28,6
DA:29,6
DA:30,6
DA:31,6
DA:32,6
DA:33,2
DA:34,2
DA:35,2
LF:35
LH:35
BRDA:5,0,0,7
BRDA:8,1,0,5
BRDA:9,2,0,2
BRDA:9,3,0,1
BRDA:9,4,0,6
BRDA:11,5,0,6
BRDA:31,6,0,5
BRDA:32,7,0,2
BRDA:18,8,0,1
BRDA:21,9,0,1
BRDA:22,10,0,1
BRF:11
BRH:11
end_of_record
TN:
SF:app/auth/confirm/route.ts
FN:5,publicOrigin
FN:11,GET
FNF:2
FNH:2
FNDA:9,publicOrigin
FNDA:9,GET
DA:1,1
DA:2,1
DA:3,1
DA:4,1
DA:5,9
DA:6,9
DA:7,9
DA:8,9
DA:9,9
DA:10,1
DA:11,1
DA:12,9
DA:13,9
DA:14,9
DA:15,9
DA:16,9
DA:17,9
DA:18,9
DA:19,9
DA:20,9
DA:21,9
DA:22,9
DA:23,9
DA:24,6
DA:25,6
DA:26,6
DA:27,5
DA:28,5
DA:29,1
DA:30,1
DA:31,1
DA:32,3
DA:33,9
DA:34,2
DA:35,2
DA:36,2
DA:37,2
DA:38,2
DA:39,2
DA:40,1
DA:41,1
DA:42,1
DA:43,1
DA:44,1
DA:45,1
DA:46,1
DA:47,1
LF:47
LH:47
BRDA:5,0,0,9
BRDA:11,1,0,9
BRDA:18,2,0,5
BRDA:19,3,0,3
BRDA:19,4,0,2
BRDA:19,5,0,7
BRDA:23,6,0,6
BRDA:26,7,0,5
BRDA:28,8,0,1
BRDA:31,9,0,3
BRDA:33,10,0,2
BRDA:33,11,0,2
BRDA:39,12,0,1
BRDA:44,13,0,1
BRF:14
BRH:14
end_of_record
TN:
SF:app/dashboard/DashboardCharts.tsx
FN:22,DashboardCharts
FNF:1
FNH:1
FNDA:4,DashboardCharts
DA:1,1
DA:2,1
DA:3,1
DA:4,1
DA:5,1
DA:6,1
DA:7,1
DA:8,1
DA:9,1
DA:10,1
DA:11,1
DA:12,1
DA:13,1
DA:14,1
DA:15,1
DA:16,1
DA:17,1
DA:18,1
DA:19,1
DA:20,1
DA:21,1
DA:22,1
DA:23,4
DA:24,4
DA:25,4
DA:26,4
DA:27,4
DA:28,4
DA:29,4
DA:30,4
DA:31,4
DA:32,4
DA:33,4
DA:34,4
DA:35,4
DA:36,4
DA:37,4
DA:38,4
DA:39,4
DA:40,4
DA:41,4
DA:42,4
DA:43,4
DA:44,4
DA:45,4
DA:46,4
DA:47,4
DA:48,4
DA:49,4
DA:50,4
DA:51,4
DA:52,4
DA:53,4
DA:54,4
DA:55,4
DA:56,4
DA:57,4
DA:58,4
DA:59,4
DA:60,4
DA:61,4
DA:62,4
DA:63,4
LF:63
LH:63
BRDA:22,0,0,4
BRF:1
BRH:1
end_of_record
TN:
SF:app/dashboard/DashboardContent.tsx
FN:11,monthKey
FN:15,formatMonthLabel
FN:22,enumerateMonths
FN:36,DashboardContent
FNF:4
FNH:4
FNDA:2313,monthKey
FNDA:22,formatMonthLabel
FNDA:4,enumerateMonths
FNDA:32,DashboardContent
DA:1,1
DA:2,1
DA:3,1
DA:4,1
DA:5,1
DA:6,1
DA:7,1
DA:8,1
DA:9,1
DA:10,1
DA:11,2313
DA:12,2313
DA:13,2313
DA:14,1
DA:15,22
DA:16,22
DA:17,22
DA:18,22
DA:19,1
DA:20,1
DA:21,1
DA:22,4
DA:23,4
DA:24,4
DA:25,4
DA:26,4
DA:27,4
DA:28,4
DA:29,22
DA:30,22
DA:31,22
DA:32,22
DA:33,4
DA:34,4
DA:35,1
DA:36,1
DA:37,32
DA:38,32
DA:39,32
DA:40,32
DA:41,32
DA:42,32
DA:43,16
DA:44,16
DA:45,16
DA:46,17
DA:47,17
DA:48,17
DA:49,17
DA:50,17
DA:51,17
DA:52,17
DA:53,17
DA:54,17
DA:55,17
DA:56,17
DA:57,1
DA:58,1
DA:59,15
DA:60,15
DA:61,15
DA:62,15
DA:63,15
DA:64,15
DA:65,15
DA:66,15
DA:67,16
DA:68,12
DA:69,12
DA:70,12
DA:71,3
DA:72,3
DA:73,3
DA:74,3
DA:75,3
DA:76,3
DA:77,3
DA:78,3
DA:79,3
DA:80,3
DA:81,3
DA:82,16
DA:83,1257
DA:84,1257
DA:85,1257
DA:86,16
DA:87,16
DA:88,3
DA:89,32
DA:90,32
DA:91,32
DA:92,16
DA:93,16
DA:94,16
DA:95,17
DA:96,17
DA:97,17
DA:98,17
DA:99,17
DA:100,17
DA:101,17
DA:102,17
DA:103,17
DA:104,17
DA:105,1042
DA:106,1042
DA:107,17
DA:108,1
DA:109,1
DA:110,15
DA:111,16
DA:112,14
DA:113,14
DA:114,14
DA:115,1
DA:116,1
DA:117,16
DA:118,1042
DA:119,1042
DA:120,1042
DA:121,1
DA:122,1
DA:123,1
DA:124,1
DA:125,1
DA:126,6
DA:127,6
DA:128,6
DA:129,32
DA:130,32
DA:131,32
DA:132,15
DA:133,15
DA:134,15
DA:135,15
DA:136,15
DA:137,15
DA:138,15
DA:139,15
DA:140,15
DA:141,15
DA:142,15
DA:143,15
DA:144,15
DA:145,15
DA:146,15
DA:147,15
DA:148,15
DA:149,32
DA:150,32
DA:151,32
DA:152,32
DA:153,32
DA:154,32
DA:155,32
DA:156,32
DA:157,32
DA:158,32
DA:159,32
DA:160,32
DA:161,32
DA:162,32
DA:163,32
DA:164,32
DA:165,32
DA:166,32
DA:167,32
DA:168,32
DA:169,32
DA:170,32
DA:171,32
DA:172,32
DA:173,32
DA:174,32
DA:175,32
LF:175
LH:175
BRDA:11,0,0,2313
BRDA:15,1,0,22
BRDA:22,2,0,4
BRDA:28,3,0,24
BRDA:28,4,0,22
BRDA:31,5,0,2
BRDA:36,6,0,32
BRDA:37,7,0,15
BRDA:42,8,0,16
BRDA:45,9,0,17
BRDA:53,10,0,1
BRDA:53,11,0,16
BRDA:54,12,0,1
BRDA:56,13,0,15
BRDA:56,14,0,1
BRDA:58,15,0,15
BRDA:67,16,0,12
BRDA:70,17,0,3
BRDA:62,18,0,1257
BRDA:63,19,0,1257
BRDA:66,20,0,1257
BRDA:73,21,0,8919
BRDA:81,22,0,16
BRDA:82,23,0,1264
BRDA:82,24,0,1257
BRDA:91,25,0,16
BRDA:94,26,0,17
BRDA:102,27,0,1
BRDA:102,28,0,16
BRDA:103,29,0,1
BRDA:104,30,0,1042
BRDA:106,31,0,16
BRDA:107,32,0,15
BRDA:107,33,0,1
BRDA:109,34,0,15
BRDA:111,35,0,14
BRDA:114,36,0,1
BRDA:117,37,0,1042
BRDA:119,38,0,3
BRDA:120,39,0,1
BRDA:125,40,0,6
BRDA:127,41,0,3
BRDA:131,42,0,15
BRDA:145,43,0,15
BRF:44
BRH:44
end_of_record
TN:
SF:app/dashboard/DashboardNav.tsx
FN:13,DashboardNav
FNF:1
FNH:1
FNDA:7,DashboardNav
DA:1,1
DA:2,1
DA:3,1
DA:4,1
DA:5,1
DA:6,1
DA:7,1
DA:8,1
DA:9,1
DA:10,1
DA:11,1
DA:12,1
DA:13,1
DA:14,7
DA:15,7
DA:16,7
DA:17,7
DA:18,7
DA:19,7
DA:20,7
DA:21,28
DA:22,28
DA:23,7
DA:24,21
DA:25,28
DA:26,28
DA:27,28
DA:28,28
DA:29,28
DA:30,28
DA:31,7
DA:32,21
DA:33,28
DA:34,28
DA:35,28
DA:36,28
DA:37,28
DA:38,28
DA:39,7
DA:40,7
DA:41,7
DA:42,7
DA:43,7
LF:43
LH:43
BRDA:13,0,0,7
BRDA:20,1,0,28
BRDA:22,2,0,7
BRDA:23,3,0,21
BRDA:30,4,0,7
BRDA:31,5,0,21
BRF:6
BRH:6
end_of_record
TN:
SF:app/dashboard/SettingsMenu.tsx
FN:6,SettingsMenu
FN:11,handleClickOutside
FN:23,onClick
FN:39,onClick
FNF:4
FNH:4
FNDA:17,SettingsMenu
FNDA:8,handleClickOutside
FNDA:6,onClick
FNDA:1,onClick
DA:1,1
DA:2,1
DA:3,1
DA:4,1
DA:5,1
DA:6,1
DA:7,17
DA:8,17
DA:9,17
DA:10,17
DA:11,9
DA:12,8
DA:13,1
DA:14,1
DA:15,8
DA:16,9
DA:17,9
DA:18,17
DA:19,17
DA:20,17
DA:21,17
DA:22,17
DA:23,17
DA:24,17
DA:25,17
DA:26,17
DA:27,17
DA:28,17
DA:29,17
DA:30,17
DA:31,17
DA:32,17
DA:33,17
DA:34,17
DA:35,17
DA:36,17
DA:37,17
DA:38,17
DA:39,17
DA:40,17
DA:41,17
DA:42,17
DA:43,17
DA:44,17
DA:45,17
DA:46,17
DA:47,17
LF:47
LH:47
BRDA:6,0,0,17
BRDA:10,1,0,9
BRDA:11,2,0,8
BRDA:12,3,0,1
BRDA:17,4,0,9
BRDA:23,5,0,6
BRDA:23,6,0,6
BRDA:39,7,0,1
BRF:8
BRH:8
end_of_record
TN:
SF:app/dashboard/SignOutButton.tsx
FN:7,SignOutButton
FN:12,handleSignOut
FNF:2
FNH:2
FNDA:17,SignOutButton
FNDA:6,handleSignOut
DA:1,1
DA:2,1
DA:3,1
DA:4,1
DA:5,1
DA:6,1
DA:7,1
DA:8,17
DA:9,17
DA:10,17
DA:11,17
DA:12,17
DA:13,6
DA:14,6
DA:15,6
DA:16,6
DA:17,6
DA:18,3
DA:19,3
DA:20,3
DA:21,3
DA:22,3
DA:23,3
DA:24,3
DA:25,6
DA:26,1
DA:27,1
DA:28,6
DA:29,17
DA:30,17
DA:31,17
DA:32,17
DA:33,17
DA:34,17
DA:35,17
DA:36,17
DA:37,17
DA:38,17
DA:39,17
DA:40,17
DA:41,17
DA:42,17
DA:43,17
DA:44,17
LF:44
LH:44
BRDA:7,0,0,17
BRDA:37,1,0,6
BRDA:37,2,0,11
BRDA:12,3,0,6
BRDA:17,4,0,3
BRDA:25,5,0,1
BRF:6
BRH:6
end_of_record
TN:
SF:app/dashboard/layout.tsx
FN:8,DashboardLayout
FNF:1
FNH:1
FNDA:3,DashboardLayout
DA:1,1
DA:2,1
DA:3,1
DA:4,1
DA:5,1
DA:6,1
DA:7,1
DA:8,1
DA:9,3
DA:10,3
DA:11,3
DA:12,3
DA:13,2
DA:14,2
DA:15,2
DA:16,2
DA:17,2
DA:18,2
DA:19,2
DA:20,2
DA:21,2
DA:22,2
DA:23,2
DA:24,2
DA:25,2
DA:26,2
DA:27,2
DA:28,2
DA:29,2
LF:29
LH:29
BRDA:8,0,0,3
BRDA:12,1,0,1
BRDA:12,2,0,2
BRF:3
BRH:3
end_of_record
TN:
SF:app/dashboard/page.tsx
FN:5,DashboardPage
FNF:1
FNH:1
FNDA:4,DashboardPage
DA:1,1
DA:2,1
DA:3,1
DA:4,1
DA:5,1
DA:6,4
DA:7,4
DA:8,4
DA:9,3
DA:10,3
DA:11,3
DA:12,3
DA:13,3
DA:14,3
DA:15,3
DA:16,4
DA:17,4
DA:18,4
DA:19,4
DA:20,4
DA:21,4
DA:22,4
DA:23,4
DA:24,4
DA:25,4
DA:26,4
DA:27,4
DA:28,4
DA:29,4
LF:29
LH:29
BRDA:5,0,0,4
BRDA:8,1,0,1
BRDA:8,2,0,3
BRDA:16,3,0,2
BRDA:16,4,0,1
BRDA:17,5,0,2
BRDA:17,6,0,1
BRF:7
BRH:7
end_of_record
TN:
SF:app/dashboard/billing/page.tsx
FN:5,formatMonth
FN:11,BillingPage
FNF:2
FNH:2
FNDA:4,formatMonth
FNDA:8,BillingPage
DA:1,1
DA:2,1
DA:3,1
DA:4,1
DA:5,4
DA:6,4
DA:7,4
DA:8,4
DA:9,4
DA:10,1
DA:11,1
DA:12,8
DA:13,8
DA:14,8
DA:15,7
DA:16,7
DA:17,7
DA:18,7
DA:19,7
DA:20,7
DA:21,8
DA:22,8
DA:23,7
DA:24,7
DA:25,7
DA:26,7
DA:27,7
DA:28,7
DA:29,7
DA:30,7
DA:31,7
DA:32,7
DA:33,7
DA:34,7
DA:35,7
DA:36,7
DA:37,7
DA:38,7
DA:39,7
DA:40,7
DA:41,7
DA:42,7
DA:43,7
DA:44,7
DA:45,7
DA:46,8
DA:47,8
DA:48,8
DA:49,8
DA:50,8
DA:51,8
DA:52,8
DA:53,8
DA:54,8
DA:55,8
DA:56,8
DA:57,8
DA:58,8
DA:59,8
DA:60,8
DA:61,8
DA:62,8
DA:63,8
DA:64,8
DA:65,8
DA:66,8
DA:67,8
DA:68,8
DA:69,8
DA:70,8
DA:71,8
DA:72,8
DA:73,8
DA:74,8
DA:75,8
DA:76,8
DA:77,8
LF:77
LH:77
BRDA:5,0,0,4
BRDA:11,1,0,8
BRDA:14,2,0,1
BRDA:14,3,0,7
BRDA:21,4,0,1
BRDA:22,5,0,7
BRDA:46,6,0,1
BRDA:56,7,0,1
BRDA:46,8,0,4
BRF:9
BRH:9
end_of_record
TN:
SF:app/dashboard/docs/DeleteDocButton.tsx
FN:5,DeleteDocButton
FN:21,onClick
FNF:2
FNH:2
FNDA:14,DeleteDocButton
FNDA:6,onClick
DA:1,1
DA:2,1
DA:3,1
DA:4,1
DA:5,1
DA:6,14
DA:7,14
DA:8,14
DA:9,14
DA:10,14
DA:11,14
DA:12,14
DA:13,14
DA:14,14
DA:15,14
DA:16,14
DA:17,14
DA:18,14
DA:19,14
DA:20,14
DA:21,14
DA:22,6
DA:23,4
DA:24,4
DA:25,4
DA:26,4
DA:27,6
DA:28,1
DA:29,6
DA:30,4
DA:31,4
DA:32,6
DA:33,14
DA:34,14
DA:35,14
DA:36,14
DA:37,14
DA:38,14
DA:39,14
LF:39
LH:39
BRDA:5,0,0,14
BRDA:35,1,0,4
BRDA:35,2,0,9
BRDA:21,3,0,6
BRDA:22,4,0,2
BRDA:22,5,0,4
BRDA:26,6,0,3
BRDA:27,7,0,1
BRDA:29,8,0,4
BRF:9
BRH:9
end_of_record
TN:
SF:app/dashboard/docs/UploadForm.tsx
FN:7,UploadForm
FN:19,handleUpload
FN:71,onChange
FN:88,onChange
FNF:4
FNH:4
FNDA:112,UploadForm
FNDA:7,handleUpload
FNDA:80,onChange
FNDA:10,onChange
DA:1,1
DA:2,1
DA:3,1
DA:4,1
DA:5,1
DA:6,1
DA:7,1
DA:8,112
DA:9,112
DA:10,112
DA:11,112
DA:12,112
DA:13,112
DA:14,112
DA:15,112
DA:16,112
DA:17,112
DA:18,112
DA:19,112
DA:20,7
DA:21,0
DA:22,0
DA:23,0
DA:24,7
DA:25,1
DA:26,1
DA:27,1
DA:28,7
DA:29,6
DA:30,6
DA:31,6
DA:32,6
DA:33,6
DA:34,6
DA:35,5
DA:36,5
DA:37,7
DA:38,1
DA:39,1
DA:40,1
DA:41,4
DA:42,4
DA:43,4
DA:44,4
DA:45,4
DA:46,4
DA:47,7
DA:48,1
DA:49,7
DA:50,6
DA:51,6
DA:52,7
DA:53,112
DA:54,112
DA:55,112
DA:56,112
DA:57,112
DA:58,112
DA:59,112
DA:60,112
DA:61,112
DA:62,112
DA:63,112
DA:64,112
DA:65,112
DA:66,112
DA:67,112
DA:68,112
DA:69,112
DA:70,112
DA:71,112
DA:72,112
DA:73,112
DA:74,112
DA:75,112
DA:76,112
DA:77,112
DA:78,112
DA:79,112
DA:80,112
DA:81,112
DA:82,112
DA:83,112
DA:84,112
DA:85,112
DA:86,112
DA:87,112
DA:88,112
DA:89,112
DA:90,112
DA:91,112
DA:92,112
DA:93,112
DA:94,112
DA:95,112
DA:96,112
DA:97,112
DA:98,112
DA:99,112
DA:100,112
DA:101,112
DA:102,112
DA:103,112
DA:104,112
LF:104
LH:101
BRDA:7,0,0,112
BRDA:17,1,0,105
BRDA:59,2,0,3
BRDA:59,3,0,2
BRDA:96,4,0,105
BRDA:96,5,0,12
BRDA:99,6,0,6
BRDA:99,7,0,105
BRDA:19,8,0,7
BRDA:20,9,0,0
BRDA:24,10,0,1
BRDA:27,11,0,6
BRDA:28,12,0,0
BRDA:28,13,0,6
BRDA:34,14,0,5
BRDA:37,15,0,1
BRDA:38,16,0,0
BRDA:40,17,0,4
BRDA:47,18,0,1
BRDA:49,19,0,5
BRDA:49,20,0,6
BRDA:46,21,0,4
BRDA:71,22,0,80
BRDA:88,23,0,10
BRDA:88,24,0,1
BRF:25
BRH:22
end_of_record
TN:
SF:app/dashboard/docs/page.tsx
FN:8,formatDate
FN:14,DocsPage
FN:26,deleteDoc
FNF:3
FNH:3
FNDA:11,formatDate
FNDA:13,DocsPage
FNDA:4,deleteDoc
DA:1,1
DA:2,1
DA:3,1
DA:4,1
DA:5,1
DA:6,1
DA:7,1
DA:8,11
DA:9,11
DA:10,11
DA:11,11
DA:12,11
DA:13,1
DA:14,1
DA:15,13
DA:16,13
DA:17,13
DA:18,12
DA:19,12
DA:20,12
DA:21,13
DA:22,11
DA:23,13
DA:24,13
DA:25,13
DA:26,13
DA:27,4
DA:28,4
DA:29,4
DA:30,4
DA:31,3
DA:32,4
DA:33,2
DA:34,4
DA:35,1
DA:36,1
DA:37,13
DA:38,13
DA:39,13
DA:40,13
DA:41,13
DA:42,13
DA:43,13
DA:44,13
DA:45,13
DA:46,13
DA:47,13
DA:48,13
DA:49,13
DA:50,13
DA:51,3
DA:52,3
DA:53,3
DA:54,3
DA:55,13
DA:56,13
DA:57,13
DA:58,13
DA:59,13
DA:60,13
DA:61,13
DA:62,13
DA:63,13
DA:64,13
DA:65,13
DA:66,13
DA:67,13
DA:68,13
DA:69,13
DA:70,13
DA:71,13
DA:72,13
DA:73,13
DA:74,13
DA:75,13
LF:75
LH:75
BRDA:8,0,0,11
BRDA:14,1,0,13
BRDA:17,2,0,1
BRDA:17,3,0,12
BRDA:21,4,0,1
BRDA:21,5,0,11
BRDA:23,6,0,1
BRDA:50,7,0,3
BRDA:24,8,0,3
BRDA:26,9,0,4
BRDA:30,10,0,1
BRDA:30,11,0,3
BRDA:32,12,0,1
BRDA:32,13,0,2
BRDA:34,14,0,1
BRDA:56,15,0,11
BRF:16
BRH:16
end_of_record
TN:
SF:app/dashboard/homeowners/page.tsx
FN:13,getFailedTooltip
FN:34,StatusTooltipBadge
FN:46,statusBadge
FN:54,UsersPage
FNF:4
FNH:4
FNDA:9,getFailedTooltip
FNDA:23,StatusTooltipBadge
FNDA:23,statusBadge
FNDA:20,UsersPage
DA:1,1
DA:2,1
DA:3,1
DA:4,1
DA:5,1
DA:6,1
DA:7,1
DA:8,1
DA:9,1
DA:10,1
DA:11,1
DA:12,1
DA:13,9
DA:14,9
DA:15,9
DA:16,1
DA:17,9
DA:18,1
DA:19,9
DA:20,1
DA:21,9
DA:22,1
DA:23,9
DA:24,1
DA:25,9
DA:26,1
DA:27,9
DA:28,1
DA:29,9
DA:30,2
DA:31,9
DA:32,9
DA:33,1
DA:34,23
DA:35,23
DA:36,23
DA:37,23
DA:38,23
DA:39,23
DA:40,23
DA:41,23
DA:42,23
DA:43,23
DA:44,23
DA:45,1
DA:46,23
DA:47,23
DA:48,23
DA:49,23
DA:50,23
DA:51,23
DA:52,23
DA:53,1
DA:54,1
DA:55,20
DA:56,20
DA:57,20
DA:58,19
DA:59,19
DA:60,19
DA:61,19
DA:62,19
DA:63,19
DA:64,20
DA:65,20
DA:66,19
DA:67,19
DA:68,19
DA:69,19
DA:70,19
DA:71,20
DA:72,20
DA:73,20
DA:74,20
DA:75,20
DA:76,20
DA:77,20
DA:78,20
DA:79,20
DA:80,20
DA:81,20
DA:82,20
DA:83,20
DA:84,20
DA:85,20
DA:86,20
DA:87,20
DA:88,20
DA:89,20
DA:90,20
DA:91,20
DA:92,20
DA:93,20
DA:94,20
DA:95,20
DA:96,20
DA:97,20
DA:98,20
DA:99,20
DA:100,20
DA:101,20
DA:102,20
DA:103,20
DA:104,20
DA:105,20
DA:106,20
DA:107,20
DA:108,20
DA:109,20
LF:109
LH:109
BRDA:13,0,0,9
BRDA:15,1,0,1
BRDA:17,2,0,1
BRDA:19,3,0,1
BRDA:21,4,0,1
BRDA:23,5,0,1
BRDA:25,6,0,1
BRDA:27,7,0,1
BRDA:29,8,0,2
BRDA:34,9,0,23
BRDA:46,10,0,23
BRDA:54,11,0,20
BRDA:57,12,0,1
BRDA:57,13,0,19
BRDA:64,14,0,1
BRDA:65,15,0,19
BRDA:71,16,0,18
BRDA:71,17,0,1
BRDA:85,18,0,1
BRDA:99,19,0,1
BRDA:85,20,0,23
BRDA:89,21,0,1
BRDA:94,22,0,22
BRF:23
BRH:23
end_of_record
TN:
SF:app/dashboard/homeowners/[id]/ConversationPanel.tsx
FN:6,bubble
FN:12,ConversationPanel
FNF:2
FNH:2
FNDA:11,bubble
FNDA:7,ConversationPanel
DA:1,1
DA:2,1
DA:3,1
DA:4,1
DA:5,1
DA:6,11
DA:7,11
DA:8,11
DA:9,3
DA:10,3
DA:11,1
DA:12,1
DA:13,7
DA:14,7
DA:15,7
DA:16,7
DA:17,7
DA:18,7
DA:19,7
DA:20,1
DA:21,1
DA:22,1
DA:23,1
DA:24,1
DA:25,1
DA:26,6
DA:27,6
DA:28,6
DA:29,6
DA:30,6
DA:31,6
DA:32,6
DA:33,6
DA:34,6
DA:35,6
DA:36,6
DA:37,6
DA:38,6
DA:39,6
DA:40,6
DA:41,6
DA:42,6
DA:43,6
DA:44,6
DA:45,6
LF:45
LH:45
BRDA:6,0,0,11
BRDA:7,1,0,4
BRDA:7,2,0,7
BRDA:8,3,0,4
BRDA:8,4,0,3
BRDA:12,5,0,7
BRDA:19,6,0,1
BRDA:25,7,0,6
BRDA:15,8,0,7
BRDA:16,9,0,6
BRDA:29,10,0,11
BRDA:30,11,0,4
BRDA:30,12,0,7
BRF:13
BRH:13
end_of_record
TN:
SF:app/dashboard/homeowners/[id]/MessageForm.tsx
FN:7,MessageForm
FN:17,handleSend
FN:48,onChange
FN:49,onKeyDown
FNF:4
FNH:4
FNDA:109,MessageForm
FNDA:9,handleSend
FNDA:83,onChange
FNDA:86,onKeyDown
DA:1,1
DA:2,1
DA:3,1
DA:4,1
DA:5,1
DA:6,1
DA:7,1
DA:8,109
DA:9,109
DA:10,109
DA:11,109
DA:12,109
DA:13,109
DA:14,109
DA:15,109
DA:16,109
DA:17,109
DA:18,9
DA:19,9
DA:20,8
DA:21,8
DA:22,8
DA:23,8
DA:24,8
DA:25,8
DA:26,9
DA:27,2
DA:28,2
DA:29,2
DA:30,2
DA:31,6
DA:32,6
DA:33,6
DA:34,9
DA:35,8
DA:36,8
DA:37,9
DA:38,109
DA:39,109
DA:40,109
DA:41,109
DA:42,109
DA:43,109
DA:44,109
DA:45,109
DA:46,109
DA:47,109
DA:48,109
DA:49,109
DA:50,86
DA:51,2
DA:52,2
DA:53,2
DA:54,86
DA:55,109
DA:56,109
DA:57,109
DA:58,109
DA:59,109
DA:60,109
DA:61,109
DA:62,109
DA:63,109
DA:64,109
DA:65,109
DA:66,109
DA:67,109
DA:68,109
LF:68
LH:68
BRDA:7,0,0,109
BRDA:15,1,0,100
BRDA:59,2,0,100
BRDA:62,3,0,8
BRDA:62,4,0,100
BRDA:17,5,0,9
BRDA:19,6,0,1
BRDA:19,7,0,8
BRDA:26,8,0,2
BRDA:28,9,0,1
BRDA:30,10,0,6
BRDA:34,11,0,8
BRDA:33,12,0,6
BRDA:48,13,0,83
BRDA:49,14,0,86
BRDA:50,15,0,3
BRDA:50,16,0,2
BRF:17
BRH:17
end_of_record
TN:
SF:app/dashboard/homeowners/[id]/PhoneNumberEditor.tsx
FN:7,PhoneNumberEditor
FN:16,handleSave
FN:44,onChange
FN:52,onClick
FN:67,onClick
FNF:5
FNH:5
FNDA:29,PhoneNumberEditor
FNDA:4,handleSave
FNDA:4,onChange
FNDA:2,onClick
FNDA:7,onClick
DA:1,1
DA:2,1
DA:3,1
DA:4,1
DA:5,1
DA:6,1
DA:7,1
DA:8,29
DA:9,29
DA:10,29
DA:11,29
DA:12,29
DA:13,29
DA:14,29
DA:15,29
DA:16,29
DA:17,4
DA:18,1
DA:19,1
DA:20,1
DA:21,3
DA:22,3
DA:23,3
DA:24,3
DA:25,3
DA:26,4
DA:27,2
DA:28,2
DA:29,2
DA:30,2
DA:31,1
DA:32,1
DA:33,4
DA:34,3
DA:35,3
DA:36,4
DA:37,29
DA:38,29
DA:39,29
DA:40,29
DA:41,17
DA:42,17
DA:43,17
DA:44,17
DA:45,17
DA:46,17
DA:47,17
DA:48,17
DA:49,17
DA:50,17
DA:51,17
DA:52,17
DA:53,2
DA:54,2
DA:55,2
DA:56,2
DA:57,17
DA:58,17
DA:59,17
DA:60,17
DA:61,17
DA:62,17
DA:63,17
DA:64,17
DA:65,29
DA:66,29
DA:67,29
DA:68,29
DA:69,29
DA:70,29
DA:71,29
DA:72,29
DA:73,29
LF:73
LH:73
BRDA:7,0,0,29
BRDA:9,1,0,6
BRDA:14,2,0,26
BRDA:40,3,0,17
BRDA:66,4,0,3
BRDA:16,5,0,4
BRDA:17,6,0,1
BRDA:20,7,0,3
BRDA:26,8,0,2
BRDA:28,9,0,1
BRDA:30,10,0,1
BRDA:33,11,0,3
BRDA:32,12,0,1
BRDA:44,13,0,4
BRDA:52,14,0,2
BRDA:53,15,0,1
BRDA:67,16,0,7
BRF:17
BRH:17
end_of_record
TN:
SF:app/dashboard/homeowners/[id]/RemindersPanel.tsx
FN:9,formatDate
FN:15,RemindersPanel
FN:57,refresh
FN:61,handleDelete
FN:73,handleSaveEdit
FN:86,handleTogglePause
FN:100,handleAdd
FN:140,onClick
FN:167,onChange
FN:175,onChange
FN:180,onClick
FN:187,onClick
FN:204,onClick
FN:214,onClick
FN:237,onChange
FN:245,onChange
FN:257,onClick
FNF:17
FNH:17
FNDA:121,formatDate
FNDA:110,RemindersPanel
FNDA:9,refresh
FNDA:3,handleDelete
FNDA:3,handleSaveEdit
FNDA:4,handleTogglePause
FNDA:5,handleAdd
FNDA:8,onClick
FNDA:1,onChange
FNDA:2,onChange
FNDA:3,onClick
FNDA:1,onClick
FNDA:8,onClick
FNDA:3,onClick
FNDA:1,onChange
FNDA:3,onChange
FNDA:1,onClick
DA:1,1
DA:2,1
DA:3,1
DA:4,1
DA:5,1
DA:6,1
DA:7,1
DA:8,1
DA:9,121
DA:10,121
DA:11,121
DA:12,121
DA:13,121
DA:14,1
DA:15,1
DA:16,110
DA:17,110
DA:18,110
DA:19,110
DA:20,110
DA:21,110
DA:22,110
DA:23,110
DA:24,110
DA:25,110
DA:26,110
DA:27,110
DA:28,110
DA:29,110
DA:30,110
DA:31,110
DA:32,110
DA:33,110
DA:34,110
DA:35,110
DA:36,110
DA:37,110
DA:38,110
DA:39,110
DA:40,110
DA:41,110
DA:42,110
DA:43,41
DA:44,110
DA:45,110
DA:46,110
DA:47,41
DA:48,110
DA:49,110
DA:50,110
DA:51,110
DA:52,110
DA:53,110
DA:54,34
DA:55,110
DA:56,110
DA:57,110
DA:58,9
DA:59,9
DA:60,110
DA:61,110
DA:62,3
DA:63,3
DA:64,3
DA:65,3
DA:66,3
DA:67,2
DA:68,3
DA:69,3
DA:70,3
DA:71,3
DA:72,110
DA:73,110
DA:74,3
DA:75,3
DA:76,3
DA:77,3
DA:78,3
DA:79,2
DA:80,2
DA:81,3
DA:82,3
DA:83,3
DA:84,3
DA:85,110
DA:86,110
DA:87,4
DA:88,4
DA:89,4
DA:90,4
DA:91,4
DA:92,4
DA:93,3
DA:94,3
DA:95,4
DA:96,4
DA:97,4
DA:98,4
DA:99,110
DA:100,110
DA:101,5
DA:102,3
DA:103,3
DA:104,3
DA:105,3
DA:106,5
DA:107,2
DA:108,2
DA:109,2
DA:110,5
DA:111,3
DA:112,3
DA:113,5
DA:114,110
DA:115,110
DA:116,110
DA:117,110
DA:118,110
DA:119,110
DA:120,110
DA:121,110
DA:122,110
DA:123,110
DA:124,110
DA:125,110
DA:126,110
DA:127,110
DA:128,110
DA:129,110
DA:130,110
DA:131,110
DA:132,110
DA:133,13
DA:134,96
DA:135,110
DA:136,110
DA:137,110
DA:138,110
DA:139,110
DA:140,110
DA:141,110
DA:142,110
DA:143,110
DA:144,110
DA:145,110
DA:146,110
DA:147,110
DA:148,110
DA:149,110
DA:150,110
DA:151,110
DA:152,110
DA:153,144
DA:154,144
DA:155,110
DA:156,110
DA:157,110
DA:158,110
DA:159,26
DA:160,118
DA:161,110
DA:162,110
DA:163,110
DA:164,23
DA:165,23
DA:166,23
DA:167,23
DA:168,23
DA:169,23
DA:170,23
DA:171,23
DA:172,23
DA:173,23
DA:174,23
DA:175,23
DA:176,23
DA:177,23
DA:178,23
DA:179,23
DA:180,23
DA:181,23
DA:182,23
DA:183,23
DA:184,23
DA:185,23
DA:186,23
DA:187,23
DA:188,23
DA:189,23
DA:190,23
DA:191,23
DA:192,23
DA:193,23
DA:194,23
DA:195,23
DA:196,110
DA:197,110
DA:198,110
DA:199,110
DA:200,110
DA:201,110
DA:202,110
DA:203,110
DA:204,110
DA:205,8
DA:206,8
DA:207,8
DA:208,110
DA:209,110
DA:210,110
DA:211,110
DA:212,110
DA:213,110
DA:214,110
DA:215,110
DA:216,110
DA:217,110
DA:218,110
DA:219,110
DA:220,110
DA:221,110
DA:222,110
DA:223,110
DA:224,110
DA:225,110
DA:226,110
DA:227,110
DA:228,110
DA:229,110
DA:230,110
DA:231,110
DA:232,110
DA:233,110
DA:234,110
DA:235,110
DA:236,110
DA:237,110
DA:238,110
DA:239,110
DA:240,110
DA:241,110
DA:242,110
DA:243,110
DA:244,110
DA:245,110
DA:246,110
DA:247,110
DA:248,110
DA:249,110
DA:250,110
DA:251,110
DA:252,110
DA:253,110
DA:254,110
DA:255,110
DA:256,110
DA:257,110
DA:258,110
DA:259,110
DA:260,110
DA:261,110
DA:262,110
DA:263,110
DA:264,110
DA:265,110
DA:266,110
DA:267,110
DA:268,110
DA:269,110
LF:269
LH:269
BRDA:9,0,0,121
BRDA:15,1,0,110
BRDA:35,2,0,89
BRDA:132,3,0,13
BRDA:133,4,0,96
BRDA:137,5,0,13
BRDA:137,6,0,96
BRDA:226,7,0,37
BRDA:42,8,0,41
BRDA:43,9,0,8
BRDA:43,10,0,1
BRDA:46,11,0,41
BRDA:47,12,0,8
BRDA:47,13,0,1
BRDA:53,14,0,34
BRDA:57,15,0,9
BRDA:58,16,0,9
BRDA:61,17,0,3
BRDA:66,18,0,1
BRDA:66,19,0,2
BRDA:73,20,0,3
BRDA:78,21,0,1
BRDA:78,22,0,2
BRDA:86,23,0,4
BRDA:92,24,0,1
BRDA:92,25,0,3
BRDA:100,26,0,5
BRDA:101,27,0,2
BRDA:101,28,0,3
BRDA:106,29,0,1
BRDA:106,30,0,2
BRDA:110,31,0,3
BRDA:140,32,0,8
BRDA:152,33,0,144
BRDA:155,34,0,23
BRDA:155,35,0,121
BRDA:158,36,0,26
BRDA:159,37,0,118
BRDA:163,38,0,23
BRDA:167,39,0,1
BRDA:167,40,0,1
BRDA:170,41,0,184
BRDA:175,42,0,2
BRDA:175,43,0,2
BRDA:180,44,0,3
BRDA:187,45,0,1
BRDA:204,46,0,8
BRDA:214,47,0,3
BRDA:237,48,0,1
BRDA:237,49,0,1
BRDA:240,50,0,208
BRDA:245,51,0,3
BRDA:245,52,0,3
BRDA:257,53,0,1
BRF:54
BRH:54
end_of_record
TN:
SF:app/dashboard/homeowners/[id]/page.tsx
FN:9,UserDetailPage
FNF:1
FNH:1
FNDA:15,UserDetailPage
DA:1,1
DA:2,1
DA:3,1
DA:4,1
DA:5,1
DA:6,1
DA:7,1
DA:8,1
DA:9,1
DA:10,15
DA:11,15
DA:12,15
DA:13,14
DA:14,14
DA:15,14
DA:16,14
DA:17,14
DA:18,14
DA:19,14
DA:20,14
DA:21,14
DA:22,14
DA:23,14
DA:24,14
DA:25,14
DA:26,14
DA:27,14
DA:28,14
DA:29,14
DA:30,14
DA:31,14
DA:32,14
DA:33,14
DA:34,14
DA:35,14
DA:36,15
DA:37,13
DA:38,15
DA:39,15
DA:40,15
DA:41,15
DA:42,15
DA:43,15
DA:44,15
DA:45,15
DA:46,15
DA:47,15
DA:48,15
DA:49,15
DA:50,15
DA:51,15
DA:52,15
DA:53,15
DA:54,15
DA:55,15
DA:56,15
DA:57,15
DA:58,15
DA:59,15
DA:60,15
DA:61,15
DA:62,15
DA:63,15
DA:64,15
DA:65,15
DA:66,15
DA:67,15
DA:68,15
DA:69,15
DA:70,15
DA:71,15
DA:72,15
DA:73,15
DA:74,15
DA:75,15
DA:76,15
DA:77,15
DA:78,15
DA:79,15
DA:80,15
DA:81,15
DA:82,15
DA:83,15
DA:84,15
DA:85,15
DA:86,15
DA:87,15
DA:88,15
DA:89,15
DA:90,15
DA:91,15
DA:92,15
DA:93,15
DA:94,15
DA:95,15
DA:96,15
DA:97,15
LF:97
LH:97
BRDA:9,0,0,15
BRDA:12,1,0,1
BRDA:12,2,0,14
BRDA:36,3,0,1
BRDA:36,4,0,13
BRDA:38,5,0,1
BRDA:66,6,0,2
BRDA:77,7,0,1
BRDA:88,8,0,1
BRF:9
BRH:9
end_of_record
TN:
SF:app/dashboard/settings/change-password/page.tsx
FN:8,ChangePasswordPage
FN:25,handleSubmit
FN:105,onChange
FN:121,onChange
FN:137,onChange
FNF:5
FNH:5
FNDA:365,ChangePasswordPage
FNDA:12,handleSubmit
FNDA:77,onChange
FNDA:120,onChange
FNDA:119,onChange
DA:1,1
DA:2,1
DA:3,1
DA:4,1
DA:5,1
DA:6,1
DA:7,1
DA:8,1
DA:9,365
DA:10,365
DA:11,365
DA:12,365
DA:13,365
DA:14,365
DA:15,365
DA:16,365
DA:17,365
DA:18,365
DA:19,17
DA:20,17
DA:21,15
DA:22,15
DA:23,365
DA:24,365
DA:25,365
DA:26,12
DA:27,12
DA:28,12
DA:29,12
DA:30,1
DA:31,1
DA:32,1
DA:33,11
DA:34,12
DA:35,2
DA:36,2
DA:37,2
DA:38,9
DA:39,9
DA:40,9
DA:41,9
DA:42,9
DA:43,9
DA:44,9
DA:45,9
DA:46,9
DA:47,9
DA:48,8
DA:49,12
DA:50,2
DA:51,2
DA:52,2
DA:53,2
DA:54,6
DA:55,6
DA:56,6
DA:57,12
DA:58,1
DA:59,1
DA:60,1
DA:61,1
DA:62,5
DA:63,5
DA:64,5
DA:65,5
DA:66,5
DA:67,5
DA:68,12
DA:69,1
DA:70,1
DA:71,12
DA:72,1
DA:73,1
DA:74,1
DA:75,12
DA:76,365
DA:77,365
DA:78,365
DA:79,365
DA:80,365
DA:81,365
DA:82,365
DA:83,365
DA:84,365
DA:85,365
DA:86,365
DA:87,365
DA:88,365
DA:89,365
DA:90,365
DA:91,365
DA:92,365
DA:93,365
DA:94,365
DA:95,365
DA:96,365
DA:97,365
DA:98,365
DA:99,365
DA:100,365
DA:101,365
DA:102,365
DA:103,365
DA:104,365
DA:105,365
DA:106,365
DA:107,365
DA:108,365
DA:109,365
DA:110,365
DA:111,365
DA:112,365
DA:113,365
DA:114,365
DA:115,365
DA:116,365
DA:117,365
DA:118,365
DA:119,365
DA:120,365
DA:121,365
DA:122,365
DA:123,365
DA:124,365
DA:125,365
DA:126,365
DA:127,365
DA:128,365
DA:129,365
DA:130,365
DA:131,365
DA:132,365
DA:133,365
DA:134,365
DA:135,365
DA:136,365
DA:137,365
DA:138,365
DA:139,365
DA:140,365
DA:141,365
DA:142,365
DA:143,365
DA:144,365
DA:145,365
DA:146,365
DA:147,365
DA:148,365
DA:149,365
DA:150,365
DA:151,365
DA:152,365
DA:153,365
DA:154,365
DA:155,365
DA:156,365
DA:157,365
DA:158,365
DA:159,365
DA:160,365
DA:161,365
LF:161
LH:161
BRDA:8,0,0,365
BRDA:145,1,0,355
BRDA:145,2,0,351
BRDA:148,3,0,9
BRDA:148,4,0,355
BRDA:18,5,0,17
BRDA:20,6,0,15
BRDA:21,7,0,14
BRDA:21,8,0,1
BRDA:25,9,0,12
BRDA:29,10,0,1
BRDA:32,11,0,11
BRDA:34,12,0,2
BRDA:37,13,0,9
BRDA:47,14,0,8
BRDA:49,15,0,2
BRDA:53,16,0,6
BRDA:57,17,0,1
BRDA:61,18,0,5
BRDA:68,19,0,1
BRDA:71,20,0,1
BRDA:105,21,0,77
BRDA:121,22,0,120
BRDA:137,23,0,119
BRF:24
BRH:24
end_of_record
TN:
SF:app/forgot-password/page.tsx
FN:7,ForgotPasswordPage
FN:12,handleSubmit
FN:79,onChange
FNF:3
FNH:3
FNDA:142,ForgotPasswordPage
FNDA:7,handleSubmit
FNDA:119,onChange
DA:1,1
DA:2,1
DA:3,1
DA:4,1
DA:5,1
DA:6,1
DA:7,1
DA:8,142
DA:9,142
DA:10,142
DA:11,142
DA:12,142
DA:13,7
DA:14,7
DA:15,7
DA:16,7
DA:17,7
DA:18,7
DA:19,7
DA:20,7
DA:21,7
DA:22,5
DA:23,7
DA:24,2
DA:25,2
DA:26,7
DA:27,7
DA:28,7
DA:29,7
DA:30,7
DA:31,7
DA:32,7
DA:33,7
DA:34,7
DA:35,142
DA:36,142
DA:37,6
DA:38,6
DA:39,6
DA:40,6
DA:41,6
DA:42,6
DA:43,6
DA:44,6
DA:45,6
DA:46,6
DA:47,6
DA:48,6
DA:49,6
DA:50,6
DA:51,6
DA:52,6
DA:53,6
DA:54,6
DA:55,6
DA:56,135
DA:57,135
DA:58,135
DA:59,135
DA:60,135
DA:61,135
DA:62,135
DA:63,135
DA:64,135
DA:65,135
DA:66,135
DA:67,135
DA:68,135
DA:69,135
DA:70,135
DA:71,135
DA:72,135
DA:73,135
DA:74,135
DA:75,135
DA:76,135
DA:77,135
DA:78,135
DA:79,135
DA:80,135
DA:81,135
DA:82,135
DA:83,135
DA:84,135
DA:85,135
DA:86,135
DA:87,135
DA:88,135
DA:89,135
DA:90,142
DA:91,142
DA:92,142
DA:93,142
DA:94,142
DA:95,142
DA:96,142
DA:97,142
DA:98,142
DA:99,142
DA:100,142
DA:101,142
DA:102,142
LF:102
LH:102
BRDA:7,0,0,142
BRDA:36,1,0,6
BRDA:55,2,0,135
BRDA:90,3,0,7
BRDA:90,4,0,128
BRDA:12,5,0,7
BRDA:21,6,0,5
BRDA:23,7,0,2
BRDA:79,8,0,119
BRF:9
BRH:9
end_of_record
TN:
SF:app/login/LoginShell.tsx
FN:3,LoginShell
FNF:1
FNH:1
FNDA:1,LoginShell
DA:1,1
DA:2,1
DA:3,1
DA:4,1
DA:5,1
DA:6,1
DA:7,1
DA:8,1
DA:9,1
DA:10,1
DA:11,1
DA:12,1
DA:13,1
DA:14,1
DA:15,1
LF:15
LH:15
BRDA:3,0,0,1
BRF:1
BRH:1
end_of_record
TN:
SF:app/login/page.tsx
FN:13,LoginForm
FN:24,handleSubmit
FN:78,onChange
FN:94,onChange
FN:130,LoginPage
FNF:5
FNH:5
FNDA:220,LoginForm
FNDA:8,handleSubmit
FNDA:119,onChange
FNDA:75,onChange
FNDA:13,LoginPage
DA:1,1
DA:2,1
DA:3,1
DA:4,1
DA:5,1
DA:6,1
DA:7,1
DA:8,1
DA:9,1
DA:10,1
DA:11,1
DA:12,1
DA:13,220
DA:14,220
DA:15,220
DA:16,220
DA:17,220
DA:18,13
DA:19,13
DA:20,13
DA:21,220
DA:22,220
DA:23,220
DA:24,220
DA:25,8
DA:26,8
DA:27,8
DA:28,8
DA:29,8
DA:30,8
DA:31,8
DA:32,7
DA:33,8
DA:34,3
DA:35,3
DA:36,8
DA:37,4
DA:38,4
DA:39,4
DA:40,4
DA:41,1
DA:42,1
DA:43,4
DA:44,8
DA:45,1
DA:46,1
DA:47,1
DA:48,8
DA:49,220
DA:50,220
DA:51,220
DA:52,220
DA:53,220
DA:54,220
DA:55,220
DA:56,220
DA:57,220
DA:58,220
DA:59,220
DA:60,220
DA:61,220
DA:62,220
DA:63,220
DA:64,220
DA:65,220
DA:66,220
DA:67,220
DA:68,220
DA:69,220
DA:70,220
DA:71,220
DA:72,220
DA:73,220
DA:74,220
DA:75,220
DA:76,220
DA:77,220
DA:78,220
DA:79,220
DA:80,220
DA:81,220
DA:82,220
DA:83,220
DA:84,220
DA:85,220
DA:86,220
DA:87,220
DA:88,220
DA:89,220
DA:90,220
DA:91,220
DA:92,220
DA:93,220
DA:94,220
DA:95,220
DA:96,220
DA:97,220
DA:98,220
DA:99,220
DA:100,220
DA:101,220
DA:102,220
DA:103,220
DA:104,220
DA:105,220
DA:106,220
DA:107,220
DA:108,220
DA:109,220
DA:110,220
DA:111,220
DA:112,220
DA:113,220
DA:114,220
DA:115,220
DA:116,220
DA:117,220
DA:118,220
DA:119,220
DA:120,220
DA:121,220
DA:122,220
DA:123,220
DA:124,220
DA:125,220
DA:126,220
DA:127,220
DA:128,220
DA:129,1
DA:130,1
DA:131,13
DA:132,13
DA:133,13
DA:134,13
DA:135,13
DA:136,13
LF:136
LH:136
BRDA:13,0,0,220
BRDA:105,1,0,8
BRDA:105,2,0,212
BRDA:17,3,0,13
BRDA:18,4,0,11
BRDA:19,5,0,12
BRDA:24,6,0,8
BRDA:31,7,0,7
BRDA:33,8,0,3
BRDA:36,9,0,4
BRDA:40,10,0,1
BRDA:44,11,0,1
BRDA:78,12,0,119
BRDA:94,13,0,75
BRDA:130,14,0,13
BRF:15
BRH:15
end_of_record
TN:
SF:app/privacy-policy/page.tsx
FN:6,PrivacyPolicyPage
FNF:1
FNH:1
FNDA:4,PrivacyPolicyPage
DA:1,1
DA:2,1
DA:3,1
DA:4,1
DA:5,1
DA:6,1
DA:7,4
DA:8,4
DA:9,4
DA:10,4
DA:11,4
DA:12,4
DA:13,4
DA:14,4
DA:15,4
DA:16,4
DA:17,4
DA:18,4
DA:19,4
DA:20,4
DA:21,4
DA:22,4
DA:23,4
DA:24,4
DA:25,4
DA:26,4
DA:27,4
DA:28,4
DA:29,4
DA:30,4
DA:31,4
DA:32,4
DA:33,4
DA:34,4
DA:35,4
DA:36,4
DA:37,4
DA:38,4
DA:39,4
DA:40,4
DA:41,4
DA:42,4
DA:43,4
DA:44,4
DA:45,4
DA:46,4
DA:47,4
DA:48,4
DA:49,4
DA:50,4
DA:51,4
DA:52,4
DA:53,4
DA:54,4
DA:55,4
DA:56,4
DA:57,4
DA:58,4
DA:59,4
DA:60,4
DA:61,4
DA:62,4
DA:63,4
DA:64,4
DA:65,4
DA:66,4
DA:67,4
DA:68,4
DA:69,4
DA:70,4
DA:71,4
DA:72,4
DA:73,4
DA:74,4
DA:75,4
DA:76,4
DA:77,4
DA:78,4
DA:79,4
DA:80,4
DA:81,4
DA:82,4
DA:83,4
DA:84,4
DA:85,4
DA:86,4
DA:87,4
DA:88,4
DA:89,4
DA:90,4
DA:91,4
DA:92,4
DA:93,4
DA:94,4
DA:95,4
DA:96,4
DA:97,4
DA:98,4
DA:99,4
DA:100,4
DA:101,4
DA:102,4
DA:103,4
DA:104,4
DA:105,4
DA:106,4
DA:107,4
DA:108,4
DA:109,4
DA:110,4
DA:111,4
DA:112,4
DA:113,4
DA:114,4
DA:115,4
DA:116,4
DA:117,4
DA:118,4
DA:119,4
DA:120,4
DA:121,4
DA:122,4
DA:123,4
DA:124,4
DA:125,4
DA:126,4
DA:127,4
DA:128,4
DA:129,4
DA:130,4
DA:131,4
DA:132,4
DA:133,4
DA:134,4
DA:135,4
DA:136,4
DA:137,4
DA:138,4
DA:139,4
DA:140,4
DA:141,4
DA:142,4
DA:143,4
DA:144,4
DA:145,4
DA:146,4
DA:147,4
DA:148,4
DA:149,4
DA:150,4
DA:151,4
DA:152,4
DA:153,4
DA:154,4
DA:155,4
DA:156,4
DA:157,4
DA:158,4
DA:159,4
DA:160,4
DA:161,4
DA:162,4
DA:163,4
DA:164,4
DA:165,4
DA:166,4
DA:167,4
DA:168,4
DA:169,4
DA:170,4
DA:171,4
DA:172,4
DA:173,4
DA:174,4
DA:175,4
DA:176,4
DA:177,4
DA:178,4
DA:179,4
DA:180,4
DA:181,4
DA:182,4
DA:183,4
DA:184,4
DA:185,4
DA:186,4
DA:187,4
DA:188,4
DA:189,4
DA:190,4
DA:191,4
DA:192,4
DA:193,4
DA:194,4
DA:195,4
DA:196,4
DA:197,4
DA:198,4
DA:199,4
DA:200,4
DA:201,4
DA:202,4
DA:203,4
DA:204,4
DA:205,4
DA:206,4
DA:207,4
DA:208,4
DA:209,4
DA:210,4
DA:211,4
DA:212,4
DA:213,4
DA:214,4
DA:215,4
DA:216,4
DA:217,4
DA:218,4
DA:219,4
DA:220,4
DA:221,4
DA:222,4
DA:223,4
DA:224,4
DA:225,4
DA:226,4
DA:227,4
DA:228,4
DA:229,4
DA:230,4
DA:231,4
DA:232,4
DA:233,4
DA:234,4
DA:235,4
DA:236,4
DA:237,4
DA:238,4
DA:239,4
DA:240,4
DA:241,4
DA:242,4
DA:243,4
DA:244,4
DA:245,4
DA:246,4
DA:247,4
DA:248,4
DA:249,4
DA:250,4
DA:251,4
DA:252,4
DA:253,4
DA:254,4
DA:255,4
DA:256,4
DA:257,4
DA:258,4
DA:259,4
DA:260,4
DA:261,4
DA:262,4
DA:263,4
DA:264,4
DA:265,4
DA:266,4
DA:267,4
DA:268,4
DA:269,4
DA:270,4
DA:271,4
DA:272,4
DA:273,4
DA:274,4
DA:275,4
DA:276,4
DA:277,4
DA:278,4
DA:279,4
DA:280,4
DA:281,4
DA:282,4
DA:283,4
DA:284,4
DA:285,4
DA:286,4
DA:287,4
DA:288,4
DA:289,4
DA:290,4
DA:291,4
DA:292,4
DA:293,4
DA:294,4
DA:295,4
DA:296,4
DA:297,4
DA:298,4
DA:299,4
DA:300,4
DA:301,4
DA:302,4
DA:303,4
DA:304,4
DA:305,4
DA:306,4
DA:307,4
DA:308,4
DA:309,4
DA:310,4
DA:311,4
DA:312,4
DA:313,4
DA:314,4
DA:315,4
DA:316,4
DA:317,4
DA:318,4
DA:319,4
DA:320,4
DA:321,4
DA:322,4
DA:323,4
DA:324,4
DA:325,4
DA:326,4
DA:327,4
DA:328,4
DA:329,4
DA:330,4
DA:331,4
DA:332,4
DA:333,4
DA:334,4
DA:335,4
DA:336,4
DA:337,4
DA:338,4
DA:339,4
DA:340,4
DA:341,4
DA:342,4
DA:343,4
DA:344,4
DA:345,4
DA:346,4
DA:347,4
DA:348,4
DA:349,4
DA:350,4
DA:351,4
DA:352,4
DA:353,4
DA:354,4
DA:355,4
DA:356,4
DA:357,4
DA:358,4
DA:359,4
DA:360,4
DA:361,4
DA:362,4
DA:363,4
DA:364,4
DA:365,4
DA:366,4
DA:367,4
DA:368,4
DA:369,4
DA:370,4
DA:371,4
DA:372,4
DA:373,4
DA:374,4
DA:375,4
DA:376,4
DA:377,4
DA:378,4
DA:379,4
DA:380,4
DA:381,4
DA:382,4
DA:383,4
DA:384,4
DA:385,4
DA:386,4
DA:387,4
DA:388,4
DA:389,4
DA:390,4
DA:391,4
DA:392,4
DA:393,4
DA:394,4
DA:395,4
DA:396,4
DA:397,4
DA:398,4
DA:399,4
DA:400,4
DA:401,4
DA:402,4
LF:402
LH:402
BRDA:6,0,0,4
BRF:1
BRH:1
end_of_record
TN:
SF:app/reset-password/page.tsx
FN:8,ResetPasswordPage
FN:14,handleSubmit
FN:70,onChange
FNF:3
FNH:3
FNDA:98,ResetPasswordPage
FNDA:7,handleSubmit
FNDA:76,onChange
DA:1,1
DA:2,1
DA:3,1
DA:4,1
DA:5,1
DA:6,1
DA:7,1
DA:8,1
DA:9,98
DA:10,98
DA:11,98
DA:12,98
DA:13,98
DA:14,98
DA:15,7
DA:16,7
DA:17,7
DA:18,7
DA:19,7
DA:20,7
DA:21,7
DA:22,6
DA:23,7
DA:24,3
DA:25,3
DA:26,3
DA:27,3
DA:28,3
DA:29,3
DA:30,3
DA:31,3
DA:32,1
DA:33,1
DA:34,3
DA:35,7
DA:36,1
DA:37,1
DA:38,1
DA:39,7
DA:40,98
DA:41,98
DA:42,98
DA:43,98
DA:44,98
DA:45,98
DA:46,98
DA:47,98
DA:48,98
DA:49,98
DA:50,98
DA:51,98
DA:52,98
DA:53,98
DA:54,98
DA:55,98
DA:56,98
DA:57,98
DA:58,98
DA:59,98
DA:60,98
DA:61,98
DA:62,98
DA:63,98
DA:64,98
DA:65,98
DA:66,98
DA:67,98
DA:68,98
DA:69,98
DA:70,98
DA:71,98
DA:72,98
DA:73,98
DA:74,98
DA:75,98
DA:76,98
DA:77,98
DA:78,98
DA:79,98
DA:80,98
DA:81,98
DA:82,98
DA:83,98
DA:84,98
DA:85,98
DA:86,98
DA:87,98
DA:88,98
DA:89,98
DA:90,98
DA:91,98
DA:92,98
DA:93,98
LF:93
LH:93
BRDA:8,0,0,98
BRDA:81,1,0,7
BRDA:81,2,0,91
BRDA:14,3,0,7
BRDA:21,4,0,6
BRDA:23,5,0,3
BRDA:31,6,0,1
BRDA:35,7,0,1
BRDA:70,8,0,76
BRF:9
BRH:9
end_of_record
TN:
SF:app/sms-consent-proof/page.tsx
FN:9,SmsConsentProofPage
FNF:1
FNH:1
FNDA:4,SmsConsentProofPage
DA:1,1
DA:2,1
DA:3,1
DA:4,1
DA:5,1
DA:6,1
DA:7,1
DA:8,1
DA:9,1
DA:10,4
DA:11,4
DA:12,4
DA:13,4
DA:14,4
DA:15,4
DA:16,4
DA:17,4
DA:18,4
DA:19,4
DA:20,4
DA:21,4
DA:22,4
DA:23,4
DA:24,4
DA:25,4
DA:26,4
DA:27,4
DA:28,4
DA:29,4
DA:30,4
DA:31,4
DA:32,4
DA:33,4
DA:34,4
DA:35,4
DA:36,4
DA:37,4
DA:38,4
DA:39,4
DA:40,4
DA:41,4
DA:42,4
DA:43,4
DA:44,4
DA:45,4
DA:46,4
DA:47,4
DA:48,4
DA:49,4
DA:50,4
DA:51,4
DA:52,4
DA:53,4
DA:54,4
DA:55,4
DA:56,4
DA:57,4
DA:58,4
DA:59,4
DA:60,4
DA:61,4
DA:62,4
DA:63,4
DA:64,4
DA:65,4
DA:66,4
DA:67,4
DA:68,4
DA:69,4
DA:70,4
DA:71,4
DA:72,4
DA:73,4
DA:74,4
DA:75,4
DA:76,4
DA:77,4
DA:78,4
DA:79,4
DA:80,4
DA:81,4
DA:82,4
DA:83,4
DA:84,4
DA:85,4
DA:86,4
DA:87,4
DA:88,4
DA:89,4
DA:90,4
DA:91,4
DA:92,4
DA:93,4
DA:94,4
DA:95,4
DA:96,4
DA:97,4
DA:98,4
DA:99,4
DA:100,4
DA:101,4
DA:102,4
DA:103,4
DA:104,4
DA:105,4
DA:106,4
DA:107,4
DA:108,4
DA:109,4
DA:110,4
DA:111,4
DA:112,4
DA:113,4
DA:114,4
DA:115,4
DA:116,4
DA:117,4
DA:118,4
DA:119,4
DA:120,4
DA:121,4
DA:122,4
DA:123,4
DA:124,4
DA:125,4
DA:126,4
DA:127,4
DA:128,4
DA:129,4
DA:130,4
DA:131,4
DA:132,4
DA:133,4
DA:134,4
DA:135,4
DA:136,4
DA:137,4
DA:138,4
DA:139,4
DA:140,4
DA:141,4
DA:142,4
DA:143,4
DA:144,4
DA:145,4
DA:146,4
LF:146
LH:146
BRDA:9,0,0,4
BRF:1
BRH:1
end_of_record
TN:
SF:app/sms-enrollment/SmsEnrollmentForm.tsx
FN:39,SmsEnrollmentForm
FN:46,set
FN:50,validate
FN:68,handleSubmit
FN:126,onChange
FN:145,onChange
FN:165,onChange
FN:183,onChange
FN:202,onChange
FN:220,onChange
FN:235,onChange
FN:248,onChange
FNF:12
FNH:12
FNDA:117,SmsEnrollmentForm
FNDA:74,set
FNDA:15,validate
FNDA:15,handleSubmit
FNDA:13,onChange
FNDA:13,onChange
FNDA:14,onChange
FNDA:1,onChange
FNDA:14,onChange
FNDA:14,onChange
FNDA:1,onChange
FNDA:4,onChange
DA:1,1
DA:2,1
DA:3,1
DA:4,1
DA:5,1
DA:6,1
DA:7,1
DA:8,1
DA:9,1
DA:10,1
DA:11,1
DA:12,1
DA:13,1
DA:14,1
DA:15,1
DA:16,1
DA:17,1
DA:18,1
DA:19,1
DA:20,1
DA:21,1
DA:22,1
DA:23,1
DA:24,1
DA:25,1
DA:26,1
DA:27,1
DA:28,1
DA:29,1
DA:30,1
DA:31,1
DA:32,1
DA:33,1
DA:34,1
DA:35,1
DA:36,1
DA:37,1
DA:38,1
DA:39,1
DA:40,117
DA:41,117
DA:42,117
DA:43,117
DA:44,117
DA:45,117
DA:46,117
DA:47,74
DA:48,74
DA:49,117
DA:50,117
DA:51,15
DA:52,15
DA:53,15
DA:54,15
DA:55,1
DA:56,15
DA:57,1
DA:58,1
DA:59,15
DA:60,1
DA:61,1
DA:62,15
DA:63,15
DA:64,15
DA:65,15
DA:66,15
DA:67,117
DA:68,117
DA:69,15
DA:70,15
DA:71,10
DA:72,10
DA:73,10
DA:74,10
DA:75,10
DA:76,15
DA:77,2
DA:78,2
DA:79,2
DA:80,2
DA:81,7
DA:82,15
DA:83,1
DA:84,15
DA:85,10
DA:86,10
DA:87,15
DA:88,117
DA:89,117
DA:90,3
DA:91,3
DA:92,3
DA:93,3
DA:94,3
DA:95,3
DA:96,3
DA:97,3
DA:98,2
DA:99,1
DA:100,3
DA:101,3
DA:102,3
DA:103,3
DA:104,113
DA:105,113
DA:106,113
DA:107,113
DA:108,117
DA:109,117
DA:110,117
DA:111,117
DA:112,117
DA:113,117
DA:114,117
DA:115,117
DA:116,117
DA:117,117
DA:118,117
DA:119,117
DA:120,117
DA:121,117
DA:122,117
DA:123,117
DA:124,117
DA:125,117
DA:126,117
DA:127,117
DA:128,117
DA:129,117
DA:130,117
DA:131,117
DA:132,117
DA:133,117
DA:134,117
DA:135,117
DA:136,117
DA:137,117
DA:138,117
DA:139,117
DA:140,117
DA:141,117
DA:142,117
DA:143,117
DA:144,117
DA:145,117
DA:146,117
DA:147,117
DA:148,117
DA:149,117
DA:150,117
DA:151,117
DA:152,117
DA:153,117
DA:154,117
DA:155,117
DA:156,117
DA:157,117
DA:158,117
DA:159,117
DA:160,117
DA:161,117
DA:162,117
DA:163,117
DA:164,117
DA:165,117
DA:166,117
DA:167,117
DA:168,117
DA:169,117
DA:170,117
DA:171,117
DA:172,117
DA:173,117
DA:174,117
DA:175,117
DA:176,117
DA:177,117
DA:178,117
DA:179,117
DA:180,117
DA:181,117
DA:182,117
DA:183,117
DA:184,117
DA:185,117
DA:186,117
DA:187,117
DA:188,117
DA:189,117
DA:190,117
DA:191,117
DA:192,117
DA:193,117
DA:194,117
DA:195,117
DA:196,117
DA:197,117
DA:198,117
DA:199,117
DA:200,117
DA:201,117
DA:202,117
DA:203,117
DA:204,117
DA:205,117
DA:206,117
DA:207,117
DA:208,117
DA:209,117
DA:210,117
DA:211,117
DA:212,117
DA:213,117
DA:214,117
DA:215,117
DA:216,117
DA:217,117
DA:218,117
DA:219,117
DA:220,117
DA:221,117
DA:222,117
DA:223,117
DA:224,117
DA:225,117
DA:226,117
DA:227,117
DA:228,117
DA:229,117
DA:230,117
DA:231,117
DA:232,117
DA:233,117
DA:234,117
DA:235,117
DA:236,117
DA:237,117
DA:238,117
DA:239,117
DA:240,117
DA:241,117
DA:242,117
DA:243,117
DA:244,117
DA:245,117
DA:246,117
DA:247,117
DA:248,117
DA:249,117
DA:250,117
DA:251,117
DA:252,117
DA:253,117
DA:254,117
DA:255,117
DA:256,117
DA:257,117
DA:258,117
DA:259,117
DA:260,117
DA:261,117
DA:262,117
DA:263,117
DA:264,117
DA:265,117
DA:266,117
DA:267,117
DA:268,117
DA:269,117
DA:270,117
DA:271,117
DA:272,117
DA:273,117
DA:274,117
DA:275,117
DA:276,117
DA:277,117
DA:278,117
LF:278
LH:278
BRDA:39,0,0,117
BRDA:89,1,0,3
BRDA:98,2,0,2
BRDA:98,3,0,1
BRDA:103,4,0,113
BRDA:124,5,0,2
BRDA:124,6,0,111
BRDA:143,7,0,2
BRDA:143,8,0,111
BRDA:163,9,0,2
BRDA:163,10,0,111
BRDA:181,11,0,1
BRDA:181,12,0,112
BRDA:200,13,0,1
BRDA:200,14,0,112
BRDA:218,15,0,1
BRDA:218,16,0,112
BRDA:274,17,0,10
BRDA:274,18,0,103
BRDA:46,19,0,74
BRDA:47,20,0,74
BRDA:50,21,0,15
BRDA:52,22,0,2
BRDA:53,23,0,2
BRDA:54,24,0,1
BRDA:56,25,0,14
BRDA:56,26,0,1
BRDA:59,27,0,1
BRDA:59,28,0,1
BRDA:62,29,0,1
BRDA:63,30,0,1
BRDA:68,31,0,15
BRDA:70,32,0,5
BRDA:70,33,0,10
BRDA:75,34,0,9
BRDA:76,35,0,2
BRDA:78,36,0,1
BRDA:80,37,0,7
BRDA:82,38,0,1
BRDA:84,39,0,8
BRDA:84,40,0,10
BRDA:126,41,0,13
BRDA:145,42,0,13
BRDA:165,43,0,14
BRDA:183,44,0,1
BRDA:202,45,0,14
BRDA:220,46,0,14
BRDA:235,47,0,1
BRDA:248,48,0,4
BRF:49
BRH:49
end_of_record
TN:
SF:app/sms-enrollment/page.tsx
FN:12,SmsEnrollmentPage
FNF:1
FNH:1
FNDA:4,SmsEnrollmentPage
DA:1,1
DA:2,1
DA:3,1
DA:4,1
DA:5,1
DA:6,1
DA:7,1
DA:8,1
DA:9,1
DA:10,1
DA:11,1
DA:12,1
DA:13,4
DA:14,4
DA:15,4
DA:16,4
DA:17,4
DA:18,4
DA:19,4
DA:20,4
DA:21,4
DA:22,4
DA:23,4
DA:24,4
DA:25,4
DA:26,4
DA:27,4
DA:28,4
DA:29,4
DA:30,4
DA:31,4
DA:32,4
DA:33,4
DA:34,4
DA:35,4
DA:36,4
DA:37,4
DA:38,4
DA:39,4
DA:40,4
DA:41,4
DA:42,4
LF:42
LH:42
BRDA:12,0,0,4
BRF:1
BRH:1
end_of_record
TN:
SF:app/terms/page.tsx
FN:6,TermsPage
FNF:1
FNH:1
FNDA:3,TermsPage
DA:1,1
DA:2,1
DA:3,1
DA:4,1
DA:5,1
DA:6,1
DA:7,3
DA:8,3
DA:9,3
DA:10,3
DA:11,3
DA:12,3
DA:13,3
DA:14,3
DA:15,3
DA:16,3
DA:17,3
DA:18,3
DA:19,3
DA:20,3
DA:21,3
DA:22,3
DA:23,3
DA:24,3
DA:25,3
DA:26,3
DA:27,3
DA:28,3
DA:29,3
DA:30,3
DA:31,3
DA:32,3
DA:33,3
DA:34,3
DA:35,3
DA:36,3
DA:37,3
DA:38,3
DA:39,3
DA:40,3
DA:41,3
DA:42,3
DA:43,3
DA:44,3
DA:45,3
DA:46,3
DA:47,3
DA:48,3
DA:49,3
DA:50,3
DA:51,3
DA:52,3
DA:53,3
DA:54,3
DA:55,3
DA:56,3
DA:57,3
DA:58,3
DA:59,3
DA:60,3
DA:61,3
DA:62,3
DA:63,3
DA:64,3
DA:65,3
DA:66,3
DA:67,3
DA:68,3
DA:69,3
DA:70,3
DA:71,3
DA:72,3
DA:73,3
DA:74,3
DA:75,3
DA:76,3
DA:77,3
DA:78,3
DA:79,3
DA:80,3
DA:81,3
DA:82,3
DA:83,3
DA:84,3
DA:85,3
DA:86,3
DA:87,3
DA:88,3
LF:88
LH:88
BRDA:6,0,0,3
BRF:1
BRH:1
end_of_record
TN:
SF:components/CTA.tsx
FN:1,CTA
FNF:1
FNH:1
FNDA:19,CTA
DA:1,1
DA:2,19
DA:3,19
DA:4,19
DA:5,19
DA:6,19
DA:7,19
DA:8,19
DA:9,19
DA:10,19
DA:11,19
DA:12,19
DA:13,19
DA:14,19
DA:15,19
DA:16,19
DA:17,19
DA:18,19
DA:19,19
DA:20,19
DA:21,19
DA:22,19
DA:23,19
DA:24,19
DA:25,19
DA:26,19
DA:27,19
DA:28,19
DA:29,19
DA:30,19
DA:31,19
DA:32,19
DA:33,19
DA:34,19
DA:35,19
DA:36,19
DA:37,19
DA:38,19
DA:39,19
DA:40,19
DA:41,19
DA:42,19
DA:43,19
DA:44,19
DA:45,19
DA:46,19
LF:46
LH:46
BRDA:1,0,0,19
BRF:1
BRH:1
end_of_record
TN:
SF:components/FAQ.tsx
FN:43,ChevronIcon
FN:57,FAQItem
FN:67,onClick
FN:88,FAQ
FNF:4
FNH:4
FNDA:184,ChevronIcon
FNDA:184,FAQItem
FNDA:9,onClick
FNDA:25,FAQ
DA:1,1
DA:2,1
DA:3,1
DA:4,1
DA:5,1
DA:6,1
DA:7,1
DA:8,1
DA:9,1
DA:10,1
DA:11,1
DA:12,1
DA:13,1
DA:14,1
DA:15,1
DA:16,1
DA:17,1
DA:18,1
DA:19,1
DA:20,1
DA:21,1
DA:22,1
DA:23,1
DA:24,1
DA:25,1
DA:26,1
DA:27,1
DA:28,1
DA:29,1
DA:30,1
DA:31,1
DA:32,1
DA:33,1
DA:34,1
DA:35,1
DA:36,1
DA:37,1
DA:38,1
DA:39,1
DA:40,1
DA:41,1
DA:42,1
DA:43,184
DA:44,184
DA:45,184
DA:46,184
DA:47,184
DA:48,184
DA:49,184
DA:50,184
DA:51,184
DA:52,184
DA:53,184
DA:54,184
DA:55,184
DA:56,1
DA:57,184
DA:58,184
DA:59,184
DA:60,184
DA:61,184
DA:62,184
DA:63,184
DA:64,184
DA:65,184
DA:66,184
DA:67,184
DA:68,184
DA:69,184
DA:70,184
DA:71,184
DA:72,184
DA:73,184
DA:74,184
DA:75,184
DA:76,184
DA:77,184
DA:78,184
DA:79,184
DA:80,184
DA:81,184
DA:82,184
DA:83,184
DA:84,184
DA:85,184
DA:86,184
DA:87,1
DA:88,1
DA:89,25
DA:90,25
DA:91,25
DA:92,25
DA:93,25
DA:94,25
DA:95,25
DA:96,25
DA:97,25
DA:98,25
DA:99,25
DA:100,25
DA:101,25
DA:102,25
DA:103,25
DA:104,25
DA:105,25
DA:106,25
DA:107,25
DA:108,25
DA:109,25
DA:110,25
DA:111,25
DA:112,25
DA:113,25
DA:114,25
DA:115,25
DA:116,25
DA:117,25
DA:118,25
DA:119,25
DA:120,25
DA:121,25
DA:122,25
LF:122
LH:122
BRDA:43,0,0,184
BRDA:46,1,0,8
BRDA:46,2,0,176
BRDA:57,3,0,184
BRDA:67,4,0,9
BRDA:67,5,0,9
BRDA:88,6,0,25
BRDA:115,7,0,175
BRF:8
BRH:8
end_of_record
TN:
SF:components/Features.tsx
FN:7,ChatIcon
FN:15,BellIcon
FN:23,ShieldIcon
FN:31,BuildingIcon
FN:39,CheckCircleIcon
FN:47,ChartIcon
FN:94,Features
FNF:7
FNH:7
FNDA:21,ChatIcon
FNDA:21,BellIcon
FNDA:21,ShieldIcon
FNDA:21,BuildingIcon
FNDA:21,CheckCircleIcon
FNDA:21,ChartIcon
FNDA:21,Features
DA:1,1
DA:2,1
DA:3,1
DA:4,1
DA:5,1
DA:6,1
DA:7,21
DA:8,21
DA:9,21
DA:10,21
DA:11,21
DA:12,21
DA:13,21
DA:14,1
DA:15,21
DA:16,21
DA:17,21
DA:18,21
DA:19,21
DA:20,21
DA:21,21
DA:22,1
DA:23,21
DA:24,21
DA:25,21
DA:26,21
DA:27,21
DA:28,21
DA:29,21
DA:30,1
DA:31,21
DA:32,21
DA:33,21
DA:34,21
DA:35,21
DA:36,21
DA:37,21
DA:38,1
DA:39,21
DA:40,21
DA:41,21
DA:42,21
DA:43,21
DA:44,21
DA:45,21
DA:46,1
DA:47,21
DA:48,21
DA:49,21
DA:50,21
DA:51,21
DA:52,21
DA:53,21
DA:54,1
DA:55,1
DA:56,1
DA:57,1
DA:58,1
DA:59,1
DA:60,1
DA:61,1
DA:62,1
DA:63,1
DA:64,1
DA:65,1
DA:66,1
DA:67,1
DA:68,1
DA:69,1
DA:70,1
DA:71,1
DA:72,1
DA:73,1
DA:74,1
DA:75,1
DA:76,1
DA:77,1
DA:78,1
DA:79,1
DA:80,1
DA:81,1
DA:82,1
DA:83,1
DA:84,1
DA:85,1
DA:86,1
DA:87,1
DA:88,1
DA:89,1
DA:90,1
DA:91,1
DA:92,1
DA:93,1
DA:94,1
DA:95,21
DA:96,21
DA:97,21
DA:98,21
DA:99,21
DA:100,21
DA:101,21
DA:102,21
DA:103,21
DA:104,21
DA:105,21
DA:106,21
DA:107,21
DA:108,21
DA:109,21
DA:110,21
DA:111,21
DA:112,21
DA:113,21
DA:114,21
DA:115,21
DA:116,21
DA:117,21
DA:118,21
DA:119,21
DA:120,21
DA:121,21
DA:122,126
DA:123,126
DA:124,21
DA:125,21
DA:126,21
DA:127,21
DA:128,21
DA:129,21
DA:130,21
DA:131,21
DA:132,21
DA:133,21
DA:134,21
DA:135,21
DA:136,21
DA:137,21
DA:138,21
DA:139,21
LF:139
LH:139
BRDA:7,0,0,21
BRDA:15,1,0,21
BRDA:23,2,0,21
BRDA:31,3,0,21
BRDA:39,4,0,21
BRDA:47,5,0,21
BRDA:94,6,0,21
BRDA:121,7,0,126
BRF:8
BRH:8
end_of_record
TN:
SF:components/Footer.tsx
FN:21,Footer
FNF:1
FNH:1
FNDA:23,Footer
DA:1,1
DA:2,1
DA:3,1
DA:4,1
DA:5,1
DA:6,1
DA:7,1
DA:8,1
DA:9,1
DA:10,1
DA:11,1
DA:12,1
DA:13,1
DA:14,1
DA:15,1
DA:16,1
DA:17,1
DA:18,1
DA:19,1
DA:20,1
DA:21,1
DA:22,23
DA:23,23
DA:24,23
DA:25,23
DA:26,23
DA:27,23
DA:28,23
DA:29,23
DA:30,23
DA:31,23
DA:32,23
DA:33,23
DA:34,23
DA:35,23
DA:36,23
DA:37,23
DA:38,23
DA:39,23
DA:40,23
DA:41,23
DA:42,23
DA:43,23
DA:44,23
DA:45,23
DA:46,23
DA:47,23
DA:48,23
DA:49,92
DA:50,23
DA:51,23
DA:52,23
DA:53,23
DA:54,23
DA:55,23
DA:56,23
DA:57,23
DA:58,23
DA:59,23
DA:60,23
DA:61,23
DA:62,23
DA:63,23
DA:64,23
DA:65,46
DA:66,23
DA:67,23
DA:68,23
DA:69,23
DA:70,23
DA:71,23
DA:72,23
DA:73,23
DA:74,23
DA:75,23
DA:76,23
DA:77,23
DA:78,23
DA:79,23
DA:80,23
DA:81,46
DA:82,23
DA:83,23
DA:84,23
DA:85,23
DA:86,23
DA:87,23
DA:88,23
DA:89,23
DA:90,23
DA:91,23
DA:92,23
DA:93,23
DA:94,23
DA:95,23
DA:96,23
DA:97,23
DA:98,23
DA:99,23
DA:100,23
DA:101,23
DA:102,23
DA:103,23
DA:104,23
LF:104
LH:104
BRDA:21,0,0,23
BRDA:48,1,0,92
BRDA:64,2,0,46
BRDA:80,3,0,46
BRF:4
BRH:4
end_of_record
TN:
SF:components/ForHomeowners.tsx
FN:47,ForHomeowners
FNF:1
FNH:1
FNDA:19,ForHomeowners
DA:1,1
DA:2,1
DA:3,1
DA:4,1
DA:5,1
DA:6,1
DA:7,1
DA:8,1
DA:9,1
DA:10,1
DA:11,1
DA:12,1
DA:13,1
DA:14,1
DA:15,1
DA:16,1
DA:17,1
DA:18,1
DA:19,1
DA:20,1
DA:21,1
DA:22,1
DA:23,1
DA:24,1
DA:25,1
DA:26,1
DA:27,1
DA:28,1
DA:29,1
DA:30,1
DA:31,1
DA:32,1
DA:33,1
DA:34,1
DA:35,1
DA:36,1
DA:37,1
DA:38,1
DA:39,1
DA:40,1
DA:41,1
DA:42,1
DA:43,1
DA:44,1
DA:45,1
DA:46,1
DA:47,1
DA:48,19
DA:49,19
DA:50,19
DA:51,19
DA:52,19
DA:53,19
DA:54,19
DA:55,19
DA:56,19
DA:57,19
DA:58,19
DA:59,19
DA:60,19
DA:61,19
DA:62,19
DA:63,19
DA:64,19
DA:65,19
DA:66,19
DA:67,19
DA:68,19
DA:69,19
DA:70,19
DA:71,19
DA:72,19
DA:73,19
DA:74,19
DA:75,95
DA:76,95
DA:77,19
DA:78,19
DA:79,19
DA:80,19
DA:81,19
DA:82,19
DA:83,19
DA:84,19
DA:85,19
DA:86,19
DA:87,19
DA:88,19
DA:89,19
DA:90,19
DA:91,19
DA:92,19
DA:93,19
DA:94,19
DA:95,19
DA:96,38
DA:97,38
DA:98,19
DA:99,19
DA:100,19
DA:101,19
DA:102,19
DA:103,19
DA:104,19
DA:105,19
DA:106,19
DA:107,19
DA:108,19
DA:109,19
DA:110,19
DA:111,19
DA:112,19
DA:113,19
DA:114,19
DA:115,19
DA:116,19
DA:117,19
DA:118,19
DA:119,19
DA:120,19
DA:121,19
DA:122,19
DA:123,19
DA:124,19
DA:125,19
DA:126,19
DA:127,19
DA:128,19
DA:129,19
DA:130,19
LF:130
LH:130
BRDA:47,0,0,19
BRDA:74,1,0,95
BRDA:95,2,0,38
BRF:3
BRH:3
end_of_record
TN:
SF:components/Hero.tsx
FN:29,PhoneMockup
FN:115,Hero
FNF:2
FNH:2
FNDA:20,PhoneMockup
FNDA:20,Hero
DA:1,1
DA:2,1
DA:3,1
DA:4,1
DA:5,1
DA:6,1
DA:7,1
DA:8,1
DA:9,1
DA:10,1
DA:11,1
DA:12,1
DA:13,1
DA:14,1
DA:15,1
DA:16,1
DA:17,1
DA:18,1
DA:19,1
DA:20,1
DA:21,1
DA:22,1
DA:23,1
DA:24,1
DA:25,1
DA:26,1
DA:27,1
DA:28,1
DA:29,20
DA:30,20
DA:31,20
DA:32,20
DA:33,20
DA:34,20
DA:35,20
DA:36,20
DA:37,20
DA:38,20
DA:39,20
DA:40,20
DA:41,20
DA:42,20
DA:43,20
DA:44,20
DA:45,20
DA:46,20
DA:47,20
DA:48,20
DA:49,20
DA:50,20
DA:51,20
DA:52,20
DA:53,20
DA:54,20
DA:55,20
DA:56,20
DA:57,20
DA:58,20
DA:59,20
DA:60,20
DA:61,20
DA:62,100
DA:63,100
DA:64,20
DA:65,20
DA:66,20
DA:67,20
DA:68,20
DA:69,20
DA:70,20
DA:71,20
DA:72,20
DA:73,20
DA:74,20
DA:75,20
DA:76,20
DA:77,40
DA:78,60
DA:79,20
DA:80,20
DA:81,20
DA:82,20
DA:83,20
DA:84,20
DA:85,20
DA:86,20
DA:87,20
DA:88,20
DA:89,20
DA:90,20
DA:91,20
DA:92,20
DA:93,20
DA:94,20
DA:95,20
DA:96,20
DA:97,20
DA:98,20
DA:99,20
DA:100,20
DA:101,20
DA:102,20
DA:103,20
DA:104,20
DA:105,20
DA:106,20
DA:107,20
DA:108,20
DA:109,20
DA:110,20
DA:111,20
DA:112,20
DA:113,20
DA:114,1
DA:115,1
DA:116,20
DA:117,20
DA:118,20
DA:119,20
DA:120,20
DA:121,20
DA:122,20
DA:123,20
DA:124,20
DA:125,20
DA:126,20
DA:127,20
DA:128,20
DA:129,20
DA:130,20
DA:131,20
DA:132,20
DA:133,20
DA:134,20
DA:135,20
DA:136,20
DA:137,20
DA:138,20
DA:139,20
DA:140,20
DA:141,20
DA:142,20
DA:143,20
DA:144,20
DA:145,20
DA:146,20
DA:147,20
DA:148,20
DA:149,20
DA:150,20
DA:151,20
DA:152,20
DA:153,20
DA:154,20
DA:155,20
DA:156,20
DA:157,20
DA:158,20
DA:159,20
DA:160,20
DA:161,20
DA:162,20
DA:163,20
DA:164,20
DA:165,20
DA:166,20
DA:167,20
DA:168,20
DA:169,20
DA:170,20
DA:171,20
DA:172,20
DA:173,20
DA:174,20
DA:175,20
DA:176,20
DA:177,20
DA:178,20
DA:179,20
DA:180,20
DA:181,20
DA:182,20
DA:183,20
DA:184,20
DA:185,20
DA:186,20
DA:187,20
DA:188,20
DA:189,20
DA:190,20
DA:191,20
DA:192,20
DA:193,20
DA:194,20
DA:195,20
DA:196,20
DA:197,20
LF:197
LH:197
BRDA:29,0,0,20
BRDA:61,1,0,100
BRDA:64,2,0,40
BRDA:64,3,0,60
BRDA:76,4,0,40
BRDA:77,5,0,60
BRDA:115,6,0,20
BRF:7
BRH:7
end_of_record
TN:
SF:components/HowItWorks.tsx
FN:25,CheckIcon
FN:39,HowItWorks
FNF:2
FNH:2
FNDA:57,CheckIcon
FNDA:19,HowItWorks
DA:1,1
DA:2,1
DA:3,1
DA:4,1
DA:5,1
DA:6,1
DA:7,1
DA:8,1
DA:9,1
DA:10,1
DA:11,1
DA:12,1
DA:13,1
DA:14,1
DA:15,1
DA:16,1
DA:17,1
DA:18,1
DA:19,1
DA:20,1
DA:21,1
DA:22,1
DA:23,1
DA:24,1
DA:25,57
DA:26,57
DA:27,57
DA:28,57
DA:29,57
DA:30,57
DA:31,57
DA:32,57
DA:33,57
DA:34,57
DA:35,57
DA:36,57
DA:37,57
DA:38,1
DA:39,1
DA:40,19
DA:41,19
DA:42,19
DA:43,19
DA:44,19
DA:45,19
DA:46,19
DA:47,19
DA:48,19
DA:49,19
DA:50,19
DA:51,19
DA:52,19
DA:53,19
DA:54,19
DA:55,19
DA:56,19
DA:57,19
DA:58,19
DA:59,19
DA:60,19
DA:61,19
DA:62,19
DA:63,19
DA:64,19
DA:65,19
DA:66,19
DA:67,19
DA:68,19
DA:69,19
DA:70,19
DA:71,19
DA:72,19
DA:73,19
DA:74,19
DA:75,19
DA:76,19
DA:77,19
DA:78,19
DA:79,19
DA:80,19
DA:81,19
DA:82,19
DA:83,19
DA:84,19
DA:85,19
DA:86,19
DA:87,19
DA:88,19
DA:89,19
DA:90,19
DA:91,19
DA:92,19
DA:93,19
DA:94,19
DA:95,19
DA:96,19
DA:97,19
LF:97
LH:97
BRDA:25,0,0,57
BRDA:39,1,0,19
BRDA:73,2,0,57
BRF:3
BRH:3
end_of_record
TN:
SF:components/Navigation.tsx
FN:6,TendrLogo
FN:21,Navigation
FN:29,handleScroll
FN:49,handleMenuKeyDown
FN:127,onClick
FNF:5
FNH:5
FNDA:45,TendrLogo
FNDA:45,Navigation
FNDA:1,handleScroll
FNDA:4,handleMenuKeyDown
FNDA:10,onClick
DA:1,1
DA:2,1
DA:3,1
DA:4,1
DA:5,1
DA:6,45
DA:7,45
DA:8,45
DA:9,45
DA:10,45
DA:11,1
DA:12,1
DA:13,1
DA:14,1
DA:15,1
DA:16,1
DA:17,1
DA:18,1
DA:19,1
DA:20,1
DA:21,1
DA:22,45
DA:23,45
DA:24,45
DA:25,45
DA:26,45
DA:27,45
DA:28,45
DA:29,31
DA:30,1
DA:31,1
DA:32,31
DA:33,31
DA:34,45
DA:35,45
DA:36,45
DA:37,45
DA:38,44
DA:39,9
DA:40,9
DA:41,9
DA:42,45
DA:43,45
DA:44,45
DA:45,3
DA:46,3
DA:47,45
DA:48,45
DA:49,45
DA:50,4
DA:51,1
DA:52,1
DA:53,1
DA:54,3
DA:55,4
DA:56,2
DA:57,2
DA:58,2
DA:59,2
DA:60,2
DA:61,2
DA:62,2
DA:63,1
DA:64,1
DA:65,1
DA:66,1
DA:67,1
DA:68,1
DA:69,1
DA:70,1
DA:71,1
DA:72,1
DA:73,1
DA:74,1
DA:75,2
DA:76,4
DA:77,45
DA:78,45
DA:79,45
DA:80,45
DA:81,45
DA:82,45
DA:83,45
DA:84,45
DA:85,45
DA:86,45
DA:87,45
DA:88,45
DA:89,45
DA:90,45
DA:91,45
DA:92,45
DA:93,45
DA:94,45
DA:95,45
DA:96,180
DA:97,45
DA:98,45
DA:99,45
DA:100,45
DA:101,45
DA:102,45
DA:103,45
DA:104,45
DA:105,45
DA:106,45
DA:107,45
DA:108,45
DA:109,45
DA:110,45
DA:111,45
DA:112,45
DA:113,45
DA:114,45
DA:115,45
DA:116,45
DA:117,45
DA:118,45
DA:119,45
DA:120,45
DA:121,45
DA:122,45
DA:123,45
DA:124,45
DA:125,45
DA:126,45
DA:127,45
DA:128,45
DA:129,45
DA:130,45
DA:131,45
DA:132,45
DA:133,9
DA:134,9
DA:135,9
DA:136,9
DA:137,45
DA:138,45
DA:139,45
DA:140,45
DA:141,45
DA:142,45
DA:143,45
DA:144,45
DA:145,45
DA:146,45
DA:147,45
DA:148,45
DA:149,45
DA:150,45
DA:151,45
DA:152,45
DA:153,45
DA:154,36
DA:155,36
DA:156,45
DA:157,45
DA:158,45
DA:159,45
DA:160,45
DA:161,45
DA:162,45
DA:163,45
DA:164,45
DA:165,45
DA:166,45
DA:167,45
DA:168,45
DA:169,45
DA:170,45
DA:171,45
DA:172,45
DA:173,45
DA:174,45
DA:175,45
DA:176,45
DA:177,45
DA:178,45
DA:179,45
DA:180,45
DA:181,45
LF:181
LH:181
BRDA:6,0,0,45
BRDA:21,1,0,45
BRDA:81,2,0,1
BRDA:81,3,0,44
BRDA:130,4,0,9
BRDA:130,5,0,36
BRDA:132,6,0,9
BRDA:28,7,0,31
BRDA:29,8,0,1
BRDA:33,9,0,31
BRDA:37,10,0,44
BRDA:38,11,0,9
BRDA:38,12,0,9
BRDA:44,13,0,3
BRDA:49,14,0,4
BRDA:50,15,0,1
BRDA:53,16,0,3
BRDA:55,17,0,2
BRDA:55,18,0,2
BRDA:62,19,0,1
BRDA:95,20,0,180
BRDA:127,21,0,10
BRDA:127,22,0,10
BRDA:153,23,0,36
BRF:24
BRH:24
end_of_record
TN:
SF:components/Pricing.tsx
FN:31,Pricing
FNF:1
FNH:1
FNDA:22,Pricing
DA:1,1
DA:2,1
DA:3,1
DA:4,1
DA:5,1
DA:6,1
DA:7,1
DA:8,1
DA:9,1
DA:10,1
DA:11,1
DA:12,1
DA:13,1
DA:14,1
DA:15,1
DA:16,1
DA:17,1
DA:18,1
DA:19,1
DA:20,1
DA:21,1
DA:22,1
DA:23,1
DA:24,1
DA:25,1
DA:26,1
DA:27,1
DA:28,1
DA:29,1
DA:30,1
DA:31,1
DA:32,22
DA:33,22
DA:34,22
DA:35,22
DA:36,22
DA:37,22
DA:38,22
DA:39,22
DA:40,22
DA:41,22
DA:42,22
DA:43,22
DA:44,22
DA:45,22
DA:46,22
DA:47,22
DA:48,22
DA:49,22
DA:50,22
DA:51,22
DA:52,22
DA:53,22
DA:54,22
DA:55,22
DA:56,22
DA:57,22
DA:58,22
DA:59,66
DA:60,66
DA:61,22
DA:62,22
DA:63,22
DA:64,22
DA:65,22
DA:66,22
DA:67,22
DA:68,22
DA:69,22
DA:70,22
DA:71,22
DA:72,22
DA:73,22
DA:74,22
DA:75,22
DA:76,22
DA:77,22
DA:78,22
DA:79,22
DA:80,22
DA:81,22
DA:82,22
DA:83,22
DA:84,22
DA:85,22
DA:86,22
DA:87,22
DA:88,22
DA:89,22
DA:90,22
DA:91,22
LF:91
LH:91
BRDA:31,0,0,22
BRDA:58,1,0,66
BRF:2
BRH:2
end_of_record
TN:
SF:components/Stats.tsx
FN:24,Stats
FNF:1
FNH:1
FNDA:16,Stats
DA:1,1
DA:2,1
DA:3,1
DA:4,1
DA:5,1
DA:6,1
DA:7,1
DA:8,1
DA:9,1
DA:10,1
DA:11,1
DA:12,1
DA:13,1
DA:14,1
DA:15,1
DA:16,1
DA:17,1
DA:18,1
DA:19,1
DA:20,1
DA:21,1
DA:22,1
DA:23,1
DA:24,1
DA:25,16
DA:26,16
DA:27,16
DA:28,16
DA:29,16
DA:30,64
DA:31,64
DA:32,16
DA:33,16
DA:34,16
DA:35,16
DA:36,16
DA:37,16
DA:38,16
DA:39,16
DA:40,16
DA:41,16
DA:42,16
DA:43,16
DA:44,16
DA:45,16
DA:46,16
DA:47,16
DA:48,16
LF:48
LH:48
BRDA:24,0,0,16
BRDA:29,1,0,64
BRF:2
BRH:2
end_of_record
TN:
SF:lib/api-response.ts
FN:3,unauthorized
FN:7,forbidden
FN:11,badRequest
FN:15,notFound
FN:19,serverError
FN:23,badGateway
FN:27,unsupportedMedia
FN:31,payloadTooLarge
FN:35,unprocessableEntity
FN:39,ok
FN:43,created
FNF:11
FNH:11
FNDA:10,unauthorized
FNDA:7,forbidden
FNDA:25,badRequest
FNDA:6,notFound
FNDA:15,serverError
FNDA:5,badGateway
FNDA:3,unsupportedMedia
FNDA:3,payloadTooLarge
FNDA:3,unprocessableEntity
FNDA:21,ok
FNDA:20,created
DA:1,1
DA:2,1
DA:3,1
DA:4,10
DA:5,10
DA:6,1
DA:7,1
DA:8,7
DA:9,7
DA:10,1
DA:11,1
DA:12,25
DA:13,25
DA:14,1
DA:15,1
DA:16,6
DA:17,6
DA:18,1
DA:19,1
DA:20,15
DA:21,15
DA:22,1
DA:23,1
DA:24,5
DA:25,5
DA:26,1
DA:27,1
DA:28,3
DA:29,3
DA:30,1
DA:31,1
DA:32,3
DA:33,3
DA:34,1
DA:35,1
DA:36,3
DA:37,3
DA:38,1
DA:39,1
DA:40,21
DA:41,21
DA:42,1
DA:43,1
DA:44,20
DA:45,20
LF:45
LH:45
BRDA:3,0,0,10
BRDA:7,1,0,7
BRDA:11,2,0,25
BRDA:15,3,0,6
BRDA:19,4,0,15
BRDA:23,5,0,5
BRDA:27,6,0,3
BRDA:31,7,0,3
BRDA:35,8,0,3
BRDA:39,9,0,21
BRDA:43,10,0,20
BRF:11
BRH:11
end_of_record
TN:
SF:lib/auth.ts
FN:4,getTenantId
FNF:1
FNH:1
FNDA:47,getTenantId
DA:1,1
DA:2,1
DA:3,1
DA:4,1
DA:5,47
DA:6,47
DA:7,47
DA:8,47
DA:9,47
DA:10,47
DA:11,47
LF:11
LH:11
BRDA:4,0,0,47
BRDA:10,1,0,42
BRDA:10,2,0,5
BRF:3
BRH:3
end_of_record
TN:
SF:lib/constants.ts
FNF:0
FNH:0
DA:1,1
DA:2,1
DA:3,1
DA:4,1
DA:5,1
DA:6,1
DA:7,1
DA:8,1
DA:9,1
DA:10,1
DA:11,1
DA:12,1
LF:12
LH:12
BRF:0
BRH:0
end_of_record
TN:
SF:lib/embed.ts
FN:4,getClient
FN:11,embedChunks
FNF:2
FNH:2
FNDA:6,getClient
FNDA:6,embedChunks
DA:1,1
DA:2,1
DA:3,1
DA:4,6
DA:5,6
DA:6,6
DA:7,6
DA:8,1
DA:9,1
DA:10,1
DA:11,1
DA:12,6
DA:13,6
DA:14,6
DA:15,8
DA:16,8
DA:17,8
DA:18,8
DA:19,8
DA:20,8
DA:21,8
DA:22,8
DA:23,8
DA:24,8
DA:25,8
DA:26,8
LF:26
LH:26
BRDA:4,0,0,6
BRDA:5,1,0,1
BRDA:11,2,0,6
BRDA:14,3,0,8
BRDA:21,4,0,447
BRDA:22,5,0,454
BRF:6
BRH:6
end_of_record
TN:
SF:lib/pdf.ts
FN:4,PdfParseError
FN:10,chunkText
FN:22,extractAndChunk
FNF:3
FNH:3
FNDA:1,PdfParseError
FNDA:12,chunkText
FNDA:8,extractAndChunk
DA:1,1
DA:2,1
DA:3,1
DA:4,1
DA:5,1
DA:6,1
DA:7,1
DA:8,1
DA:9,1
DA:10,1
DA:11,12
DA:12,12
DA:13,12
DA:14,12
DA:15,12
DA:16,13
DA:17,13
DA:18,13
DA:19,12
DA:20,12
DA:21,1
DA:22,1
DA:23,8
DA:24,8
DA:25,8
DA:26,8
DA:27,8
DA:28,4
DA:29,4
DA:30,4
DA:31,1
DA:32,1
DA:33,3
DA:34,8
DA:35,8
DA:36,8
DA:37,8
LF:37
LH:37
BRDA:4,0,0,1
BRDA:10,1,0,12
BRDA:15,2,0,13
BRDA:22,3,0,8
BRDA:27,4,0,4
BRDA:30,5,0,3
BRDA:30,6,0,1
BRDA:32,7,0,3
BRDA:34,8,0,0
BRF:9
BRH:8
end_of_record
TN:
SF:lib/sms-consent.ts
FNF:0
FNH:0
DA:1,1
DA:2,1
DA:3,1
DA:4,1
DA:5,1
DA:6,1
DA:7,1
DA:8,1
DA:9,1
LF:9
LH:9
BRF:0
BRH:0
end_of_record
TN:
SF:lib/twilio.ts
FN:4,getClient
FN:9,sendSms
FNF:2
FNH:2
FNDA:6,getClient
FNDA:6,sendSms
DA:1,1
DA:2,1
DA:3,1
DA:4,6
DA:5,6
DA:6,6
DA:7,6
DA:8,1
DA:9,1
DA:10,6
DA:11,5
LF:11
LH:11
BRDA:4,0,0,6
BRDA:5,1,0,4
BRDA:9,2,0,6
BRDA:10,3,0,5
BRF:4
BRH:4
end_of_record
TN:
SF:lib/validators.ts
FN:3,normalizePhone
FN:11,isValidPhone
FN:15,isValidEmail
FNF:3
FNH:3
FNDA:26,normalizePhone
FNDA:17,isValidPhone
FNDA:22,isValidEmail
DA:1,1
DA:2,1
DA:3,1
DA:4,26
DA:5,26
DA:6,4
DA:7,4
DA:8,26
DA:9,26
DA:10,1
DA:11,1
DA:12,17
DA:13,17
DA:14,1
DA:15,1
DA:16,22
DA:17,22
LF:17
LH:17
BRDA:3,0,0,26
BRDA:5,1,0,23
BRDA:5,2,0,4
BRDA:7,3,0,22
BRDA:8,4,0,19
BRDA:8,5,0,3
BRDA:11,6,0,17
BRDA:15,7,0,22
BRF:8
BRH:8
end_of_record
TN:
SF:lib/api/client.ts
FN:1,sendMessage
FN:9,createReminder
FN:21,updateReminder
FN:32,deleteReminder
FN:36,uploadWarrantyDoc
FN:43,submitSmsEnrollment
FN:51,updateHomeownerPhone
FN:59,setRemindersPaused
FNF:8
FNH:8
FNDA:10,sendMessage
FNDA:4,createReminder
FNDA:4,updateReminder
FNDA:4,deleteReminder
FNDA:8,uploadWarrantyDoc
FNDA:11,submitSmsEnrollment
FNDA:2,updateHomeownerPhone
FNDA:7,setRemindersPaused
DA:1,1
DA:2,10
DA:3,10
DA:4,10
DA:5,10
DA:6,10
DA:7,10
DA:8,1
DA:9,1
DA:10,4
DA:11,4
DA:12,4
DA:13,4
DA:14,4
DA:15,4
DA:16,4
DA:17,4
DA:18,4
DA:19,4
DA:20,1
DA:21,1
DA:22,4
DA:23,4
DA:24,4
DA:25,4
DA:26,4
DA:27,4
DA:28,4
DA:29,4
DA:30,4
DA:31,1
DA:32,1
DA:33,4
DA:34,4
DA:35,1
DA:36,1
DA:37,8
DA:38,8
DA:39,8
DA:40,8
DA:41,8
DA:42,1
DA:43,1
DA:44,11
DA:45,11
DA:46,11
DA:47,11
DA:48,11
DA:49,11
DA:50,1
DA:51,1
DA:52,2
DA:53,2
DA:54,2
DA:55,2
DA:56,2
DA:57,2
DA:58,1
DA:59,1
DA:60,7
DA:61,7
DA:62,7
DA:63,7
DA:64,7
DA:65,7
LF:65
LH:65
BRDA:1,0,0,10
BRDA:9,1,0,4
BRDA:21,2,0,4
BRDA:32,3,0,4
BRDA:36,4,0,8
BRDA:43,5,0,11
BRDA:51,6,0,2
BRDA:59,7,0,7
BRF:8
BRH:8
end_of_record
TN:
SF:lib/services/messaging.ts
FN:6,sendMessageToHomeowner
FNF:1
FNH:1
FNDA:14,sendMessageToHomeowner
DA:1,1
DA:2,1
DA:3,1
DA:4,1
DA:5,1
DA:6,1
DA:7,14
DA:8,14
DA:9,14
DA:10,14
DA:11,14
DA:12,14
DA:13,14
DA:14,14
DA:15,14
DA:16,14
DA:17,14
DA:18,14
DA:19,12
DA:20,12
DA:21,12
DA:22,12
DA:23,12
DA:24,12
DA:25,12
DA:26,14
DA:27,2
DA:28,2
DA:29,10
DA:30,10
DA:31,10
DA:32,10
DA:33,10
DA:34,10
DA:35,6
DA:36,6
DA:37,6
DA:38,6
DA:39,6
DA:40,6
DA:41,6
DA:42,6
DA:43,14
DA:44,2
DA:45,2
DA:46,2
DA:47,2
DA:48,2
DA:49,4
DA:50,4
DA:51,4
LF:51
LH:51
BRDA:6,0,0,14
BRDA:18,1,0,2
BRDA:18,2,0,12
BRDA:26,3,0,2
BRDA:28,4,0,10
BRDA:34,5,0,4
BRDA:34,6,0,6
BRDA:43,7,0,9
BRDA:43,8,0,2
BRDA:48,9,0,4
BRDA:31,10,0,6
BRDA:32,11,0,4
BRF:12
BRH:12
end_of_record
TN:
SF:lib/services/warrantyDocs.ts
FN:8,uploadWarrantyDoc
FNF:1
FNH:1
FNDA:20,uploadWarrantyDoc
DA:1,1
DA:2,1
DA:3,1
DA:4,1
DA:5,1
DA:6,1
DA:7,1
DA:8,1
DA:9,20
DA:10,20
DA:11,20
DA:12,20
DA:13,20
DA:14,20
DA:15,20
DA:16,20
DA:17,20
DA:18,20
DA:19,2
DA:20,1
DA:21,1
DA:22,1
DA:23,1
DA:24,20
DA:25,2
DA:26,2
DA:27,16
DA:28,16
DA:29,16
DA:30,16
DA:31,20
DA:32,2
DA:33,2
DA:34,14
DA:35,14
DA:36,14
DA:37,14
DA:38,14
DA:39,14
DA:40,14
DA:41,14
DA:42,20
DA:43,20
DA:44,20
DA:45,28
DA:46,28
DA:47,28
DA:48,28
DA:49,28
DA:50,28
DA:51,20
DA:52,20
DA:53,14
DA:54,20
DA:55,1
DA:56,1
DA:57,13
DA:58,20
DA:59,4
DA:60,4
DA:61,4
DA:62,4
DA:63,4
DA:64,4
DA:65,2
DA:66,2
DA:67,2
DA:68,2
DA:69,2
DA:70,4
DA:71,11
DA:72,11
DA:73,11
LF:73
LH:73
BRDA:8,0,0,20
BRDA:17,1,0,18
BRDA:18,2,0,2
BRDA:19,3,0,1
BRDA:23,4,0,18
BRDA:24,5,0,2
BRDA:26,6,0,16
BRDA:30,7,0,14
BRDA:31,8,0,2
BRDA:33,9,0,14
BRDA:42,10,0,1
BRDA:52,11,0,14
BRDA:54,12,0,1
BRDA:56,13,0,13
BRDA:58,14,0,4
BRDA:64,15,0,2
BRDA:70,16,0,11
BRDA:42,17,0,5
BRDA:44,18,0,28
BRF:19
BRH:19
end_of_record
TN:
SF:lib/supabase/client.ts
FN:3,createClient
FNF:1
FNH:1
FNDA:5,createClient
DA:1,1
DA:2,1
DA:3,1
DA:4,5
DA:5,5
DA:6,5
DA:7,5
DA:8,5
LF:8
LH:8
BRDA:3,0,0,5
BRF:1
BRH:1
end_of_record
TN:
SF:lib/supabase/server.ts
FN:4,createClient
FN:11,getAll
FN:14,setAll
FNF:3
FNH:3
FNDA:4,createClient
FNDA:1,getAll
FNDA:2,setAll
DA:1,1
DA:2,1
DA:3,1
DA:4,1
DA:5,4
DA:6,4
DA:7,4
DA:8,4
DA:9,4
DA:10,4
DA:11,4
DA:12,1
DA:13,1
DA:14,4
DA:15,2
DA:16,2
DA:17,3
DA:18,2
DA:19,2
DA:20,1
DA:21,1
DA:22,1
DA:23,2
DA:24,4
DA:25,4
DA:26,4
DA:27,4
LF:27
LH:27
BRDA:4,0,0,4
BRDA:11,1,0,1
BRDA:14,2,0,2
BRDA:19,3,0,1
BRDA:16,4,0,3
BRF:5
BRH:5
end_of_record
